{
"contracts\\BytesToTypes.sol":{"l":{"14":0,"21":0,"22":0,"25":0,"30":0,"45":0,"46":0,"66":0,"74":0,"81":0,"88":0,"95":0,"102":0,"109":0,"116":0,"123":0,"130":0,"137":0,"144":0,"151":0,"158":0,"165":0,"172":0,"179":0,"186":0,"193":0,"200":0,"207":0,"214":0,"221":0,"228":0,"235":0,"242":0,"249":0,"256":0,"263":0,"270":0,"277":0,"284":0,"291":0,"298":0,"305":0,"312":0,"319":0,"326":0,"333":0,"340":0,"347":0,"354":0,"361":0,"368":0,"375":0,"382":0,"389":0,"396":0,"403":0,"410":0,"417":0,"424":0,"431":0,"438":0,"445":0,"452":0,"459":0,"466":0,"473":0,"480":0,"487":0,"494":0,"501":0,"508":0,"515":0},"path":"C:/Users/sebastianka/Git/thesis/application/smart-contracts/contracts/BytesToTypes.sol","s":{"1":0,"2":0,"3":0},"b":{},"f":{"1":0,"2":0,"3":0,"4":0,"5":0,"6":0,"7":0,"8":0,"9":0,"10":0,"11":0,"12":0,"13":0,"14":0,"15":0,"16":0,"17":0,"18":0,"19":0,"20":0,"21":0,"22":0,"23":0,"24":0,"25":0,"26":0,"27":0,"28":0,"29":0,"30":0,"31":0,"32":0,"33":0,"34":0,"35":0,"36":0,"37":0,"38":0,"39":0,"40":0,"41":0,"42":0,"43":0,"44":0,"45":0,"46":0,"47":0,"48":0,"49":0,"50":0,"51":0,"52":0,"53":0,"54":0,"55":0,"56":0,"57":0,"58":0,"59":0,"60":0,"61":0,"62":0,"63":0,"64":0,"65":0,"66":0,"67":0,"68":0,"69":0},"fnMap":{"1":{"name":"bytesToAddress","line":12,"loc":{"start":{"line":12,"column":4},"end":{"line":12,"column":99}}},"2":{"name":"bytesToBool","line":19,"loc":{"start":{"line":19,"column":4},"end":{"line":19,"column":93}}},"3":{"name":"getStringSize","line":28,"loc":{"start":{"line":28,"column":4},"end":{"line":28,"column":90}}},"4":{"name":"bytesToString","line":43,"loc":{"start":{"line":43,"column":4},"end":{"line":43,"column":94}}},"5":{"name":"bytesToBytes32","line":64,"loc":{"start":{"line":64,"column":4},"end":{"line":64,"column":91}}},"6":{"name":"bytesToInt8","line":72,"loc":{"start":{"line":72,"column":4},"end":{"line":72,"column":94}}},"7":{"name":"bytesToInt16","line":79,"loc":{"start":{"line":79,"column":4},"end":{"line":79,"column":95}}},"8":{"name":"bytesToInt24","line":86,"loc":{"start":{"line":86,"column":4},"end":{"line":86,"column":95}}},"9":{"name":"bytesToInt32","line":93,"loc":{"start":{"line":93,"column":4},"end":{"line":93,"column":95}}},"10":{"name":"bytesToInt40","line":100,"loc":{"start":{"line":100,"column":4},"end":{"line":100,"column":95}}},"11":{"name":"bytesToInt48","line":107,"loc":{"start":{"line":107,"column":4},"end":{"line":107,"column":95}}},"12":{"name":"bytesToInt56","line":114,"loc":{"start":{"line":114,"column":4},"end":{"line":114,"column":95}}},"13":{"name":"bytesToInt64","line":121,"loc":{"start":{"line":121,"column":4},"end":{"line":121,"column":95}}},"14":{"name":"bytesToInt72","line":128,"loc":{"start":{"line":128,"column":4},"end":{"line":128,"column":95}}},"15":{"name":"bytesToInt80","line":135,"loc":{"start":{"line":135,"column":4},"end":{"line":135,"column":95}}},"16":{"name":"bytesToInt88","line":142,"loc":{"start":{"line":142,"column":4},"end":{"line":142,"column":95}}},"17":{"name":"bytesToInt96","line":149,"loc":{"start":{"line":149,"column":4},"end":{"line":149,"column":95}}},"18":{"name":"bytesToInt104","line":156,"loc":{"start":{"line":156,"column":1},"end":{"line":156,"column":97}}},"19":{"name":"bytesToInt112","line":163,"loc":{"start":{"line":163,"column":4},"end":{"line":163,"column":97}}},"20":{"name":"bytesToInt120","line":170,"loc":{"start":{"line":170,"column":4},"end":{"line":170,"column":97}}},"21":{"name":"bytesToInt128","line":177,"loc":{"start":{"line":177,"column":4},"end":{"line":177,"column":97}}},"22":{"name":"bytesToInt136","line":184,"loc":{"start":{"line":184,"column":4},"end":{"line":184,"column":97}}},"23":{"name":"bytesToInt144","line":191,"loc":{"start":{"line":191,"column":4},"end":{"line":191,"column":97}}},"24":{"name":"bytesToInt152","line":198,"loc":{"start":{"line":198,"column":4},"end":{"line":198,"column":97}}},"25":{"name":"bytesToInt160","line":205,"loc":{"start":{"line":205,"column":4},"end":{"line":205,"column":97}}},"26":{"name":"bytesToInt168","line":212,"loc":{"start":{"line":212,"column":4},"end":{"line":212,"column":97}}},"27":{"name":"bytesToInt176","line":219,"loc":{"start":{"line":219,"column":4},"end":{"line":219,"column":97}}},"28":{"name":"bytesToInt184","line":226,"loc":{"start":{"line":226,"column":4},"end":{"line":226,"column":97}}},"29":{"name":"bytesToInt192","line":233,"loc":{"start":{"line":233,"column":4},"end":{"line":233,"column":97}}},"30":{"name":"bytesToInt200","line":240,"loc":{"start":{"line":240,"column":4},"end":{"line":240,"column":97}}},"31":{"name":"bytesToInt208","line":247,"loc":{"start":{"line":247,"column":4},"end":{"line":247,"column":97}}},"32":{"name":"bytesToInt216","line":254,"loc":{"start":{"line":254,"column":4},"end":{"line":254,"column":97}}},"33":{"name":"bytesToInt224","line":261,"loc":{"start":{"line":261,"column":4},"end":{"line":261,"column":97}}},"34":{"name":"bytesToInt232","line":268,"loc":{"start":{"line":268,"column":4},"end":{"line":268,"column":97}}},"35":{"name":"bytesToInt240","line":275,"loc":{"start":{"line":275,"column":4},"end":{"line":275,"column":97}}},"36":{"name":"bytesToInt248","line":282,"loc":{"start":{"line":282,"column":4},"end":{"line":282,"column":97}}},"37":{"name":"bytesToInt256","line":289,"loc":{"start":{"line":289,"column":4},"end":{"line":289,"column":97}}},"38":{"name":"bytesToUint8","line":296,"loc":{"start":{"line":296,"column":1},"end":{"line":296,"column":95}}},"39":{"name":"bytesToUint16","line":303,"loc":{"start":{"line":303,"column":1},"end":{"line":303,"column":97}}},"40":{"name":"bytesToUint24","line":310,"loc":{"start":{"line":310,"column":1},"end":{"line":310,"column":97}}},"41":{"name":"bytesToUint32","line":317,"loc":{"start":{"line":317,"column":1},"end":{"line":317,"column":97}}},"42":{"name":"bytesToUint40","line":324,"loc":{"start":{"line":324,"column":1},"end":{"line":324,"column":97}}},"43":{"name":"bytesToUint48","line":331,"loc":{"start":{"line":331,"column":1},"end":{"line":331,"column":97}}},"44":{"name":"bytesToUint56","line":338,"loc":{"start":{"line":338,"column":1},"end":{"line":338,"column":97}}},"45":{"name":"bytesToUint64","line":345,"loc":{"start":{"line":345,"column":1},"end":{"line":345,"column":97}}},"46":{"name":"bytesToUint72","line":352,"loc":{"start":{"line":352,"column":1},"end":{"line":352,"column":97}}},"47":{"name":"bytesToUint80","line":359,"loc":{"start":{"line":359,"column":1},"end":{"line":359,"column":97}}},"48":{"name":"bytesToUint88","line":366,"loc":{"start":{"line":366,"column":1},"end":{"line":366,"column":97}}},"49":{"name":"bytesToUint96","line":373,"loc":{"start":{"line":373,"column":1},"end":{"line":373,"column":97}}},"50":{"name":"bytesToUint104","line":380,"loc":{"start":{"line":380,"column":1},"end":{"line":380,"column":99}}},"51":{"name":"bytesToUint112","line":387,"loc":{"start":{"line":387,"column":4},"end":{"line":387,"column":99}}},"52":{"name":"bytesToUint120","line":394,"loc":{"start":{"line":394,"column":4},"end":{"line":394,"column":99}}},"53":{"name":"bytesToUint128","line":401,"loc":{"start":{"line":401,"column":4},"end":{"line":401,"column":99}}},"54":{"name":"bytesToUint136","line":408,"loc":{"start":{"line":408,"column":4},"end":{"line":408,"column":99}}},"55":{"name":"bytesToUint144","line":415,"loc":{"start":{"line":415,"column":4},"end":{"line":415,"column":99}}},"56":{"name":"bytesToUint152","line":422,"loc":{"start":{"line":422,"column":4},"end":{"line":422,"column":99}}},"57":{"name":"bytesToUint160","line":429,"loc":{"start":{"line":429,"column":4},"end":{"line":429,"column":99}}},"58":{"name":"bytesToUint168","line":436,"loc":{"start":{"line":436,"column":4},"end":{"line":436,"column":99}}},"59":{"name":"bytesToUint176","line":443,"loc":{"start":{"line":443,"column":4},"end":{"line":443,"column":99}}},"60":{"name":"bytesToUint184","line":450,"loc":{"start":{"line":450,"column":4},"end":{"line":450,"column":99}}},"61":{"name":"bytesToUint192","line":457,"loc":{"start":{"line":457,"column":4},"end":{"line":457,"column":99}}},"62":{"name":"bytesToUint200","line":464,"loc":{"start":{"line":464,"column":4},"end":{"line":464,"column":99}}},"63":{"name":"bytesToUint208","line":471,"loc":{"start":{"line":471,"column":4},"end":{"line":471,"column":99}}},"64":{"name":"bytesToUint216","line":478,"loc":{"start":{"line":478,"column":4},"end":{"line":478,"column":99}}},"65":{"name":"bytesToUint224","line":485,"loc":{"start":{"line":485,"column":4},"end":{"line":485,"column":99}}},"66":{"name":"bytesToUint232","line":492,"loc":{"start":{"line":492,"column":4},"end":{"line":492,"column":99}}},"67":{"name":"bytesToUint240","line":499,"loc":{"start":{"line":499,"column":4},"end":{"line":499,"column":99}}},"68":{"name":"bytesToUint248","line":506,"loc":{"start":{"line":506,"column":4},"end":{"line":506,"column":99}}},"69":{"name":"bytesToUint256","line":513,"loc":{"start":{"line":513,"column":4},"end":{"line":513,"column":99}}}},"statementMap":{"1":{"start":{"line":21,"column":8},"end":{"line":21,"column":15}},"2":{"start":{"line":25,"column":8},"end":{"line":25,"column":46}},"3":{"start":{"line":45,"column":8},"end":{"line":45,"column":22}}},"branchMap":{}},
"contracts\\DateLib.sol":{"l":{"26":0,"27":0,"28":0,"31":0,"32":0,"34":0,"35":0,"37":0,"38":0,"39":0,"42":0,"44":0,"46":0,"50":0,"54":0,"58":0,"62":0,"66":0,"71":0,"75":0,"76":0,"78":0,"79":0,"81":0,"82":0,"84":0,"88":0,"89":0,"93":0,"94":0,"97":0,"100":0,"103":0,"108":0,"112":0,"113":0,"114":0,"117":0,"118":0,"120":0,"121":0,"124":0,"125":0,"126":0,"127":0,"128":0,"129":0,"131":0,"135":0,"136":0,"137":0,"138":0,"140":0,"144":0,"147":0,"150":0,"153":0,"157":0,"158":0,"162":0,"165":0,"166":0,"167":0,"170":0,"175":0,"176":0,"177":0,"178":0,"181":0,"183":0,"184":0,"185":0,"186":0,"187":0,"188":0,"189":0,"190":0,"191":0,"192":0,"194":0,"195":0,"199":0,"202":0,"205":0,"208":0,"210":0},"path":"C:/Users/sebastianka/Git/thesis/application/smart-contracts/contracts/DateLib.sol","s":{"1":0,"2":0,"3":0,"4":0,"5":0,"6":0,"7":0,"8":0,"9":0,"10":0,"11":0,"12":0,"13":0,"14":0,"15":0,"16":0,"17":0,"18":0,"19":0,"20":0,"21":0,"22":0,"23":0,"24":0,"25":0,"26":0,"27":0,"28":0,"29":0,"30":0,"31":0,"32":0,"33":0,"34":0,"35":0,"36":0,"37":0,"38":0,"39":0,"40":0,"41":0,"42":0,"43":0,"44":0,"45":0,"46":0,"47":0,"48":0,"49":0,"50":0,"51":0,"52":0,"53":0,"54":0,"55":0,"56":0,"57":0,"58":0,"59":0,"60":0,"61":0,"62":0,"63":0,"64":0,"65":0,"66":0,"67":0,"68":0,"69":0,"70":0,"71":0,"72":0,"73":0,"74":0,"75":0,"76":0,"77":0,"78":0,"79":0,"80":0,"81":0,"82":0,"83":0,"84":0,"85":0,"86":0},"b":{"1":[0,0],"2":[0,0],"3":[0,0],"4":[0,0],"5":[0,0],"6":[0,0],"7":[0,0],"8":[0,0],"9":[0,0],"10":[0,0],"11":[0,0]},"f":{"1":0,"2":0,"3":0,"4":0,"5":0,"6":0,"7":0,"8":0,"9":0,"10":0,"11":0,"12":0,"13":0,"14":0},"fnMap":{"1":{"name":"_getYear","line":25,"loc":{"start":{"line":25,"column":4},"end":{"line":25,"column":66}}},"2":{"name":"_getMonth","line":49,"loc":{"start":{"line":49,"column":4},"end":{"line":49,"column":66}}},"3":{"name":"_getDay","line":53,"loc":{"start":{"line":53,"column":4},"end":{"line":53,"column":64}}},"4":{"name":"_getHour","line":57,"loc":{"start":{"line":57,"column":4},"end":{"line":57,"column":65}}},"5":{"name":"_getMinute","line":61,"loc":{"start":{"line":61,"column":4},"end":{"line":61,"column":67}}},"6":{"name":"_getSecond","line":65,"loc":{"start":{"line":65,"column":4},"end":{"line":65,"column":67}}},"7":{"name":"getWeekday","line":70,"loc":{"start":{"line":70,"column":4},"end":{"line":70,"column":68}}},"8":{"name":"isLeapYear","line":74,"loc":{"start":{"line":74,"column":4},"end":{"line":74,"column":64}}},"9":{"name":"leapYearsBefore","line":87,"loc":{"start":{"line":87,"column":4},"end":{"line":87,"column":67}}},"10":{"name":"getDaysInMonth","line":92,"loc":{"start":{"line":92,"column":4},"end":{"line":92,"column":83}}},"11":{"name":"fromTimestamp","line":107,"loc":{"start":{"line":107,"column":4},"end":{"line":107,"column":81}}},"12":{"name":"fromUnixTimestamp","line":111,"loc":{"start":{"line":111,"column":4},"end":{"line":111,"column":88}}},"13":{"name":"toTimestamp","line":156,"loc":{"start":{"line":156,"column":4},"end":{"line":156,"column":84}}},"14":{"name":"toUnixTimestamp","line":161,"loc":{"start":{"line":161,"column":4},"end":{"line":161,"column":88}}}},"statementMap":{"1":{"start":{"line":26,"column":8},"end":{"line":26,"column":36}},"2":{"start":{"line":27,"column":8},"end":{"line":27,"column":19}},"3":{"start":{"line":28,"column":8},"end":{"line":28,"column":25}},"4":{"start":{"line":31,"column":8},"end":{"line":31,"column":64}},"5":{"start":{"line":32,"column":8},"end":{"line":32,"column":74}},"6":{"start":{"line":34,"column":8},"end":{"line":34,"column":65}},"7":{"start":{"line":35,"column":8},"end":{"line":35,"column":83}},"8":{"start":{"line":37,"column":8},"end":{"line":37,"column":1042}},"9":{"start":{"line":38,"column":12},"end":{"line":38,"column":1102}},"10":{"start":{"line":39,"column":16},"end":{"line":39,"column":58}},"11":{"start":{"line":42,"column":16},"end":{"line":42,"column":53}},"12":{"start":{"line":44,"column":12},"end":{"line":44,"column":20}},"13":{"start":{"line":46,"column":8},"end":{"line":46,"column":19}},"14":{"start":{"line":50,"column":8},"end":{"line":50,"column":46}},"15":{"start":{"line":54,"column":8},"end":{"line":54,"column":44}},"16":{"start":{"line":58,"column":8},"end":{"line":58,"column":49}},"17":{"start":{"line":62,"column":8},"end":{"line":62,"column":44}},"18":{"start":{"line":66,"column":8},"end":{"line":66,"column":37}},"19":{"start":{"line":71,"column":8},"end":{"line":71,"column":59}},"20":{"start":{"line":75,"column":8},"end":{"line":75,"column":2234}},"21":{"start":{"line":76,"column":12},"end":{"line":76,"column":24}},"22":{"start":{"line":78,"column":8},"end":{"line":78,"column":2303}},"23":{"start":{"line":79,"column":12},"end":{"line":79,"column":23}},"24":{"start":{"line":81,"column":8},"end":{"line":81,"column":2373}},"25":{"start":{"line":82,"column":12},"end":{"line":82,"column":24}},"26":{"start":{"line":84,"column":8},"end":{"line":84,"column":19}},"27":{"start":{"line":88,"column":8},"end":{"line":88,"column":29}},"28":{"start":{"line":89,"column":8},"end":{"line":89,"column":49}},"29":{"start":{"line":93,"column":8},"end":{"line":93,"column":2730}},"30":{"start":{"line":94,"column":12},"end":{"line":94,"column":21}},"31":{"start":{"line":96,"column":13},"end":{"line":96,"column":2890}},"32":{"start":{"line":97,"column":12},"end":{"line":97,"column":21}},"33":{"start":{"line":99,"column":13},"end":{"line":99,"column":3004}},"34":{"start":{"line":100,"column":12},"end":{"line":100,"column":21}},"35":{"start":{"line":103,"column":12},"end":{"line":103,"column":21}},"36":{"start":{"line":108,"column":8},"end":{"line":108,"column":49}},"37":{"start":{"line":112,"column":8},"end":{"line":112,"column":36}},"38":{"start":{"line":113,"column":8},"end":{"line":113,"column":16}},"39":{"start":{"line":114,"column":8},"end":{"line":114,"column":15}},"40":{"start":{"line":117,"column":8},"end":{"line":117,"column":37}},"41":{"start":{"line":118,"column":8},"end":{"line":118,"column":68}},"42":{"start":{"line":120,"column":8},"end":{"line":120,"column":56}},"43":{"start":{"line":121,"column":8},"end":{"line":121,"column":77}},"44":{"start":{"line":124,"column":8},"end":{"line":124,"column":27}},"45":{"start":{"line":125,"column":8},"end":{"line":125,"column":3776}},"46":{"start":{"line":126,"column":12},"end":{"line":126,"column":71}},"47":{"start":{"line":127,"column":12},"end":{"line":127,"column":3896}},"48":{"start":{"line":128,"column":16},"end":{"line":128,"column":27}},"49":{"start":{"line":131,"column":12},"end":{"line":131,"column":48}},"50":{"start":{"line":135,"column":8},"end":{"line":135,"column":4109}},"51":{"start":{"line":136,"column":12},"end":{"line":136,"column":4185}},"52":{"start":{"line":137,"column":16},"end":{"line":137,"column":25}},"53":{"start":{"line":140,"column":12},"end":{"line":140,"column":48}},"54":{"start":{"line":144,"column":8},"end":{"line":144,"column":37}},"55":{"start":{"line":147,"column":8},"end":{"line":147,"column":41}},"56":{"start":{"line":150,"column":8},"end":{"line":150,"column":41}},"57":{"start":{"line":153,"column":8},"end":{"line":153,"column":42}},"58":{"start":{"line":157,"column":8},"end":{"line":157,"column":44}},"59":{"start":{"line":158,"column":8},"end":{"line":158,"column":39}},"60":{"start":{"line":162,"column":8},"end":{"line":162,"column":16}},"61":{"start":{"line":165,"column":8},"end":{"line":165,"column":4972}},"62":{"start":{"line":166,"column":12},"end":{"line":166,"column":5034}},"63":{"start":{"line":167,"column":16},"end":{"line":167,"column":48}},"64":{"start":{"line":170,"column":16},"end":{"line":170,"column":43}},"65":{"start":{"line":175,"column":8},"end":{"line":175,"column":39}},"66":{"start":{"line":176,"column":8},"end":{"line":176,"column":29}},"67":{"start":{"line":177,"column":8},"end":{"line":177,"column":5315}},"68":{"start":{"line":178,"column":12},"end":{"line":178,"column":33}},"69":{"start":{"line":181,"column":12},"end":{"line":181,"column":33}},"70":{"start":{"line":183,"column":8},"end":{"line":183,"column":29}},"71":{"start":{"line":184,"column":8},"end":{"line":184,"column":29}},"72":{"start":{"line":185,"column":8},"end":{"line":185,"column":29}},"73":{"start":{"line":186,"column":8},"end":{"line":186,"column":29}},"74":{"start":{"line":187,"column":8},"end":{"line":187,"column":29}},"75":{"start":{"line":188,"column":8},"end":{"line":188,"column":29}},"76":{"start":{"line":189,"column":8},"end":{"line":189,"column":29}},"77":{"start":{"line":190,"column":8},"end":{"line":190,"column":29}},"78":{"start":{"line":191,"column":8},"end":{"line":191,"column":30}},"79":{"start":{"line":192,"column":8},"end":{"line":192,"column":30}},"80":{"start":{"line":194,"column":8},"end":{"line":194,"column":5800}},"81":{"start":{"line":195,"column":12},"end":{"line":195,"column":62}},"82":{"start":{"line":199,"column":8},"end":{"line":199,"column":52}},"83":{"start":{"line":202,"column":8},"end":{"line":202,"column":50}},"84":{"start":{"line":205,"column":8},"end":{"line":205,"column":54}},"85":{"start":{"line":208,"column":8},"end":{"line":208,"column":32}},"86":{"start":{"line":210,"column":8},"end":{"line":210,"column":24}}},"branchMap":{"1":{"line":38,"type":"if","locations":[{"start":{"line":38,"column":12},"end":{"line":38,"column":12}},{"start":{"line":38,"column":12},"end":{"line":38,"column":12}}]},"2":{"line":75,"type":"if","locations":[{"start":{"line":75,"column":8},"end":{"line":75,"column":8}},{"start":{"line":75,"column":8},"end":{"line":75,"column":8}}]},"3":{"line":78,"type":"if","locations":[{"start":{"line":78,"column":8},"end":{"line":78,"column":8}},{"start":{"line":78,"column":8},"end":{"line":78,"column":8}}]},"4":{"line":81,"type":"if","locations":[{"start":{"line":81,"column":8},"end":{"line":81,"column":8}},{"start":{"line":81,"column":8},"end":{"line":81,"column":8}}]},"5":{"line":93,"type":"if","locations":[{"start":{"line":93,"column":8},"end":{"line":93,"column":8}},{"start":{"line":93,"column":8},"end":{"line":93,"column":8}}]},"6":{"line":96,"type":"if","locations":[{"start":{"line":96,"column":13},"end":{"line":96,"column":13}},{"start":{"line":96,"column":13},"end":{"line":96,"column":13}}]},"7":{"line":99,"type":"if","locations":[{"start":{"line":99,"column":13},"end":{"line":99,"column":13}},{"start":{"line":99,"column":13},"end":{"line":99,"column":13}}]},"8":{"line":127,"type":"if","locations":[{"start":{"line":127,"column":12},"end":{"line":127,"column":12}},{"start":{"line":127,"column":12},"end":{"line":127,"column":12}}]},"9":{"line":136,"type":"if","locations":[{"start":{"line":136,"column":12},"end":{"line":136,"column":12}},{"start":{"line":136,"column":12},"end":{"line":136,"column":12}}]},"10":{"line":166,"type":"if","locations":[{"start":{"line":166,"column":12},"end":{"line":166,"column":12}},{"start":{"line":166,"column":12},"end":{"line":166,"column":12}}]},"11":{"line":177,"type":"if","locations":[{"start":{"line":177,"column":8},"end":{"line":177,"column":8}},{"start":{"line":177,"column":8},"end":{"line":177,"column":8}}]}}},
"contracts\\IdentityOracle.sol":{"l":{"38":109,"39":58,"41":51,"49":0,"50":0,"51":0,"53":0,"55":0,"57":0,"59":0,"61":0,"69":2,"76":49,"83":1,"90":1,"101":1,"102":1,"111":45,"112":43,"120":1,"121":1,"122":1,"123":0,"125":1,"129":0,"137":1,"142":9,"148":1,"149":1,"150":1,"151":1},"path":"C:/Users/sebastianka/Git/thesis/application/smart-contracts/contracts/IdentityOracle.sol","s":{"1":109,"2":58,"3":51,"4":0,"5":0,"6":0,"7":0,"8":0,"9":0,"10":0,"11":0,"12":0,"13":0,"14":0,"15":0,"16":2,"17":49,"18":1,"19":1,"20":1,"21":1,"22":45,"23":43,"24":1,"25":1,"26":1,"27":0,"28":1,"29":0,"30":1,"31":9,"32":1,"33":1,"34":1,"35":1},"b":{"1":[58,51],"2":[0,0],"3":[0,0],"4":[0,0],"5":[0,0],"6":[0,0],"7":[1,0],"8":[43,2],"9":[1,0],"10":[0,1]},"f":{"1":109,"2":0,"3":2,"4":49,"5":1,"6":1,"7":1,"8":45,"9":1,"10":1,"11":9,"12":1},"fnMap":{"1":{"name":"identityExists","line":37,"loc":{"start":{"line":37,"column":2},"end":{"line":37,"column":71}}},"2":{"name":"getIdentityRoleName","line":48,"loc":{"start":{"line":48,"column":2},"end":{"line":48,"column":85}}},"3":{"name":"getIdentityOwner","line":68,"loc":{"start":{"line":68,"column":2},"end":{"line":68,"column":76}}},"4":{"name":"getIdentityRole","line":75,"loc":{"start":{"line":75,"column":2},"end":{"line":75,"column":72}}},"5":{"name":"getIdentityCreationTime","line":82,"loc":{"start":{"line":82,"column":2},"end":{"line":82,"column":83}}},"6":{"name":"getIdentityName","line":89,"loc":{"start":{"line":89,"column":2},"end":{"line":89,"column":81}}},"7":{"name":"addIdentityOwnedBy","line":100,"loc":{"start":{"line":100,"column":2},"end":{"line":100,"column":116}}},"8":{"name":"addIdentity","line":110,"loc":{"start":{"line":110,"column":2},"end":{"line":110,"column":93}}},"9":{"name":"deleteIdentity","line":119,"loc":{"start":{"line":119,"column":2},"end":{"line":119,"column":76}}},"10":{"name":"testConnection","line":136,"loc":{"start":{"line":136,"column":2},"end":{"line":136,"column":54}}},"11":{"name":"getAddress","line":141,"loc":{"start":{"line":141,"column":2},"end":{"line":141,"column":53}}},"12":{"name":"addTestData","line":147,"loc":{"start":{"line":147,"column":2},"end":{"line":147,"column":41}}}},"statementMap":{"1":{"start":{"line":38,"column":4},"end":{"line":38,"column":1095}},"2":{"start":{"line":39,"column":6},"end":{"line":39,"column":17}},"3":{"start":{"line":41,"column":6},"end":{"line":41,"column":18}},"4":{"start":{"line":49,"column":4},"end":{"line":49,"column":42}},"5":{"start":{"line":50,"column":4},"end":{"line":50,"column":1553}},"6":{"start":{"line":51,"column":6},"end":{"line":51,"column":27}},"7":{"start":{"line":52,"column":11},"end":{"line":52,"column":1627}},"8":{"start":{"line":53,"column":6},"end":{"line":53,"column":23}},"9":{"start":{"line":54,"column":11},"end":{"line":54,"column":1693}},"10":{"start":{"line":55,"column":6},"end":{"line":55,"column":30}},"11":{"start":{"line":56,"column":11},"end":{"line":56,"column":1773}},"12":{"start":{"line":57,"column":6},"end":{"line":57,"column":23}},"13":{"start":{"line":58,"column":11},"end":{"line":58,"column":1839}},"14":{"start":{"line":59,"column":6},"end":{"line":59,"column":21}},"15":{"start":{"line":61,"column":6},"end":{"line":61,"column":19}},"16":{"start":{"line":69,"column":4},"end":{"line":69,"column":40}},"17":{"start":{"line":76,"column":4},"end":{"line":76,"column":43}},"18":{"start":{"line":83,"column":4},"end":{"line":83,"column":37}},"19":{"start":{"line":90,"column":4},"end":{"line":90,"column":37}},"20":{"start":{"line":101,"column":4},"end":{"line":101,"column":38}},"21":{"start":{"line":102,"column":4},"end":{"line":102,"column":76}},"22":{"start":{"line":111,"column":4},"end":{"line":111,"column":38}},"23":{"start":{"line":112,"column":4},"end":{"line":112,"column":79}},"24":{"start":{"line":120,"column":4},"end":{"line":120,"column":4602}},"25":{"start":{"line":121,"column":6},"end":{"line":121,"column":76}},"26":{"start":{"line":122,"column":6},"end":{"line":122,"column":4723}},"27":{"start":{"line":123,"column":8},"end":{"line":123,"column":20}},"28":{"start":{"line":125,"column":6},"end":{"line":125,"column":17}},"29":{"start":{"line":129,"column":6},"end":{"line":129,"column":18}},"30":{"start":{"line":137,"column":4},"end":{"line":137,"column":15}},"31":{"start":{"line":142,"column":4},"end":{"line":142,"column":24}},"32":{"start":{"line":148,"column":4},"end":{"line":148,"column":106}},"33":{"start":{"line":149,"column":4},"end":{"line":149,"column":102}},"34":{"start":{"line":150,"column":4},"end":{"line":150,"column":109}},"35":{"start":{"line":151,"column":4},"end":{"line":151,"column":102}}},"branchMap":{"1":{"line":38,"type":"if","locations":[{"start":{"line":38,"column":4},"end":{"line":38,"column":4}},{"start":{"line":38,"column":4},"end":{"line":38,"column":4}}]},"2":{"line":50,"type":"if","locations":[{"start":{"line":50,"column":4},"end":{"line":50,"column":4}},{"start":{"line":50,"column":4},"end":{"line":50,"column":4}}]},"3":{"line":52,"type":"if","locations":[{"start":{"line":52,"column":11},"end":{"line":52,"column":11}},{"start":{"line":52,"column":11},"end":{"line":52,"column":11}}]},"4":{"line":54,"type":"if","locations":[{"start":{"line":54,"column":11},"end":{"line":54,"column":11}},{"start":{"line":54,"column":11},"end":{"line":54,"column":11}}]},"5":{"line":56,"type":"if","locations":[{"start":{"line":56,"column":11},"end":{"line":56,"column":11}},{"start":{"line":56,"column":11},"end":{"line":56,"column":11}}]},"6":{"line":58,"type":"if","locations":[{"start":{"line":58,"column":11},"end":{"line":58,"column":11}},{"start":{"line":58,"column":11},"end":{"line":58,"column":11}}]},"7":{"line":101,"type":"if","locations":[{"start":{"line":101,"column":4},"end":{"line":101,"column":4}},{"start":{"line":101,"column":4},"end":{"line":101,"column":4}}]},"8":{"line":111,"type":"if","locations":[{"start":{"line":111,"column":4},"end":{"line":111,"column":4}},{"start":{"line":111,"column":4},"end":{"line":111,"column":4}}]},"9":{"line":120,"type":"if","locations":[{"start":{"line":120,"column":4},"end":{"line":120,"column":4}},{"start":{"line":120,"column":4},"end":{"line":120,"column":4}}]},"10":{"line":122,"type":"if","locations":[{"start":{"line":122,"column":6},"end":{"line":122,"column":6}},{"start":{"line":122,"column":6},"end":{"line":122,"column":6}}]}}},
"contracts\\Migrations.sol":{"l":{"8":4,"12":3,"16":3,"20":0,"21":0},"path":"C:/Users/sebastianka/Git/thesis/application/smart-contracts/contracts/Migrations.sol","s":{"1":4,"2":3,"3":3,"4":0,"5":0},"b":{"1":[3,0]},"f":{"1":4,"2":3,"3":3,"4":0},"fnMap":{"1":{"name":"constructor","line":7,"loc":{"start":{"line":7,"column":2},"end":{"line":7,"column":22}}},"2":{"name":"restricted","line":11,"loc":{"start":{"line":11,"column":2},"end":{"line":11,"column":23}}},"3":{"name":"setCompleted","line":15,"loc":{"start":{"line":15,"column":2},"end":{"line":15,"column":57}}},"4":{"name":"upgrade","line":19,"loc":{"start":{"line":19,"column":2},"end":{"line":19,"column":57}}}},"statementMap":{"1":{"start":{"line":8,"column":4},"end":{"line":8,"column":21}},"2":{"start":{"line":12,"column":4},"end":{"line":12,"column":30}},"3":{"start":{"line":16,"column":4},"end":{"line":16,"column":39}},"4":{"start":{"line":20,"column":4},"end":{"line":20,"column":49}},"5":{"start":{"line":21,"column":4},"end":{"line":21,"column":50}}},"branchMap":{"1":{"line":12,"type":"if","locations":[{"start":{"line":12,"column":4},"end":{"line":12,"column":4}},{"start":{"line":12,"column":4},"end":{"line":12,"column":4}}]}}},
"contracts\\Ownable.sol":{"l":{"18":39,"26":61,"27":57,"36":0,"37":0,"38":0},"path":"C:/Users/sebastianka/Git/thesis/application/smart-contracts/contracts/Ownable.sol","s":{"1":39,"2":61,"3":0,"4":0,"5":0},"b":{"1":[57,4],"2":[0,0]},"f":{"1":39,"2":61,"3":0},"fnMap":{"1":{"name":"constructor","line":17,"loc":{"start":{"line":17,"column":4},"end":{"line":17,"column":22}}},"2":{"name":"onlyOwner","line":25,"loc":{"start":{"line":25,"column":4},"end":{"line":25,"column":22}}},"3":{"name":"transferOwnership","line":35,"loc":{"start":{"line":35,"column":4},"end":{"line":35,"column":63}}}},"statementMap":{"1":{"start":{"line":18,"column":8},"end":{"line":18,"column":25}},"2":{"start":{"line":26,"column":8},"end":{"line":26,"column":35}},"3":{"start":{"line":36,"column":8},"end":{"line":36,"column":38}},"4":{"start":{"line":37,"column":8},"end":{"line":37,"column":50}},"5":{"start":{"line":38,"column":8},"end":{"line":38,"column":23}}},"branchMap":{"1":{"line":26,"type":"if","locations":[{"start":{"line":26,"column":8},"end":{"line":26,"column":8}},{"start":{"line":26,"column":8},"end":{"line":26,"column":8}}]},"2":{"line":36,"type":"if","locations":[{"start":{"line":36,"column":8},"end":{"line":36,"column":8}},{"start":{"line":36,"column":8},"end":{"line":36,"column":8}}]}}},
"contracts\\PaymentChannel.sol":{"l":{"11":0,"12":0,"13":0,"17":0,"20":0,"27":0,"28":0,"30":0,"31":0,"36":0,"37":0,"39":0,"45":0,"46":0,"50":0,"52":0,"53":0,"54":0,"56":0,"64":0,"65":0,"68":0,"70":0,"74":0,"75":0,"76":0,"78":0,"80":0,"85":0},"path":"C:/Users/sebastianka/Git/thesis/application/smart-contracts/contracts/PaymentChannel.sol","s":{"1":0,"2":0,"3":0,"4":0,"5":0,"6":0,"7":0,"8":0,"9":0,"10":0,"11":0,"12":0,"13":0,"14":0,"15":0,"16":0,"17":0,"18":0,"19":0,"20":0,"21":0,"22":0,"23":0,"24":0,"25":0,"26":0,"27":0,"28":0},"b":{"1":[0,0],"2":[0,0],"3":[0,0],"4":[0,0],"5":[0,0],"6":[0,0],"7":[0,0],"8":[0,0]},"f":{"1":0,"2":0,"3":0,"4":0,"5":0,"6":0,"7":0,"8":0},"fnMap":{"1":{"name":"SimplePaymentChannel","line":10,"loc":{"start":{"line":10,"column":2},"end":{"line":10,"column":91}}},"2":{"name":"isValidSignature","line":16,"loc":{"start":{"line":16,"column":2},"end":{"line":16,"column":96}}},"3":{"name":"close","line":26,"loc":{"start":{"line":26,"column":2},"end":{"line":26,"column":63}}},"4":{"name":"extend","line":35,"loc":{"start":{"line":35,"column":2},"end":{"line":35,"column":47}}},"5":{"name":"claimTimeout","line":44,"loc":{"start":{"line":44,"column":2},"end":{"line":44,"column":32}}},"6":{"name":"splitSignature","line":49,"loc":{"start":{"line":49,"column":2},"end":{"line":49,"column":91}}},"7":{"name":"recoverSigner","line":73,"loc":{"start":{"line":73,"column":2},"end":{"line":73,"column":91}}},"8":{"name":"prefixed","line":84,"loc":{"start":{"line":84,"column":2},"end":{"line":84,"column":65}}}},"statementMap":{"1":{"start":{"line":11,"column":4},"end":{"line":11,"column":22}},"2":{"start":{"line":12,"column":4},"end":{"line":12,"column":23}},"3":{"start":{"line":13,"column":4},"end":{"line":13,"column":30}},"4":{"start":{"line":17,"column":4},"end":{"line":17,"column":73}},"5":{"start":{"line":20,"column":4},"end":{"line":20,"column":54}},"6":{"start":{"line":27,"column":4},"end":{"line":27,"column":34}},"7":{"start":{"line":28,"column":4},"end":{"line":28,"column":47}},"8":{"start":{"line":30,"column":4},"end":{"line":30,"column":28}},"9":{"start":{"line":31,"column":4},"end":{"line":31,"column":23}},"10":{"start":{"line":36,"column":4},"end":{"line":36,"column":32}},"11":{"start":{"line":37,"column":4},"end":{"line":37,"column":38}},"12":{"start":{"line":39,"column":4},"end":{"line":39,"column":29}},"13":{"start":{"line":45,"column":4},"end":{"line":45,"column":29}},"14":{"start":{"line":46,"column":4},"end":{"line":46,"column":23}},"15":{"start":{"line":50,"column":4},"end":{"line":50,"column":28}},"16":{"start":{"line":52,"column":4},"end":{"line":52,"column":13}},"17":{"start":{"line":53,"column":4},"end":{"line":53,"column":13}},"18":{"start":{"line":54,"column":4},"end":{"line":54,"column":11}},"19":{"start":{"line":64,"column":4},"end":{"line":64,"column":2203}},"20":{"start":{"line":65,"column":6},"end":{"line":65,"column":12}},"21":{"start":{"line":68,"column":4},"end":{"line":68,"column":31}},"22":{"start":{"line":70,"column":4},"end":{"line":70,"column":20}},"23":{"start":{"line":74,"column":4},"end":{"line":74,"column":11}},"24":{"start":{"line":75,"column":4},"end":{"line":75,"column":13}},"25":{"start":{"line":76,"column":4},"end":{"line":76,"column":13}},"26":{"start":{"line":78,"column":4},"end":{"line":78,"column":34}},"27":{"start":{"line":80,"column":4},"end":{"line":80,"column":38}},"28":{"start":{"line":85,"column":4},"end":{"line":85,"column":80}}},"branchMap":{"1":{"line":27,"type":"if","locations":[{"start":{"line":27,"column":4},"end":{"line":27,"column":4}},{"start":{"line":27,"column":4},"end":{"line":27,"column":4}}]},"2":{"line":28,"type":"if","locations":[{"start":{"line":28,"column":4},"end":{"line":28,"column":4}},{"start":{"line":28,"column":4},"end":{"line":28,"column":4}}]},"3":{"line":36,"type":"if","locations":[{"start":{"line":36,"column":4},"end":{"line":36,"column":4}},{"start":{"line":36,"column":4},"end":{"line":36,"column":4}}]},"4":{"line":37,"type":"if","locations":[{"start":{"line":37,"column":4},"end":{"line":37,"column":4}},{"start":{"line":37,"column":4},"end":{"line":37,"column":4}}]},"5":{"line":45,"type":"if","locations":[{"start":{"line":45,"column":4},"end":{"line":45,"column":4}},{"start":{"line":45,"column":4},"end":{"line":45,"column":4}}]},"6":{"line":50,"type":"if","locations":[{"start":{"line":50,"column":4},"end":{"line":50,"column":4}},{"start":{"line":50,"column":4},"end":{"line":50,"column":4}}]},"7":{"line":64,"type":"if","locations":[{"start":{"line":64,"column":4},"end":{"line":64,"column":4}},{"start":{"line":64,"column":4},"end":{"line":64,"column":4}}]},"8":{"line":68,"type":"if","locations":[{"start":{"line":68,"column":4},"end":{"line":68,"column":4}},{"start":{"line":68,"column":4},"end":{"line":68,"column":4}}]}}},
"contracts\\Renting.sol":{"l":{"42":14,"46":1,"47":1,"55":51,"56":51,"57":48,"59":3,"67":9,"78":13,"79":13,"80":11,"82":11,"83":11,"84":11,"86":11,"88":11,"89":11,"93":11,"94":7,"95":0,"98":11,"102":1,"103":1,"104":4,"105":3,"108":1,"109":1,"110":1,"111":4,"112":3,"113":3,"116":1,"120":5,"121":5,"122":5,"123":4,"128":5,"129":5,"130":5,"131":5,"132":5,"133":5,"137":24,"138":24,"146":24,"147":24,"150":24,"151":24,"155":24,"156":24,"161":10,"162":8,"164":8,"165":6,"166":6,"167":4,"168":4,"169":4,"170":4,"174":13,"175":13,"176":13,"177":13,"181":7,"184":7,"188":3,"189":3,"190":3,"191":3,"195":1,"196":1,"197":1,"198":1,"199":1},"path":"C:/Users/sebastianka/Git/thesis/application/smart-contracts/contracts/Renting.sol","s":{"1":14,"2":1,"3":1,"4":51,"5":51,"6":48,"7":3,"8":9,"9":13,"10":13,"11":11,"12":11,"13":11,"14":11,"15":11,"16":11,"17":11,"18":11,"19":7,"20":0,"21":11,"22":1,"23":1,"24":4,"25":1,"26":1,"27":1,"28":4,"29":3,"30":1,"31":5,"32":5,"33":5,"34":4,"35":5,"36":5,"37":5,"38":5,"39":5,"40":5,"41":24,"42":24,"43":24,"44":24,"45":24,"46":24,"47":24,"48":10,"49":8,"50":8,"51":6,"52":6,"53":4,"54":4,"55":4,"56":4,"57":13,"58":13,"59":13,"60":13,"61":7,"62":7,"63":3,"64":3,"65":3,"66":3,"67":1,"68":1,"69":1,"70":1,"71":1},"b":{"1":[1,0],"2":[48,3],"3":[13,0],"4":[11,2],"5":[11,0],"6":[11,0],"7":[11,0],"8":[11,0],"9":[0,7],"10":[3,1],"11":[3,1],"12":[5,0],"13":[4,1],"14":[5,0],"15":[5,0],"16":[5,0],"17":[5,0],"18":[24,0],"19":[24,0],"20":[24,0],"21":[8,2],"22":[6,2],"23":[6,0],"24":[4,2],"25":[4,0],"26":[13,0],"27":[3,0],"28":[3,0],"29":[1,0],"30":[1,0],"31":[1,0]},"f":{"1":14,"2":1,"3":51,"4":9,"5":13,"6":11,"7":1,"8":5,"9":5,"10":24,"11":24,"12":10,"13":13,"14":7,"15":3,"16":1},"fnMap":{"1":{"name":"constructor","line":41,"loc":{"start":{"line":41,"column":2},"end":{"line":41,"column":22}}},"2":{"name":"destroy","line":45,"loc":{"start":{"line":45,"column":2},"end":{"line":45,"column":27}}},"3":{"name":"isKnownParticipant","line":54,"loc":{"start":{"line":54,"column":2},"end":{"line":54,"column":84}}},"4":{"name":"registerIdentityOracle","line":66,"loc":{"start":{"line":66,"column":2},"end":{"line":66,"column":65}}},"5":{"name":"create","line":76,"loc":{"start":{"line":76,"column":2},"end":{"line":76,"column":133}}},"6":{"name":"exists","line":92,"loc":{"start":{"line":92,"column":2},"end":{"line":92,"column":76}}},"7":{"name":"getIDs","line":101,"loc":{"start":{"line":101,"column":2},"end":{"line":101,"column":63}}},"8":{"name":"getByID","line":119,"loc":{"start":{"line":119,"column":2},"end":{"line":119,"column":211}}},"9":{"name":"accept","line":127,"loc":{"start":{"line":127,"column":2},"end":{"line":127,"column":59}}},"10":{"name":"splitSignature","line":136,"loc":{"start":{"line":136,"column":2},"end":{"line":136,"column":98}}},"11":{"name":"recoverSigner","line":154,"loc":{"start":{"line":154,"column":2},"end":{"line":154,"column":93}}},"12":{"name":"payForUsage","line":159,"loc":{"start":{"line":159,"column":2},"end":{"line":159,"column":64}}},"13":{"name":"getRentalAgreementHash","line":173,"loc":{"start":{"line":173,"column":2},"end":{"line":173,"column":69}}},"14":{"name":"getPaymentHash","line":180,"loc":{"start":{"line":180,"column":2},"end":{"line":180,"column":119}}},"15":{"name":"checkUsagePayment","line":187,"loc":{"start":{"line":187,"column":2},"end":{"line":187,"column":119}}},"16":{"name":"terminate","line":194,"loc":{"start":{"line":194,"column":2},"end":{"line":194,"column":46}}}},"statementMap":{"1":{"start":{"line":42,"column":4},"end":{"line":42,"column":21}},"2":{"start":{"line":46,"column":4},"end":{"line":46,"column":69}},"3":{"start":{"line":47,"column":4},"end":{"line":47,"column":22}},"4":{"start":{"line":55,"column":6},"end":{"line":55,"column":57}},"5":{"start":{"line":56,"column":6},"end":{"line":56,"column":1385}},"6":{"start":{"line":57,"column":8},"end":{"line":57,"column":19}},"7":{"start":{"line":59,"column":8},"end":{"line":59,"column":20}},"8":{"start":{"line":67,"column":4},"end":{"line":67,"column":22}},"9":{"start":{"line":78,"column":4},"end":{"line":78,"column":45}},"10":{"start":{"line":79,"column":4},"end":{"line":79,"column":42}},"11":{"start":{"line":80,"column":4},"end":{"line":80,"column":42}},"12":{"start":{"line":82,"column":4},"end":{"line":82,"column":105}},"13":{"start":{"line":83,"column":4},"end":{"line":83,"column":60}},"14":{"start":{"line":84,"column":4},"end":{"line":84,"column":103}},"15":{"start":{"line":86,"column":4},"end":{"line":86,"column":31}},"16":{"start":{"line":88,"column":4},"end":{"line":88,"column":37}},"17":{"start":{"line":89,"column":4},"end":{"line":89,"column":153}},"18":{"start":{"line":93,"column":4},"end":{"line":93,"column":3131}},"19":{"start":{"line":94,"column":6},"end":{"line":94,"column":3185}},"20":{"start":{"line":95,"column":8},"end":{"line":95,"column":19}},"21":{"start":{"line":98,"column":4},"end":{"line":98,"column":16}},"22":{"start":{"line":102,"column":4},"end":{"line":102,"column":18}},"23":{"start":{"line":103,"column":4},"end":{"line":103,"column":3409}},"24":{"start":{"line":104,"column":6},"end":{"line":104,"column":3463}},"25":{"start":{"line":108,"column":4},"end":{"line":108,"column":56}},"26":{"start":{"line":109,"column":4},"end":{"line":109,"column":18}},"27":{"start":{"line":110,"column":4},"end":{"line":110,"column":3667}},"28":{"start":{"line":111,"column":6},"end":{"line":111,"column":3721}},"29":{"start":{"line":112,"column":8},"end":{"line":112,"column":36}},"30":{"start":{"line":116,"column":4},"end":{"line":116,"column":29}},"31":{"start":{"line":120,"column":4},"end":{"line":120,"column":35}},"32":{"start":{"line":121,"column":4},"end":{"line":121,"column":54}},"33":{"start":{"line":122,"column":4},"end":{"line":122,"column":76}},"34":{"start":{"line":123,"column":4},"end":{"line":123,"column":189}},"35":{"start":{"line":128,"column":4},"end":{"line":128,"column":35}},"36":{"start":{"line":129,"column":4},"end":{"line":129,"column":59}},"37":{"start":{"line":130,"column":4},"end":{"line":130,"column":48}},"38":{"start":{"line":131,"column":4},"end":{"line":131,"column":80}},"39":{"start":{"line":132,"column":4},"end":{"line":132,"column":47}},"40":{"start":{"line":133,"column":4},"end":{"line":133,"column":44}},"41":{"start":{"line":137,"column":4},"end":{"line":137,"column":29}},"42":{"start":{"line":146,"column":4},"end":{"line":146,"column":5306}},"43":{"start":{"line":147,"column":6},"end":{"line":147,"column":12}},"44":{"start":{"line":150,"column":4},"end":{"line":150,"column":31}},"45":{"start":{"line":151,"column":4},"end":{"line":151,"column":20}},"46":{"start":{"line":155,"column":4},"end":{"line":155,"column":58}},"47":{"start":{"line":156,"column":4},"end":{"line":156,"column":39}},"48":{"start":{"line":161,"column":4},"end":{"line":161,"column":35}},"49":{"start":{"line":162,"column":4},"end":{"line":162,"column":60}},"50":{"start":{"line":164,"column":4},"end":{"line":164,"column":101}},"51":{"start":{"line":165,"column":4},"end":{"line":165,"column":48}},"52":{"start":{"line":166,"column":4},"end":{"line":166,"column":49}},"53":{"start":{"line":167,"column":4},"end":{"line":167,"column":58}},"54":{"start":{"line":168,"column":4},"end":{"line":168,"column":45}},"55":{"start":{"line":169,"column":4},"end":{"line":169,"column":99}},"56":{"start":{"line":170,"column":4},"end":{"line":170,"column":117}},"57":{"start":{"line":174,"column":4},"end":{"line":174,"column":35}},"58":{"start":{"line":175,"column":4},"end":{"line":175,"column":177}},"59":{"start":{"line":176,"column":4},"end":{"line":176,"column":60}},"60":{"start":{"line":177,"column":4},"end":{"line":177,"column":55}},"61":{"start":{"line":181,"column":4},"end":{"line":181,"column":87}},"62":{"start":{"line":184,"column":4},"end":{"line":184,"column":18}},"63":{"start":{"line":188,"column":4},"end":{"line":188,"column":44}},"64":{"start":{"line":189,"column":4},"end":{"line":189,"column":69}},"65":{"start":{"line":190,"column":4},"end":{"line":190,"column":48}},"66":{"start":{"line":191,"column":4},"end":{"line":191,"column":233}},"67":{"start":{"line":195,"column":4},"end":{"line":195,"column":44}},"68":{"start":{"line":196,"column":4},"end":{"line":196,"column":69}},"69":{"start":{"line":197,"column":4},"end":{"line":197,"column":58}},"70":{"start":{"line":198,"column":4},"end":{"line":198,"column":88}},"71":{"start":{"line":199,"column":4},"end":{"line":199,"column":61}}},"branchMap":{"1":{"line":46,"type":"if","locations":[{"start":{"line":46,"column":4},"end":{"line":46,"column":4}},{"start":{"line":46,"column":4},"end":{"line":46,"column":4}}]},"2":{"line":56,"type":"if","locations":[{"start":{"line":56,"column":6},"end":{"line":56,"column":6}},{"start":{"line":56,"column":6},"end":{"line":56,"column":6}}]},"3":{"line":78,"type":"if","locations":[{"start":{"line":78,"column":4},"end":{"line":78,"column":4}},{"start":{"line":78,"column":4},"end":{"line":78,"column":4}}]},"4":{"line":79,"type":"if","locations":[{"start":{"line":79,"column":4},"end":{"line":79,"column":4}},{"start":{"line":79,"column":4},"end":{"line":79,"column":4}}]},"5":{"line":80,"type":"if","locations":[{"start":{"line":80,"column":4},"end":{"line":80,"column":4}},{"start":{"line":80,"column":4},"end":{"line":80,"column":4}}]},"6":{"line":84,"type":"if","locations":[{"start":{"line":84,"column":4},"end":{"line":84,"column":4}},{"start":{"line":84,"column":4},"end":{"line":84,"column":4}}]},"7":{"line":86,"type":"if","locations":[{"start":{"line":86,"column":4},"end":{"line":86,"column":4}},{"start":{"line":86,"column":4},"end":{"line":86,"column":4}}]},"8":{"line":88,"type":"if","locations":[{"start":{"line":88,"column":4},"end":{"line":88,"column":4}},{"start":{"line":88,"column":4},"end":{"line":88,"column":4}}]},"9":{"line":94,"type":"if","locations":[{"start":{"line":94,"column":6},"end":{"line":94,"column":6}},{"start":{"line":94,"column":6},"end":{"line":94,"column":6}}]},"10":{"line":104,"type":"if","locations":[{"start":{"line":104,"column":6},"end":{"line":104,"column":6}},{"start":{"line":104,"column":6},"end":{"line":104,"column":6}}]},"11":{"line":111,"type":"if","locations":[{"start":{"line":111,"column":6},"end":{"line":111,"column":6}},{"start":{"line":111,"column":6},"end":{"line":111,"column":6}}]},"12":{"line":120,"type":"if","locations":[{"start":{"line":120,"column":4},"end":{"line":120,"column":4}},{"start":{"line":120,"column":4},"end":{"line":120,"column":4}}]},"13":{"line":122,"type":"if","locations":[{"start":{"line":122,"column":4},"end":{"line":122,"column":4}},{"start":{"line":122,"column":4},"end":{"line":122,"column":4}}]},"14":{"line":128,"type":"if","locations":[{"start":{"line":128,"column":4},"end":{"line":128,"column":4}},{"start":{"line":128,"column":4},"end":{"line":128,"column":4}}]},"15":{"line":129,"type":"if","locations":[{"start":{"line":129,"column":4},"end":{"line":129,"column":4}},{"start":{"line":129,"column":4},"end":{"line":129,"column":4}}]},"16":{"line":130,"type":"if","locations":[{"start":{"line":130,"column":4},"end":{"line":130,"column":4}},{"start":{"line":130,"column":4},"end":{"line":130,"column":4}}]},"17":{"line":131,"type":"if","locations":[{"start":{"line":131,"column":4},"end":{"line":131,"column":4}},{"start":{"line":131,"column":4},"end":{"line":131,"column":4}}]},"18":{"line":137,"type":"if","locations":[{"start":{"line":137,"column":4},"end":{"line":137,"column":4}},{"start":{"line":137,"column":4},"end":{"line":137,"column":4}}]},"19":{"line":146,"type":"if","locations":[{"start":{"line":146,"column":4},"end":{"line":146,"column":4}},{"start":{"line":146,"column":4},"end":{"line":146,"column":4}}]},"20":{"line":150,"type":"if","locations":[{"start":{"line":150,"column":4},"end":{"line":150,"column":4}},{"start":{"line":150,"column":4},"end":{"line":150,"column":4}}]},"21":{"line":161,"type":"if","locations":[{"start":{"line":161,"column":4},"end":{"line":161,"column":4}},{"start":{"line":161,"column":4},"end":{"line":161,"column":4}}]},"22":{"line":164,"type":"if","locations":[{"start":{"line":164,"column":4},"end":{"line":164,"column":4}},{"start":{"line":164,"column":4},"end":{"line":164,"column":4}}]},"23":{"line":165,"type":"if","locations":[{"start":{"line":165,"column":4},"end":{"line":165,"column":4}},{"start":{"line":165,"column":4},"end":{"line":165,"column":4}}]},"24":{"line":166,"type":"if","locations":[{"start":{"line":166,"column":4},"end":{"line":166,"column":4}},{"start":{"line":166,"column":4},"end":{"line":166,"column":4}}]},"25":{"line":167,"type":"if","locations":[{"start":{"line":167,"column":4},"end":{"line":167,"column":4}},{"start":{"line":167,"column":4},"end":{"line":167,"column":4}}]},"26":{"line":174,"type":"if","locations":[{"start":{"line":174,"column":4},"end":{"line":174,"column":4}},{"start":{"line":174,"column":4},"end":{"line":174,"column":4}}]},"27":{"line":188,"type":"if","locations":[{"start":{"line":188,"column":4},"end":{"line":188,"column":4}},{"start":{"line":188,"column":4},"end":{"line":188,"column":4}}]},"28":{"line":190,"type":"if","locations":[{"start":{"line":190,"column":4},"end":{"line":190,"column":4}},{"start":{"line":190,"column":4},"end":{"line":190,"column":4}}]},"29":{"line":195,"type":"if","locations":[{"start":{"line":195,"column":4},"end":{"line":195,"column":4}},{"start":{"line":195,"column":4},"end":{"line":195,"column":4}}]},"30":{"line":197,"type":"if","locations":[{"start":{"line":197,"column":4},"end":{"line":197,"column":4}},{"start":{"line":197,"column":4},"end":{"line":197,"column":4}}]},"31":{"line":198,"type":"if","locations":[{"start":{"line":198,"column":4},"end":{"line":198,"column":4}},{"start":{"line":198,"column":4},"end":{"line":198,"column":4}}]}}},
"contracts\\Seriality.sol":{"l":{},"path":"C:/Users/sebastianka/Git/thesis/application/smart-contracts/contracts/Seriality.sol","s":{},"b":{},"f":{"1":0},"fnMap":{"1":{"name":"constructor","line":15,"loc":{"start":{"line":15,"column":4},"end":{"line":15,"column":22}}}},"statementMap":{},"branchMap":{}},
"contracts\\SizeOf.sol":{"l":{"12":0,"13":0,"14":0,"16":0,"17":0,"22":0,"62":0,"66":0,"70":0,"74":0},"path":"C:/Users/sebastianka/Git/thesis/application/smart-contracts/contracts/SizeOf.sol","s":{"1":0,"2":0,"3":0,"4":0,"5":0,"6":0,"7":0},"b":{"1":[0,0]},"f":{"1":0,"2":0,"3":0,"4":0,"5":0,"6":0},"fnMap":{"1":{"name":"sizeOfString","line":11,"loc":{"start":{"line":11,"column":4},"end":{"line":11,"column":76}}},"2":{"name":"sizeOfInt","line":20,"loc":{"start":{"line":20,"column":4},"end":{"line":20,"column":70}}},"3":{"name":"sizeOfUint","line":61,"loc":{"start":{"line":61,"column":4},"end":{"line":61,"column":71}}},"4":{"name":"sizeOfAddress","line":65,"loc":{"start":{"line":65,"column":4},"end":{"line":65,"column":54}}},"5":{"name":"sizeOfBool","line":69,"loc":{"start":{"line":69,"column":4},"end":{"line":69,"column":52}}},"6":{"name":"sizeOfSignature","line":73,"loc":{"start":{"line":73,"column":4},"end":{"line":73,"column":56}}}},"statementMap":{"1":{"start":{"line":12,"column":8},"end":{"line":12,"column":37}},"2":{"start":{"line":13,"column":9},"end":{"line":13,"column":417}},"3":{"start":{"line":17,"column":8},"end":{"line":17,"column":18}},"4":{"start":{"line":62,"column":8},"end":{"line":62,"column":34}},"5":{"start":{"line":66,"column":8},"end":{"line":66,"column":17}},"6":{"start":{"line":70,"column":8},"end":{"line":70,"column":16}},"7":{"start":{"line":74,"column":6},"end":{"line":74,"column":15}}},"branchMap":{"1":{"line":13,"type":"if","locations":[{"start":{"line":13,"column":9},"end":{"line":13,"column":9}},{"start":{"line":13,"column":9},"end":{"line":13,"column":9}}]}}},
"contracts\\TypesToBytes.sol":{"l":{"17":0,"24":0,"31":0,"32":0,"38":0,"39":0,"41":0,"52":0,"59":0},"path":"C:/Users/sebastianka/Git/thesis/application/smart-contracts/contracts/TypesToBytes.sol","s":{"1":0,"2":0,"3":0},"b":{"1":[0,0]},"f":{"1":0,"2":0,"3":0,"4":0,"5":0,"6":0,"7":0},"fnMap":{"1":{"name":"constructor","line":12,"loc":{"start":{"line":12,"column":4},"end":{"line":12,"column":24}}},"2":{"name":"addressToBytes","line":15,"loc":{"start":{"line":15,"column":4},"end":{"line":15,"column":90}}},"3":{"name":"bytes32ToBytes","line":22,"loc":{"start":{"line":22,"column":4},"end":{"line":22,"column":90}}},"4":{"name":"boolToBytes","line":30,"loc":{"start":{"line":30,"column":4},"end":{"line":30,"column":84}}},"5":{"name":"stringToBytes","line":37,"loc":{"start":{"line":37,"column":4},"end":{"line":37,"column":94}}},"6":{"name":"intToBytes","line":50,"loc":{"start":{"line":50,"column":4},"end":{"line":50,"column":83}}},"7":{"name":"uintToBytes","line":57,"loc":{"start":{"line":57,"column":4},"end":{"line":57,"column":84}}}},"statementMap":{"1":{"start":{"line":31,"column":8},"end":{"line":31,"column":41}},"2":{"start":{"line":38,"column":8},"end":{"line":38,"column":47}},"3":{"start":{"line":39,"column":8},"end":{"line":39,"column":47}}},"branchMap":{"1":{"line":39,"type":"if","locations":[{"start":{"line":39,"column":8},"end":{"line":39,"column":8}},{"start":{"line":39,"column":8},"end":{"line":39,"column":8}}]}}}}
