{
"contracts\\IdentityProvider.sol":{"l":{"40":31,"48":254,"49":155,"51":99,"59":5,"60":5,"61":1,"63":1,"65":1,"67":1,"69":1,"71":0,"79":17,"86":93,"93":6,"100":6,"111":42,"112":42,"113":42,"114":42,"115":42,"116":42,"125":45,"126":43,"127":41,"128":41,"129":41,"130":16,"132":2,"134":2,"136":0,"145":7,"146":6,"147":6,"149":1,"157":1,"162":9,"168":2,"169":2,"170":2,"171":2,"172":2,"173":2,"174":2,"178":1,"182":1,"186":1,"190":9},"path":"C:/Users/sebastianka/Git/thesis/application/smart-contracts/contracts/IdentityProvider.sol","s":{"1":31,"2":254,"3":155,"4":99,"5":5,"6":5,"7":1,"8":4,"9":1,"10":3,"11":1,"12":2,"13":1,"14":1,"15":1,"16":0,"17":17,"18":93,"19":6,"20":6,"21":42,"22":42,"23":42,"24":42,"25":42,"26":42,"27":45,"28":43,"29":41,"30":41,"31":41,"32":16,"33":25,"34":2,"35":23,"36":2,"37":21,"38":0,"39":7,"40":6,"41":6,"42":1,"43":1,"44":9,"45":2,"46":2,"47":2,"48":2,"49":2,"50":2,"51":2,"52":1,"53":1,"54":1,"55":9},"b":{"1":[155,99],"2":[1,4],"3":[1,3],"4":[1,2],"5":[1,1],"6":[1,0],"7":[42,0],"8":[42,0],"9":[42,0],"10":[43,2],"11":[41,2],"12":[16,25],"13":[2,23],"14":[2,21],"15":[0,21],"16":[6,1]},"f":{"1":31,"2":254,"3":5,"4":17,"5":93,"6":6,"7":6,"8":42,"9":45,"10":7,"11":1,"12":9,"13":2,"14":1,"15":1,"16":1,"17":9},"fnMap":{"1":{"name":"constructor","line":39,"loc":{"start":{"line":39,"column":4},"end":{"line":39,"column":23}}},"2":{"name":"identityExists","line":47,"loc":{"start":{"line":47,"column":2},"end":{"line":47,"column":71}}},"3":{"name":"getIdentityRoleName","line":58,"loc":{"start":{"line":58,"column":2},"end":{"line":58,"column":85}}},"4":{"name":"getIdentityOwner","line":78,"loc":{"start":{"line":78,"column":2},"end":{"line":78,"column":76}}},"5":{"name":"getIdentityRole","line":85,"loc":{"start":{"line":85,"column":2},"end":{"line":85,"column":72}}},"6":{"name":"getIdentityCreationTime","line":92,"loc":{"start":{"line":92,"column":2},"end":{"line":92,"column":83}}},"7":{"name":"getIdentityName","line":99,"loc":{"start":{"line":99,"column":2},"end":{"line":99,"column":81}}},"8":{"name":"addIdentityOwnedBy","line":110,"loc":{"start":{"line":110,"column":2},"end":{"line":110,"column":116}}},"9":{"name":"addIdentity","line":124,"loc":{"start":{"line":124,"column":2},"end":{"line":124,"column":93}}},"10":{"name":"deleteIdentity","line":144,"loc":{"start":{"line":144,"column":2},"end":{"line":144,"column":76}}},"11":{"name":"testConnection","line":156,"loc":{"start":{"line":156,"column":2},"end":{"line":156,"column":54}}},"12":{"name":"getAddress","line":161,"loc":{"start":{"line":161,"column":2},"end":{"line":161,"column":53}}},"13":{"name":"addTestData","line":167,"loc":{"start":{"line":167,"column":2},"end":{"line":167,"column":41}}},"14":{"name":"getKnownManufacturers","line":177,"loc":{"start":{"line":177,"column":2},"end":{"line":177,"column":71}}},"15":{"name":"getKnownServiceProviders","line":181,"loc":{"start":{"line":181,"column":2},"end":{"line":181,"column":74}}},"16":{"name":"getKnownSuppliers","line":185,"loc":{"start":{"line":185,"column":2},"end":{"line":185,"column":67}}},"17":{"name":"getKnownDevices","line":189,"loc":{"start":{"line":189,"column":2},"end":{"line":189,"column":65}}}},"statementMap":{"1":{"start":{"line":40,"column":6},"end":{"line":40,"column":23}},"2":{"start":{"line":48,"column":4},"end":{"line":48,"column":1330}},"3":{"start":{"line":49,"column":6},"end":{"line":49,"column":17}},"4":{"start":{"line":51,"column":6},"end":{"line":51,"column":18}},"5":{"start":{"line":59,"column":4},"end":{"line":59,"column":42}},"6":{"start":{"line":60,"column":4},"end":{"line":60,"column":1788}},"7":{"start":{"line":61,"column":6},"end":{"line":61,"column":27}},"8":{"start":{"line":62,"column":11},"end":{"line":62,"column":1862}},"9":{"start":{"line":63,"column":6},"end":{"line":63,"column":23}},"10":{"start":{"line":64,"column":11},"end":{"line":64,"column":1928}},"11":{"start":{"line":65,"column":6},"end":{"line":65,"column":30}},"12":{"start":{"line":66,"column":11},"end":{"line":66,"column":2008}},"13":{"start":{"line":67,"column":6},"end":{"line":67,"column":23}},"14":{"start":{"line":68,"column":11},"end":{"line":68,"column":2074}},"15":{"start":{"line":69,"column":6},"end":{"line":69,"column":21}},"16":{"start":{"line":71,"column":6},"end":{"line":71,"column":19}},"17":{"start":{"line":79,"column":4},"end":{"line":79,"column":40}},"18":{"start":{"line":86,"column":4},"end":{"line":86,"column":43}},"19":{"start":{"line":93,"column":4},"end":{"line":93,"column":37}},"20":{"start":{"line":100,"column":4},"end":{"line":100,"column":37}},"21":{"start":{"line":111,"column":4},"end":{"line":111,"column":38}},"22":{"start":{"line":112,"column":4},"end":{"line":112,"column":34}},"23":{"start":{"line":113,"column":4},"end":{"line":113,"column":24}},"24":{"start":{"line":114,"column":4},"end":{"line":114,"column":83}},"25":{"start":{"line":115,"column":4},"end":{"line":115,"column":38}},"26":{"start":{"line":116,"column":4},"end":{"line":116,"column":31}},"27":{"start":{"line":125,"column":4},"end":{"line":125,"column":38}},"28":{"start":{"line":126,"column":4},"end":{"line":126,"column":39}},"29":{"start":{"line":127,"column":4},"end":{"line":127,"column":86}},"30":{"start":{"line":128,"column":4},"end":{"line":128,"column":38}},"31":{"start":{"line":129,"column":4},"end":{"line":129,"column":4782}},"32":{"start":{"line":130,"column":6},"end":{"line":130,"column":39}},"33":{"start":{"line":131,"column":11},"end":{"line":131,"column":4878}},"34":{"start":{"line":132,"column":6},"end":{"line":132,"column":42}},"35":{"start":{"line":133,"column":11},"end":{"line":133,"column":4980}},"36":{"start":{"line":134,"column":6},"end":{"line":134,"column":35}},"37":{"start":{"line":135,"column":11},"end":{"line":135,"column":5068}},"38":{"start":{"line":136,"column":6},"end":{"line":136,"column":38}},"39":{"start":{"line":145,"column":4},"end":{"line":145,"column":5454}},"40":{"start":{"line":146,"column":6},"end":{"line":146,"column":76}},"41":{"start":{"line":147,"column":6},"end":{"line":147,"column":17}},"42":{"start":{"line":149,"column":6},"end":{"line":149,"column":18}},"43":{"start":{"line":157,"column":4},"end":{"line":157,"column":15}},"44":{"start":{"line":162,"column":4},"end":{"line":162,"column":24}},"45":{"start":{"line":168,"column":4},"end":{"line":168,"column":108}},"46":{"start":{"line":169,"column":4},"end":{"line":169,"column":101}},"47":{"start":{"line":170,"column":4},"end":{"line":170,"column":101}},"48":{"start":{"line":171,"column":4},"end":{"line":171,"column":157}},"49":{"start":{"line":172,"column":4},"end":{"line":172,"column":157}},"50":{"start":{"line":173,"column":4},"end":{"line":173,"column":157}},"51":{"start":{"line":174,"column":4},"end":{"line":174,"column":157}},"52":{"start":{"line":178,"column":4},"end":{"line":178,"column":29}},"53":{"start":{"line":182,"column":4},"end":{"line":182,"column":32}},"54":{"start":{"line":186,"column":4},"end":{"line":186,"column":25}},"55":{"start":{"line":190,"column":4},"end":{"line":190,"column":23}}},"branchMap":{"1":{"line":48,"type":"if","locations":[{"start":{"line":48,"column":4},"end":{"line":48,"column":4}},{"start":{"line":48,"column":4},"end":{"line":48,"column":4}}]},"2":{"line":60,"type":"if","locations":[{"start":{"line":60,"column":4},"end":{"line":60,"column":4}},{"start":{"line":60,"column":4},"end":{"line":60,"column":4}}]},"3":{"line":62,"type":"if","locations":[{"start":{"line":62,"column":11},"end":{"line":62,"column":11}},{"start":{"line":62,"column":11},"end":{"line":62,"column":11}}]},"4":{"line":64,"type":"if","locations":[{"start":{"line":64,"column":11},"end":{"line":64,"column":11}},{"start":{"line":64,"column":11},"end":{"line":64,"column":11}}]},"5":{"line":66,"type":"if","locations":[{"start":{"line":66,"column":11},"end":{"line":66,"column":11}},{"start":{"line":66,"column":11},"end":{"line":66,"column":11}}]},"6":{"line":68,"type":"if","locations":[{"start":{"line":68,"column":11},"end":{"line":68,"column":11}},{"start":{"line":68,"column":11},"end":{"line":68,"column":11}}]},"7":{"line":111,"type":"if","locations":[{"start":{"line":111,"column":4},"end":{"line":111,"column":4}},{"start":{"line":111,"column":4},"end":{"line":111,"column":4}}]},"8":{"line":112,"type":"if","locations":[{"start":{"line":112,"column":4},"end":{"line":112,"column":4}},{"start":{"line":112,"column":4},"end":{"line":112,"column":4}}]},"9":{"line":113,"type":"if","locations":[{"start":{"line":113,"column":4},"end":{"line":113,"column":4}},{"start":{"line":113,"column":4},"end":{"line":113,"column":4}}]},"10":{"line":125,"type":"if","locations":[{"start":{"line":125,"column":4},"end":{"line":125,"column":4}},{"start":{"line":125,"column":4},"end":{"line":125,"column":4}}]},"11":{"line":126,"type":"if","locations":[{"start":{"line":126,"column":4},"end":{"line":126,"column":4}},{"start":{"line":126,"column":4},"end":{"line":126,"column":4}}]},"12":{"line":129,"type":"if","locations":[{"start":{"line":129,"column":4},"end":{"line":129,"column":4}},{"start":{"line":129,"column":4},"end":{"line":129,"column":4}}]},"13":{"line":131,"type":"if","locations":[{"start":{"line":131,"column":11},"end":{"line":131,"column":11}},{"start":{"line":131,"column":11},"end":{"line":131,"column":11}}]},"14":{"line":133,"type":"if","locations":[{"start":{"line":133,"column":11},"end":{"line":133,"column":11}},{"start":{"line":133,"column":11},"end":{"line":133,"column":11}}]},"15":{"line":135,"type":"if","locations":[{"start":{"line":135,"column":11},"end":{"line":135,"column":11}},{"start":{"line":135,"column":11},"end":{"line":135,"column":11}}]},"16":{"line":145,"type":"if","locations":[{"start":{"line":145,"column":4},"end":{"line":145,"column":4}},{"start":{"line":145,"column":4},"end":{"line":145,"column":4}}]}}},
"contracts\\Migrations.sol":{"l":{"8":6,"12":5,"16":5,"20":0,"21":0},"path":"C:/Users/sebastianka/Git/thesis/application/smart-contracts/contracts/Migrations.sol","s":{"1":6,"2":5,"3":5,"4":0,"5":0},"b":{"1":[5,0]},"f":{"1":6,"2":5,"3":5,"4":0},"fnMap":{"1":{"name":"constructor","line":7,"loc":{"start":{"line":7,"column":2},"end":{"line":7,"column":22}}},"2":{"name":"restricted","line":11,"loc":{"start":{"line":11,"column":2},"end":{"line":11,"column":23}}},"3":{"name":"setCompleted","line":15,"loc":{"start":{"line":15,"column":2},"end":{"line":15,"column":57}}},"4":{"name":"upgrade","line":19,"loc":{"start":{"line":19,"column":2},"end":{"line":19,"column":57}}}},"statementMap":{"1":{"start":{"line":8,"column":4},"end":{"line":8,"column":21}},"2":{"start":{"line":12,"column":4},"end":{"line":12,"column":30}},"3":{"start":{"line":16,"column":4},"end":{"line":16,"column":39}},"4":{"start":{"line":20,"column":4},"end":{"line":20,"column":49}},"5":{"start":{"line":21,"column":4},"end":{"line":21,"column":50}}},"branchMap":{"1":{"line":12,"type":"if","locations":[{"start":{"line":12,"column":4},"end":{"line":12,"column":4}},{"start":{"line":12,"column":4},"end":{"line":12,"column":4}}]}}},
"contracts\\Ownable.sol":{"l":{"18":71,"26":133,"27":129,"36":1,"37":1,"38":1},"path":"C:/Users/sebastianka/Git/thesis/application/smart-contracts/contracts/Ownable.sol","s":{"1":71,"2":133,"3":1,"4":1,"5":1},"b":{"1":[129,4],"2":[1,0]},"f":{"1":71,"2":133,"3":1},"fnMap":{"1":{"name":"constructor","line":17,"loc":{"start":{"line":17,"column":4},"end":{"line":17,"column":22}}},"2":{"name":"onlyOwner","line":25,"loc":{"start":{"line":25,"column":4},"end":{"line":25,"column":22}}},"3":{"name":"transferOwnership","line":35,"loc":{"start":{"line":35,"column":4},"end":{"line":35,"column":71}}}},"statementMap":{"1":{"start":{"line":18,"column":8},"end":{"line":18,"column":25}},"2":{"start":{"line":26,"column":8},"end":{"line":26,"column":35}},"3":{"start":{"line":36,"column":8},"end":{"line":36,"column":38}},"4":{"start":{"line":37,"column":8},"end":{"line":37,"column":50}},"5":{"start":{"line":38,"column":8},"end":{"line":38,"column":23}}},"branchMap":{"1":{"line":26,"type":"if","locations":[{"start":{"line":26,"column":8},"end":{"line":26,"column":8}},{"start":{"line":26,"column":8},"end":{"line":26,"column":8}}]},"2":{"line":36,"type":"if","locations":[{"start":{"line":36,"column":8},"end":{"line":36,"column":8}},{"start":{"line":36,"column":8},"end":{"line":36,"column":8}}]}}},
"contracts\\PaymentProvider.sol":{"l":{"33":8,"37":13,"38":13,"39":13,"40":13,"41":13,"42":13,"43":13,"48":6,"49":6,"53":0,"54":0,"58":0,"59":0,"63":1,"64":1,"68":1,"69":1,"73":1,"74":1,"75":1,"76":1,"77":1,"78":1,"79":1,"80":1,"81":1,"82":1,"84":1,"89":2,"90":2,"91":2,"98":2,"99":2,"100":2,"101":2,"102":2,"103":2,"104":2,"105":2,"106":2,"107":2,"109":2,"111":2,"112":2,"113":2,"136":8,"140":2,"143":2,"147":2,"149":2,"150":2,"151":2,"153":2,"161":2,"162":2,"165":2,"167":2,"171":2,"172":2,"173":2,"175":2,"177":2,"182":2},"path":"C:/Users/sebastianka/Git/thesis/application/smart-contracts/contracts/PaymentProvider.sol","s":{"1":8,"2":13,"3":13,"4":13,"5":13,"6":13,"7":13,"8":13,"9":6,"10":6,"11":0,"12":0,"13":0,"14":0,"15":1,"16":1,"17":1,"18":1,"19":1,"20":1,"21":1,"22":1,"23":1,"24":1,"25":1,"26":1,"27":1,"28":1,"29":1,"30":2,"31":2,"32":2,"33":2,"34":2,"35":2,"36":2,"37":2,"38":2,"39":2,"40":2,"41":2,"42":2,"43":2,"44":2,"45":2,"46":8,"47":2,"48":2,"49":2,"50":2,"51":2,"52":2,"53":2,"54":2,"55":2,"56":2,"57":2,"58":2,"59":2,"60":2,"61":2,"62":2},"b":{"1":[6,0],"2":[0,0],"3":[0,0],"4":[1,0],"5":[1,0],"6":[2,0],"7":[2,0],"8":[2,0],"9":[2,0],"10":[2,0],"11":[2,0],"12":[2,0],"13":[2,0],"14":[2,0],"15":[2,0]},"f":{"1":8,"2":13,"3":6,"4":0,"5":0,"6":1,"7":1,"8":1,"9":2,"10":2,"11":8,"12":2,"13":2,"14":2,"15":2},"fnMap":{"1":{"name":"registerRentalProvider","line":32,"loc":{"start":{"line":32,"column":2},"end":{"line":32,"column":65}}},"2":{"name":"addPaymentAgreement","line":36,"loc":{"start":{"line":36,"column":2},"end":{"line":36,"column":121}}},"3":{"name":"charge","line":47,"loc":{"start":{"line":47,"column":2},"end":{"line":47,"column":47}}},"4":{"name":"getSender","line":52,"loc":{"start":{"line":52,"column":2},"end":{"line":52,"column":60}}},"5":{"name":"getReceiver","line":57,"loc":{"start":{"line":57,"column":2},"end":{"line":57,"column":62}}},"6":{"name":"getDevice","line":62,"loc":{"start":{"line":62,"column":2},"end":{"line":62,"column":60}}},"7":{"name":"getBalance","line":67,"loc":{"start":{"line":67,"column":2},"end":{"line":67,"column":61}}},"8":{"name":"getPaymentHistory","line":72,"loc":{"start":{"line":72,"column":2},"end":{"line":72,"column":135}}},"9":{"name":"empty","line":88,"loc":{"start":{"line":88,"column":2},"end":{"line":88,"column":38}}},"10":{"name":"redeem","line":97,"loc":{"start":{"line":97,"column":2},"end":{"line":97,"column":160}}},"11":{"name":"getAddress","line":135,"loc":{"start":{"line":135,"column":2},"end":{"line":135,"column":53}}},"12":{"name":"isValidSignature","line":139,"loc":{"start":{"line":139,"column":2},"end":{"line":139,"column":192}}},"13":{"name":"splitSignature","line":146,"loc":{"start":{"line":146,"column":2},"end":{"line":146,"column":89}}},"14":{"name":"recoverSigner","line":170,"loc":{"start":{"line":170,"column":2},"end":{"line":170,"column":89}}},"15":{"name":"prefixed","line":181,"loc":{"start":{"line":181,"column":2},"end":{"line":181,"column":63}}}},"statementMap":{"1":{"start":{"line":33,"column":4},"end":{"line":33,"column":25}},"2":{"start":{"line":37,"column":4},"end":{"line":37,"column":31}},"3":{"start":{"line":38,"column":4},"end":{"line":38,"column":23}},"4":{"start":{"line":39,"column":4},"end":{"line":39,"column":27}},"5":{"start":{"line":40,"column":4},"end":{"line":40,"column":23}},"6":{"start":{"line":41,"column":4},"end":{"line":41,"column":18}},"7":{"start":{"line":42,"column":4},"end":{"line":42,"column":22}},"8":{"start":{"line":43,"column":4},"end":{"line":43,"column":33}},"9":{"start":{"line":48,"column":4},"end":{"line":48,"column":89}},"10":{"start":{"line":49,"column":4},"end":{"line":49,"column":82}},"11":{"start":{"line":53,"column":4},"end":{"line":53,"column":108}},"12":{"start":{"line":54,"column":4},"end":{"line":54,"column":42}},"13":{"start":{"line":58,"column":4},"end":{"line":58,"column":108}},"14":{"start":{"line":59,"column":4},"end":{"line":59,"column":44}},"15":{"start":{"line":63,"column":4},"end":{"line":63,"column":108}},"16":{"start":{"line":64,"column":4},"end":{"line":64,"column":42}},"17":{"start":{"line":68,"column":4},"end":{"line":68,"column":108}},"18":{"start":{"line":69,"column":4},"end":{"line":69,"column":43}},"19":{"start":{"line":73,"column":4},"end":{"line":73,"column":53}},"20":{"start":{"line":74,"column":4},"end":{"line":74,"column":59}},"21":{"start":{"line":75,"column":4},"end":{"line":75,"column":56}},"22":{"start":{"line":76,"column":4},"end":{"line":76,"column":49}},"23":{"start":{"line":77,"column":4},"end":{"line":77,"column":49}},"24":{"start":{"line":78,"column":4},"end":{"line":78,"column":2879}},"25":{"start":{"line":79,"column":8},"end":{"line":79,"column":78}},"26":{"start":{"line":80,"column":8},"end":{"line":80,"column":73}},"27":{"start":{"line":81,"column":8},"end":{"line":81,"column":59}},"28":{"start":{"line":82,"column":8},"end":{"line":82,"column":58}},"29":{"start":{"line":84,"column":4},"end":{"line":84,"column":56}},"30":{"start":{"line":89,"column":4},"end":{"line":89,"column":91}},"31":{"start":{"line":90,"column":4},"end":{"line":90,"column":77}},"32":{"start":{"line":91,"column":4},"end":{"line":91,"column":39}},"33":{"start":{"line":98,"column":4},"end":{"line":98,"column":128}},"34":{"start":{"line":99,"column":4},"end":{"line":99,"column":100}},"35":{"start":{"line":100,"column":4},"end":{"line":100,"column":86}},"36":{"start":{"line":101,"column":4},"end":{"line":101,"column":73}},"37":{"start":{"line":102,"column":4},"end":{"line":102,"column":74}},"38":{"start":{"line":103,"column":4},"end":{"line":103,"column":117}},"39":{"start":{"line":104,"column":4},"end":{"line":104,"column":151}},"40":{"start":{"line":105,"column":4},"end":{"line":105,"column":54}},"41":{"start":{"line":106,"column":4},"end":{"line":106,"column":95}},"42":{"start":{"line":109,"column":4},"end":{"line":109,"column":39}},"43":{"start":{"line":111,"column":4},"end":{"line":111,"column":57}},"44":{"start":{"line":112,"column":4},"end":{"line":112,"column":62}},"45":{"start":{"line":113,"column":4},"end":{"line":113,"column":83}},"46":{"start":{"line":136,"column":4},"end":{"line":136,"column":24}},"47":{"start":{"line":140,"column":4},"end":{"line":140,"column":121}},"48":{"start":{"line":143,"column":4},"end":{"line":143,"column":56}},"49":{"start":{"line":147,"column":4},"end":{"line":147,"column":28}},"50":{"start":{"line":149,"column":4},"end":{"line":149,"column":13}},"51":{"start":{"line":150,"column":4},"end":{"line":150,"column":13}},"52":{"start":{"line":151,"column":4},"end":{"line":151,"column":11}},"53":{"start":{"line":161,"column":4},"end":{"line":161,"column":6752}},"54":{"start":{"line":162,"column":6},"end":{"line":162,"column":12}},"55":{"start":{"line":165,"column":4},"end":{"line":165,"column":31}},"56":{"start":{"line":167,"column":4},"end":{"line":167,"column":20}},"57":{"start":{"line":171,"column":4},"end":{"line":171,"column":11}},"58":{"start":{"line":172,"column":4},"end":{"line":172,"column":13}},"59":{"start":{"line":173,"column":4},"end":{"line":173,"column":13}},"60":{"start":{"line":175,"column":4},"end":{"line":175,"column":34}},"61":{"start":{"line":177,"column":4},"end":{"line":177,"column":38}},"62":{"start":{"line":182,"column":4},"end":{"line":182,"column":80}}},"branchMap":{"1":{"line":48,"type":"if","locations":[{"start":{"line":48,"column":4},"end":{"line":48,"column":4}},{"start":{"line":48,"column":4},"end":{"line":48,"column":4}}]},"2":{"line":53,"type":"if","locations":[{"start":{"line":53,"column":4},"end":{"line":53,"column":4}},{"start":{"line":53,"column":4},"end":{"line":53,"column":4}}]},"3":{"line":58,"type":"if","locations":[{"start":{"line":58,"column":4},"end":{"line":58,"column":4}},{"start":{"line":58,"column":4},"end":{"line":58,"column":4}}]},"4":{"line":63,"type":"if","locations":[{"start":{"line":63,"column":4},"end":{"line":63,"column":4}},{"start":{"line":63,"column":4},"end":{"line":63,"column":4}}]},"5":{"line":68,"type":"if","locations":[{"start":{"line":68,"column":4},"end":{"line":68,"column":4}},{"start":{"line":68,"column":4},"end":{"line":68,"column":4}}]},"6":{"line":89,"type":"if","locations":[{"start":{"line":89,"column":4},"end":{"line":89,"column":4}},{"start":{"line":89,"column":4},"end":{"line":89,"column":4}}]},"7":{"line":99,"type":"if","locations":[{"start":{"line":99,"column":4},"end":{"line":99,"column":4}},{"start":{"line":99,"column":4},"end":{"line":99,"column":4}}]},"8":{"line":100,"type":"if","locations":[{"start":{"line":100,"column":4},"end":{"line":100,"column":4}},{"start":{"line":100,"column":4},"end":{"line":100,"column":4}}]},"9":{"line":101,"type":"if","locations":[{"start":{"line":101,"column":4},"end":{"line":101,"column":4}},{"start":{"line":101,"column":4},"end":{"line":101,"column":4}}]},"10":{"line":102,"type":"if","locations":[{"start":{"line":102,"column":4},"end":{"line":102,"column":4}},{"start":{"line":102,"column":4},"end":{"line":102,"column":4}}]},"11":{"line":103,"type":"if","locations":[{"start":{"line":103,"column":4},"end":{"line":103,"column":4}},{"start":{"line":103,"column":4},"end":{"line":103,"column":4}}]},"12":{"line":104,"type":"if","locations":[{"start":{"line":104,"column":4},"end":{"line":104,"column":4}},{"start":{"line":104,"column":4},"end":{"line":104,"column":4}}]},"13":{"line":147,"type":"if","locations":[{"start":{"line":147,"column":4},"end":{"line":147,"column":4}},{"start":{"line":147,"column":4},"end":{"line":147,"column":4}}]},"14":{"line":161,"type":"if","locations":[{"start":{"line":161,"column":4},"end":{"line":161,"column":4}},{"start":{"line":161,"column":4},"end":{"line":161,"column":4}}]},"15":{"line":165,"type":"if","locations":[{"start":{"line":165,"column":4},"end":{"line":165,"column":4}},{"start":{"line":165,"column":4},"end":{"line":165,"column":4}}]}}},
"contracts\\RentalProvider.sol":{"l":{"44":15,"48":8,"49":8,"53":1,"54":1,"58":0,"62":9,"63":9,"64":30,"65":9,"68":9,"72":11,"73":9,"74":9,"75":9,"76":9,"77":9,"78":9,"79":9,"80":9,"81":9,"85":8,"86":8,"87":8,"88":8,"89":8,"90":14,"91":8,"94":8,"95":6,"97":8,"103":1,"104":1,"105":1,"106":1,"107":1,"110":1,"111":1,"112":1,"113":1,"114":1,"115":1,"116":1,"117":1,"118":1,"119":1,"120":1,"121":1,"124":1,"128":0,"129":0,"130":0,"131":0,"132":0,"135":0,"136":0,"137":0,"138":0,"139":0,"140":0,"141":0,"142":0,"143":0,"144":0,"145":0,"146":0,"149":0,"153":17,"154":14,"155":8,"158":9,"162":9,"163":9,"164":9,"165":21,"167":9,"173":9,"174":9,"175":9,"178":0,"186":87,"187":87,"188":85,"190":2,"198":8,"205":8,"209":8,"210":8,"211":8,"212":8,"222":8,"224":8,"225":8,"226":8,"228":8,"230":8,"236":8,"238":8,"239":8,"240":8,"242":8,"246":8,"247":6,"248":0,"251":8,"255":9,"256":9,"257":9,"258":0,"259":0,"262":9,"266":1,"267":1,"268":4,"269":3,"272":1,"273":1,"274":1,"275":4,"276":3,"277":3,"280":1,"284":4,"285":4,"286":4,"287":3,"291":2,"292":2,"293":2,"294":2,"295":2,"296":2,"297":2,"298":2,"299":2,"300":2,"304":10,"305":10,"313":10,"314":10,"317":10,"318":10,"322":2,"323":2,"347":2,"348":2,"349":2,"350":2,"374":1,"375":1,"376":1,"377":1,"378":1,"380":1,"381":1,"383":1},"path":"C:/Users/sebastianka/Git/thesis/application/smart-contracts/contracts/RentalProvider.sol","s":{"1":15,"2":8,"3":8,"4":1,"5":1,"6":0,"7":9,"8":9,"9":30,"10":9,"11":9,"12":11,"13":9,"14":9,"15":9,"16":9,"17":9,"18":9,"19":9,"20":9,"21":9,"22":8,"23":8,"24":8,"25":8,"26":8,"27":14,"28":8,"29":8,"30":6,"31":8,"32":1,"33":1,"34":1,"35":1,"36":1,"37":1,"38":1,"39":1,"40":1,"41":1,"42":1,"43":1,"44":1,"45":1,"46":1,"47":1,"48":0,"49":0,"50":0,"51":0,"52":0,"53":0,"54":0,"55":0,"56":0,"57":0,"58":0,"59":0,"60":0,"61":0,"62":0,"63":0,"64":17,"65":14,"66":8,"67":9,"68":9,"69":9,"70":9,"71":21,"72":9,"73":9,"74":9,"75":9,"76":0,"77":87,"78":87,"79":85,"80":2,"81":8,"82":8,"83":8,"84":8,"85":8,"86":8,"87":8,"88":8,"89":8,"90":8,"91":8,"92":8,"93":8,"94":8,"95":8,"96":8,"97":8,"98":8,"99":6,"100":0,"101":8,"102":9,"103":9,"104":9,"105":0,"106":0,"107":9,"108":1,"109":1,"110":4,"111":1,"112":1,"113":1,"114":4,"115":3,"116":1,"117":4,"118":4,"119":4,"120":3,"121":2,"122":2,"123":2,"124":2,"125":2,"126":2,"127":2,"128":2,"129":2,"130":2,"131":10,"132":10,"133":10,"134":10,"135":10,"136":2,"137":2,"138":2,"139":2,"140":2,"141":2,"142":1,"143":1,"144":1,"145":1,"146":1,"147":1,"148":1,"149":1},"b":{"1":[1,0],"2":[9,21],"3":[9,2],"4":[9,0],"5":[9,0],"6":[9,0],"7":[9,0],"8":[9,0],"9":[9,0],"10":[8,0],"11":[8,0],"12":[8,0],"13":[8,6],"14":[1,0],"15":[1,0],"16":[1,0],"17":[0,0],"18":[0,0],"19":[0,0],"20":[8,6],"21":[9,0],"22":[9,0],"23":[9,0],"24":[85,2],"25":[8,0],"26":[8,0],"27":[8,0],"28":[8,0],"29":[8,0],"30":[8,0],"31":[0,6],"32":[9,0],"33":[9,0],"34":[0,0],"35":[3,1],"36":[3,1],"37":[4,0],"38":[3,1],"39":[2,0],"40":[2,0],"41":[2,0],"42":[2,0],"43":[2,0],"44":[2,0],"45":[10,0],"46":[10,0],"47":[10,0],"48":[2,0],"49":[1,0],"50":[1,0],"51":[1,0]},"f":{"1":15,"2":8,"3":1,"4":0,"5":9,"6":11,"7":8,"8":1,"9":0,"10":17,"11":9,"12":9,"13":87,"14":8,"15":8,"16":8,"17":8,"18":8,"19":9,"20":1,"21":4,"22":2,"23":10,"24":2,"25":2,"26":1},"fnMap":{"1":{"name":"constructor","line":43,"loc":{"start":{"line":43,"column":2},"end":{"line":43,"column":23}}},"2":{"name":"init","line":47,"loc":{"start":{"line":47,"column":2},"end":{"line":47,"column":34}}},"3":{"name":"destroy","line":52,"loc":{"start":{"line":52,"column":2},"end":{"line":52,"column":27}}},"4":{"name":"getRentableDevices","line":57,"loc":{"start":{"line":57,"column":2},"end":{"line":57,"column":69}}},"5":{"name":"deviceIsRentable","line":61,"loc":{"start":{"line":61,"column":2},"end":{"line":61,"column":71}}},"6":{"name":"createRequest","line":71,"loc":{"start":{"line":71,"column":2},"end":{"line":71,"column":80}}},"7":{"name":"removeRequest","line":84,"loc":{"start":{"line":84,"column":2},"end":{"line":84,"column":97}}},"8":{"name":"getRequestsAsLessor","line":102,"loc":{"start":{"line":102,"column":2},"end":{"line":102,"column":124}}},"9":{"name":"getRequestsAsTenant","line":127,"loc":{"start":{"line":127,"column":2},"end":{"line":127,"column":124}}},"10":{"name":"requestExists","line":152,"loc":{"start":{"line":152,"column":2},"end":{"line":152,"column":116}}},"11":{"name":"removeDeviceFromRentableList","line":161,"loc":{"start":{"line":161,"column":2},"end":{"line":161,"column":58}}},"12":{"name":"getRentableDeviceListIndex","line":172,"loc":{"start":{"line":172,"column":2},"end":{"line":172,"column":81}}},"13":{"name":"isKnownParticipant","line":185,"loc":{"start":{"line":185,"column":2},"end":{"line":185,"column":84}}},"14":{"name":"registerIdentityProvider","line":197,"loc":{"start":{"line":197,"column":2},"end":{"line":197,"column":67}}},"15":{"name":"registerPaymentProvider","line":204,"loc":{"start":{"line":204,"column":2},"end":{"line":204,"column":66}}},"16":{"name":"verify","line":208,"loc":{"start":{"line":208,"column":2},"end":{"line":208,"column":160}}},"17":{"name":"createRenting","line":221,"loc":{"start":{"line":221,"column":2},"end":{"line":221,"column":132}}},"18":{"name":"agreementExists","line":245,"loc":{"start":{"line":245,"column":2},"end":{"line":245,"column":84}}},"19":{"name":"agreementExists","line":254,"loc":{"start":{"line":254,"column":2},"end":{"line":254,"column":87}}},"20":{"name":"getIDs","line":265,"loc":{"start":{"line":265,"column":2},"end":{"line":265,"column":68}}},"21":{"name":"getByID","line":283,"loc":{"start":{"line":283,"column":2},"end":{"line":283,"column":137}}},"22":{"name":"accept","line":290,"loc":{"start":{"line":290,"column":2},"end":{"line":290,"column":67}}},"23":{"name":"splitSignature","line":303,"loc":{"start":{"line":303,"column":2},"end":{"line":303,"column":98}}},"24":{"name":"recoverSigner","line":321,"loc":{"start":{"line":321,"column":2},"end":{"line":321,"column":93}}},"25":{"name":"getRentalAgreementHash","line":346,"loc":{"start":{"line":346,"column":2},"end":{"line":346,"column":73}}},"26":{"name":"terminate","line":373,"loc":{"start":{"line":373,"column":2},"end":{"line":373,"column":46}}}},"statementMap":{"1":{"start":{"line":44,"column":4},"end":{"line":44,"column":21}},"2":{"start":{"line":48,"column":4},"end":{"line":48,"column":59}},"3":{"start":{"line":49,"column":4},"end":{"line":49,"column":45}},"4":{"start":{"line":53,"column":4},"end":{"line":53,"column":69}},"5":{"start":{"line":54,"column":4},"end":{"line":54,"column":22}},"6":{"start":{"line":58,"column":4},"end":{"line":58,"column":26}},"7":{"start":{"line":62,"column":4},"end":{"line":62,"column":22}},"8":{"start":{"line":63,"column":4},"end":{"line":63,"column":1514}},"9":{"start":{"line":64,"column":6},"end":{"line":64,"column":1574}},"10":{"start":{"line":65,"column":8},"end":{"line":65,"column":19}},"11":{"start":{"line":68,"column":4},"end":{"line":68,"column":16}},"12":{"start":{"line":72,"column":4},"end":{"line":72,"column":45}},"13":{"start":{"line":73,"column":4},"end":{"line":73,"column":42}},"14":{"start":{"line":74,"column":4},"end":{"line":74,"column":42}},"15":{"start":{"line":75,"column":4},"end":{"line":75,"column":37}},"16":{"start":{"line":76,"column":4},"end":{"line":76,"column":59}},"17":{"start":{"line":77,"column":4},"end":{"line":77,"column":55}},"18":{"start":{"line":78,"column":4},"end":{"line":78,"column":49}},"19":{"start":{"line":79,"column":4},"end":{"line":79,"column":63}},"20":{"start":{"line":80,"column":4},"end":{"line":80,"column":68}},"21":{"start":{"line":81,"column":4},"end":{"line":81,"column":68}},"22":{"start":{"line":85,"column":4},"end":{"line":85,"column":45}},"23":{"start":{"line":86,"column":4},"end":{"line":86,"column":33}},"24":{"start":{"line":87,"column":4},"end":{"line":87,"column":59}},"25":{"start":{"line":88,"column":4},"end":{"line":88,"column":18}},"26":{"start":{"line":89,"column":4},"end":{"line":89,"column":2607}},"27":{"start":{"line":90,"column":6},"end":{"line":90,"column":2660}},"28":{"start":{"line":91,"column":8},"end":{"line":91,"column":16}},"29":{"start":{"line":94,"column":4},"end":{"line":94,"column":2838}},"30":{"start":{"line":95,"column":8},"end":{"line":95,"column":34}},"31":{"start":{"line":97,"column":4},"end":{"line":97,"column":17}},"32":{"start":{"line":103,"column":4},"end":{"line":103,"column":45}},"33":{"start":{"line":104,"column":4},"end":{"line":104,"column":18}},"34":{"start":{"line":105,"column":4},"end":{"line":105,"column":3231}},"35":{"start":{"line":106,"column":6},"end":{"line":106,"column":3284}},"36":{"start":{"line":110,"column":4},"end":{"line":110,"column":51}},"37":{"start":{"line":111,"column":4},"end":{"line":111,"column":51}},"38":{"start":{"line":112,"column":4},"end":{"line":112,"column":51}},"39":{"start":{"line":113,"column":4},"end":{"line":113,"column":49}},"40":{"start":{"line":114,"column":4},"end":{"line":114,"column":18}},"41":{"start":{"line":115,"column":4},"end":{"line":115,"column":3595}},"42":{"start":{"line":116,"column":6},"end":{"line":116,"column":3648}},"43":{"start":{"line":117,"column":8},"end":{"line":117,"column":42}},"44":{"start":{"line":118,"column":8},"end":{"line":118,"column":42}},"45":{"start":{"line":119,"column":8},"end":{"line":119,"column":42}},"46":{"start":{"line":120,"column":8},"end":{"line":120,"column":46}},"47":{"start":{"line":124,"column":4},"end":{"line":124,"column":45}},"48":{"start":{"line":128,"column":4},"end":{"line":128,"column":45}},"49":{"start":{"line":129,"column":4},"end":{"line":129,"column":18}},"50":{"start":{"line":130,"column":4},"end":{"line":130,"column":4165}},"51":{"start":{"line":131,"column":6},"end":{"line":131,"column":4218}},"52":{"start":{"line":135,"column":4},"end":{"line":135,"column":51}},"53":{"start":{"line":136,"column":4},"end":{"line":136,"column":51}},"54":{"start":{"line":137,"column":4},"end":{"line":137,"column":51}},"55":{"start":{"line":138,"column":4},"end":{"line":138,"column":49}},"56":{"start":{"line":139,"column":4},"end":{"line":139,"column":18}},"57":{"start":{"line":140,"column":4},"end":{"line":140,"column":4529}},"58":{"start":{"line":141,"column":6},"end":{"line":141,"column":4582}},"59":{"start":{"line":142,"column":8},"end":{"line":142,"column":42}},"60":{"start":{"line":143,"column":8},"end":{"line":143,"column":42}},"61":{"start":{"line":144,"column":8},"end":{"line":144,"column":42}},"62":{"start":{"line":145,"column":8},"end":{"line":145,"column":46}},"63":{"start":{"line":149,"column":4},"end":{"line":149,"column":45}},"64":{"start":{"line":153,"column":4},"end":{"line":153,"column":5021}},"65":{"start":{"line":154,"column":6},"end":{"line":154,"column":5074}},"66":{"start":{"line":155,"column":8},"end":{"line":155,"column":19}},"67":{"start":{"line":158,"column":4},"end":{"line":158,"column":16}},"68":{"start":{"line":162,"column":4},"end":{"line":162,"column":42}},"69":{"start":{"line":163,"column":4},"end":{"line":163,"column":22}},"70":{"start":{"line":164,"column":4},"end":{"line":164,"column":5415}},"71":{"start":{"line":165,"column":8},"end":{"line":165,"column":48}},"72":{"start":{"line":167,"column":4},"end":{"line":167,"column":24}},"73":{"start":{"line":173,"column":4},"end":{"line":173,"column":5744}},"74":{"start":{"line":174,"column":6},"end":{"line":174,"column":5804}},"75":{"start":{"line":175,"column":8},"end":{"line":175,"column":16}},"76":{"start":{"line":178,"column":4},"end":{"line":178,"column":11}},"77":{"start":{"line":186,"column":6},"end":{"line":186,"column":61}},"78":{"start":{"line":187,"column":6},"end":{"line":187,"column":6296}},"79":{"start":{"line":188,"column":8},"end":{"line":188,"column":19}},"80":{"start":{"line":190,"column":8},"end":{"line":190,"column":20}},"81":{"start":{"line":198,"column":4},"end":{"line":198,"column":22}},"82":{"start":{"line":205,"column":4},"end":{"line":205,"column":31}},"83":{"start":{"line":209,"column":4},"end":{"line":209,"column":58}},"84":{"start":{"line":210,"column":4},"end":{"line":210,"column":86}},"85":{"start":{"line":211,"column":4},"end":{"line":211,"column":60}},"86":{"start":{"line":212,"column":4},"end":{"line":212,"column":87}},"87":{"start":{"line":222,"column":4},"end":{"line":222,"column":104}},"88":{"start":{"line":224,"column":4},"end":{"line":224,"column":45}},"89":{"start":{"line":225,"column":4},"end":{"line":225,"column":42}},"90":{"start":{"line":226,"column":4},"end":{"line":226,"column":42}},"91":{"start":{"line":228,"column":4},"end":{"line":228,"column":31}},"92":{"start":{"line":230,"column":4},"end":{"line":230,"column":46}},"93":{"start":{"line":236,"column":4},"end":{"line":236,"column":61}},"94":{"start":{"line":238,"column":4},"end":{"line":238,"column":88}},"95":{"start":{"line":239,"column":4},"end":{"line":239,"column":75}},"96":{"start":{"line":240,"column":4},"end":{"line":240,"column":108}},"97":{"start":{"line":242,"column":4},"end":{"line":242,"column":193}},"98":{"start":{"line":246,"column":4},"end":{"line":246,"column":9127}},"99":{"start":{"line":247,"column":6},"end":{"line":247,"column":9182}},"100":{"start":{"line":248,"column":8},"end":{"line":248,"column":19}},"101":{"start":{"line":251,"column":4},"end":{"line":251,"column":16}},"102":{"start":{"line":255,"column":4},"end":{"line":255,"column":42}},"103":{"start":{"line":256,"column":4},"end":{"line":256,"column":42}},"104":{"start":{"line":257,"column":4},"end":{"line":257,"column":9510}},"105":{"start":{"line":258,"column":6},"end":{"line":258,"column":9565}},"106":{"start":{"line":259,"column":8},"end":{"line":259,"column":19}},"107":{"start":{"line":262,"column":4},"end":{"line":262,"column":16}},"108":{"start":{"line":266,"column":4},"end":{"line":266,"column":18}},"109":{"start":{"line":267,"column":4},"end":{"line":267,"column":9862}},"110":{"start":{"line":268,"column":6},"end":{"line":268,"column":9917}},"111":{"start":{"line":272,"column":4},"end":{"line":272,"column":56}},"112":{"start":{"line":273,"column":4},"end":{"line":273,"column":18}},"113":{"start":{"line":274,"column":4},"end":{"line":274,"column":10167}},"114":{"start":{"line":275,"column":6},"end":{"line":275,"column":10222}},"115":{"start":{"line":276,"column":8},"end":{"line":276,"column":36}},"116":{"start":{"line":280,"column":4},"end":{"line":280,"column":29}},"117":{"start":{"line":284,"column":4},"end":{"line":284,"column":35}},"118":{"start":{"line":285,"column":4},"end":{"line":285,"column":54}},"119":{"start":{"line":286,"column":4},"end":{"line":286,"column":76}},"120":{"start":{"line":287,"column":4},"end":{"line":287,"column":241}},"121":{"start":{"line":291,"column":4},"end":{"line":291,"column":35}},"122":{"start":{"line":292,"column":4},"end":{"line":292,"column":46}},"123":{"start":{"line":293,"column":4},"end":{"line":293,"column":59}},"124":{"start":{"line":294,"column":4},"end":{"line":294,"column":48}},"125":{"start":{"line":295,"column":4},"end":{"line":295,"column":80}},"126":{"start":{"line":296,"column":4},"end":{"line":296,"column":25}},"127":{"start":{"line":297,"column":4},"end":{"line":297,"column":47}},"128":{"start":{"line":298,"column":4},"end":{"line":298,"column":44}},"129":{"start":{"line":299,"column":4},"end":{"line":299,"column":75}},"130":{"start":{"line":300,"column":4},"end":{"line":300,"column":42}},"131":{"start":{"line":304,"column":4},"end":{"line":304,"column":29}},"132":{"start":{"line":313,"column":4},"end":{"line":313,"column":12107}},"133":{"start":{"line":314,"column":6},"end":{"line":314,"column":12}},"134":{"start":{"line":317,"column":4},"end":{"line":317,"column":31}},"135":{"start":{"line":318,"column":4},"end":{"line":318,"column":20}},"136":{"start":{"line":322,"column":4},"end":{"line":322,"column":58}},"137":{"start":{"line":323,"column":4},"end":{"line":323,"column":39}},"138":{"start":{"line":347,"column":4},"end":{"line":347,"column":35}},"139":{"start":{"line":348,"column":4},"end":{"line":348,"column":177}},"140":{"start":{"line":349,"column":4},"end":{"line":349,"column":60}},"141":{"start":{"line":350,"column":4},"end":{"line":350,"column":55}},"142":{"start":{"line":374,"column":4},"end":{"line":374,"column":44}},"143":{"start":{"line":375,"column":4},"end":{"line":375,"column":69}},"144":{"start":{"line":376,"column":4},"end":{"line":376,"column":58}},"145":{"start":{"line":377,"column":4},"end":{"line":377,"column":88}},"146":{"start":{"line":378,"column":4},"end":{"line":378,"column":61}},"147":{"start":{"line":380,"column":4},"end":{"line":380,"column":75}},"148":{"start":{"line":381,"column":4},"end":{"line":381,"column":71}},"149":{"start":{"line":383,"column":4},"end":{"line":383,"column":47}}},"branchMap":{"1":{"line":53,"type":"if","locations":[{"start":{"line":53,"column":4},"end":{"line":53,"column":4}},{"start":{"line":53,"column":4},"end":{"line":53,"column":4}}]},"2":{"line":64,"type":"if","locations":[{"start":{"line":64,"column":6},"end":{"line":64,"column":6}},{"start":{"line":64,"column":6},"end":{"line":64,"column":6}}]},"3":{"line":72,"type":"if","locations":[{"start":{"line":72,"column":4},"end":{"line":72,"column":4}},{"start":{"line":72,"column":4},"end":{"line":72,"column":4}}]},"4":{"line":73,"type":"if","locations":[{"start":{"line":73,"column":4},"end":{"line":73,"column":4}},{"start":{"line":73,"column":4},"end":{"line":73,"column":4}}]},"5":{"line":74,"type":"if","locations":[{"start":{"line":74,"column":4},"end":{"line":74,"column":4}},{"start":{"line":74,"column":4},"end":{"line":74,"column":4}}]},"6":{"line":75,"type":"if","locations":[{"start":{"line":75,"column":4},"end":{"line":75,"column":4}},{"start":{"line":75,"column":4},"end":{"line":75,"column":4}}]},"7":{"line":77,"type":"if","locations":[{"start":{"line":77,"column":4},"end":{"line":77,"column":4}},{"start":{"line":77,"column":4},"end":{"line":77,"column":4}}]},"8":{"line":78,"type":"if","locations":[{"start":{"line":78,"column":4},"end":{"line":78,"column":4}},{"start":{"line":78,"column":4},"end":{"line":78,"column":4}}]},"9":{"line":79,"type":"if","locations":[{"start":{"line":79,"column":4},"end":{"line":79,"column":4}},{"start":{"line":79,"column":4},"end":{"line":79,"column":4}}]},"10":{"line":85,"type":"if","locations":[{"start":{"line":85,"column":4},"end":{"line":85,"column":4}},{"start":{"line":85,"column":4},"end":{"line":85,"column":4}}]},"11":{"line":86,"type":"if","locations":[{"start":{"line":86,"column":4},"end":{"line":86,"column":4}},{"start":{"line":86,"column":4},"end":{"line":86,"column":4}}]},"12":{"line":87,"type":"if","locations":[{"start":{"line":87,"column":4},"end":{"line":87,"column":4}},{"start":{"line":87,"column":4},"end":{"line":87,"column":4}}]},"13":{"line":90,"type":"if","locations":[{"start":{"line":90,"column":6},"end":{"line":90,"column":6}},{"start":{"line":90,"column":6},"end":{"line":90,"column":6}}]},"14":{"line":103,"type":"if","locations":[{"start":{"line":103,"column":4},"end":{"line":103,"column":4}},{"start":{"line":103,"column":4},"end":{"line":103,"column":4}}]},"15":{"line":106,"type":"if","locations":[{"start":{"line":106,"column":6},"end":{"line":106,"column":6}},{"start":{"line":106,"column":6},"end":{"line":106,"column":6}}]},"16":{"line":116,"type":"if","locations":[{"start":{"line":116,"column":6},"end":{"line":116,"column":6}},{"start":{"line":116,"column":6},"end":{"line":116,"column":6}}]},"17":{"line":128,"type":"if","locations":[{"start":{"line":128,"column":4},"end":{"line":128,"column":4}},{"start":{"line":128,"column":4},"end":{"line":128,"column":4}}]},"18":{"line":131,"type":"if","locations":[{"start":{"line":131,"column":6},"end":{"line":131,"column":6}},{"start":{"line":131,"column":6},"end":{"line":131,"column":6}}]},"19":{"line":141,"type":"if","locations":[{"start":{"line":141,"column":6},"end":{"line":141,"column":6}},{"start":{"line":141,"column":6},"end":{"line":141,"column":6}}]},"20":{"line":154,"type":"if","locations":[{"start":{"line":154,"column":6},"end":{"line":154,"column":6}},{"start":{"line":154,"column":6},"end":{"line":154,"column":6}}]},"21":{"line":162,"type":"if","locations":[{"start":{"line":162,"column":4},"end":{"line":162,"column":4}},{"start":{"line":162,"column":4},"end":{"line":162,"column":4}}]},"22":{"line":163,"type":"if","locations":[{"start":{"line":163,"column":4},"end":{"line":163,"column":4}},{"start":{"line":163,"column":4},"end":{"line":163,"column":4}}]},"23":{"line":174,"type":"if","locations":[{"start":{"line":174,"column":6},"end":{"line":174,"column":6}},{"start":{"line":174,"column":6},"end":{"line":174,"column":6}}]},"24":{"line":187,"type":"if","locations":[{"start":{"line":187,"column":6},"end":{"line":187,"column":6}},{"start":{"line":187,"column":6},"end":{"line":187,"column":6}}]},"25":{"line":222,"type":"if","locations":[{"start":{"line":222,"column":4},"end":{"line":222,"column":4}},{"start":{"line":222,"column":4},"end":{"line":222,"column":4}}]},"26":{"line":224,"type":"if","locations":[{"start":{"line":224,"column":4},"end":{"line":224,"column":4}},{"start":{"line":224,"column":4},"end":{"line":224,"column":4}}]},"27":{"line":225,"type":"if","locations":[{"start":{"line":225,"column":4},"end":{"line":225,"column":4}},{"start":{"line":225,"column":4},"end":{"line":225,"column":4}}]},"28":{"line":226,"type":"if","locations":[{"start":{"line":226,"column":4},"end":{"line":226,"column":4}},{"start":{"line":226,"column":4},"end":{"line":226,"column":4}}]},"29":{"line":228,"type":"if","locations":[{"start":{"line":228,"column":4},"end":{"line":228,"column":4}},{"start":{"line":228,"column":4},"end":{"line":228,"column":4}}]},"30":{"line":230,"type":"if","locations":[{"start":{"line":230,"column":4},"end":{"line":230,"column":4}},{"start":{"line":230,"column":4},"end":{"line":230,"column":4}}]},"31":{"line":247,"type":"if","locations":[{"start":{"line":247,"column":6},"end":{"line":247,"column":6}},{"start":{"line":247,"column":6},"end":{"line":247,"column":6}}]},"32":{"line":255,"type":"if","locations":[{"start":{"line":255,"column":4},"end":{"line":255,"column":4}},{"start":{"line":255,"column":4},"end":{"line":255,"column":4}}]},"33":{"line":256,"type":"if","locations":[{"start":{"line":256,"column":4},"end":{"line":256,"column":4}},{"start":{"line":256,"column":4},"end":{"line":256,"column":4}}]},"34":{"line":258,"type":"if","locations":[{"start":{"line":258,"column":6},"end":{"line":258,"column":6}},{"start":{"line":258,"column":6},"end":{"line":258,"column":6}}]},"35":{"line":268,"type":"if","locations":[{"start":{"line":268,"column":6},"end":{"line":268,"column":6}},{"start":{"line":268,"column":6},"end":{"line":268,"column":6}}]},"36":{"line":275,"type":"if","locations":[{"start":{"line":275,"column":6},"end":{"line":275,"column":6}},{"start":{"line":275,"column":6},"end":{"line":275,"column":6}}]},"37":{"line":284,"type":"if","locations":[{"start":{"line":284,"column":4},"end":{"line":284,"column":4}},{"start":{"line":284,"column":4},"end":{"line":284,"column":4}}]},"38":{"line":286,"type":"if","locations":[{"start":{"line":286,"column":4},"end":{"line":286,"column":4}},{"start":{"line":286,"column":4},"end":{"line":286,"column":4}}]},"39":{"line":291,"type":"if","locations":[{"start":{"line":291,"column":4},"end":{"line":291,"column":4}},{"start":{"line":291,"column":4},"end":{"line":291,"column":4}}]},"40":{"line":292,"type":"if","locations":[{"start":{"line":292,"column":4},"end":{"line":292,"column":4}},{"start":{"line":292,"column":4},"end":{"line":292,"column":4}}]},"41":{"line":293,"type":"if","locations":[{"start":{"line":293,"column":4},"end":{"line":293,"column":4}},{"start":{"line":293,"column":4},"end":{"line":293,"column":4}}]},"42":{"line":294,"type":"if","locations":[{"start":{"line":294,"column":4},"end":{"line":294,"column":4}},{"start":{"line":294,"column":4},"end":{"line":294,"column":4}}]},"43":{"line":295,"type":"if","locations":[{"start":{"line":295,"column":4},"end":{"line":295,"column":4}},{"start":{"line":295,"column":4},"end":{"line":295,"column":4}}]},"44":{"line":296,"type":"if","locations":[{"start":{"line":296,"column":4},"end":{"line":296,"column":4}},{"start":{"line":296,"column":4},"end":{"line":296,"column":4}}]},"45":{"line":304,"type":"if","locations":[{"start":{"line":304,"column":4},"end":{"line":304,"column":4}},{"start":{"line":304,"column":4},"end":{"line":304,"column":4}}]},"46":{"line":313,"type":"if","locations":[{"start":{"line":313,"column":4},"end":{"line":313,"column":4}},{"start":{"line":313,"column":4},"end":{"line":313,"column":4}}]},"47":{"line":317,"type":"if","locations":[{"start":{"line":317,"column":4},"end":{"line":317,"column":4}},{"start":{"line":317,"column":4},"end":{"line":317,"column":4}}]},"48":{"line":347,"type":"if","locations":[{"start":{"line":347,"column":4},"end":{"line":347,"column":4}},{"start":{"line":347,"column":4},"end":{"line":347,"column":4}}]},"49":{"line":374,"type":"if","locations":[{"start":{"line":374,"column":4},"end":{"line":374,"column":4}},{"start":{"line":374,"column":4},"end":{"line":374,"column":4}}]},"50":{"line":376,"type":"if","locations":[{"start":{"line":376,"column":4},"end":{"line":376,"column":4}},{"start":{"line":376,"column":4},"end":{"line":376,"column":4}}]},"51":{"line":377,"type":"if","locations":[{"start":{"line":377,"column":4},"end":{"line":377,"column":4}},{"start":{"line":377,"column":4},"end":{"line":377,"column":4}}]}}}}
