TN:
SF:C:/Users/sebastianka/Git/thesis/application/smart-contracts/contracts/IdentityProvider.sol
FN:39,constructor
FN:47,identityExists
FN:58,getIdentityRoleName
FN:78,getIdentityOwner
FN:85,getIdentityRole
FN:92,getIdentityCreationTime
FN:99,getIdentityName
FN:110,addIdentityOwnedBy
FN:124,addIdentity
FN:144,deleteIdentity
FN:156,testConnection
FN:161,getAddress
FN:167,addTestData
FN:177,getKnownManufacturers
FN:181,getKnownServiceProviders
FN:185,getKnownSuppliers
FN:189,getKnownDevices
FNF:17
FNH:17
FNDA:31,constructor
FNDA:255,identityExists
FNDA:5,getIdentityRoleName
FNDA:17,getIdentityOwner
FNDA:94,getIdentityRole
FNDA:6,getIdentityCreationTime
FNDA:6,getIdentityName
FNDA:42,addIdentityOwnedBy
FNDA:45,addIdentity
FNDA:7,deleteIdentity
FNDA:1,testConnection
FNDA:9,getAddress
FNDA:2,addTestData
FNDA:1,getKnownManufacturers
FNDA:1,getKnownServiceProviders
FNDA:1,getKnownSuppliers
FNDA:9,getKnownDevices
DA:40,31
DA:48,255
DA:49,156
DA:51,99
DA:59,5
DA:60,5
DA:61,1
DA:63,1
DA:65,1
DA:67,1
DA:69,1
DA:71,0
DA:79,17
DA:86,94
DA:93,6
DA:100,6
DA:111,42
DA:112,42
DA:113,42
DA:114,42
DA:115,42
DA:116,42
DA:125,45
DA:126,43
DA:127,41
DA:128,41
DA:129,41
DA:130,16
DA:132,2
DA:134,2
DA:136,0
DA:145,7
DA:146,6
DA:147,6
DA:149,1
DA:157,1
DA:162,9
DA:168,2
DA:169,2
DA:170,2
DA:171,2
DA:172,2
DA:173,2
DA:174,2
DA:178,1
DA:182,1
DA:186,1
DA:190,9
LF:48
LH:46
BRDA:48,1,0,156
BRDA:48,1,1,99
BRDA:60,2,0,1
BRDA:60,2,1,4
BRDA:62,3,0,1
BRDA:62,3,1,3
BRDA:64,4,0,1
BRDA:64,4,1,2
BRDA:66,5,0,1
BRDA:66,5,1,1
BRDA:68,6,0,1
BRDA:68,6,1,0
BRDA:111,7,0,42
BRDA:111,7,1,0
BRDA:112,8,0,42
BRDA:112,8,1,0
BRDA:113,9,0,42
BRDA:113,9,1,0
BRDA:125,10,0,43
BRDA:125,10,1,2
BRDA:126,11,0,41
BRDA:126,11,1,2
BRDA:129,12,0,16
BRDA:129,12,1,25
BRDA:131,13,0,2
BRDA:131,13,1,23
BRDA:133,14,0,2
BRDA:133,14,1,21
BRDA:135,15,0,0
BRDA:135,15,1,21
BRDA:145,16,0,6
BRDA:145,16,1,1
BRF:32
BRH:27
end_of_record
TN:
SF:C:/Users/sebastianka/Git/thesis/application/smart-contracts/contracts/Migrations.sol
FN:7,constructor
FN:11,restricted
FN:15,setCompleted
FN:19,upgrade
FNF:4
FNH:3
FNDA:6,constructor
FNDA:5,restricted
FNDA:5,setCompleted
FNDA:0,upgrade
DA:8,6
DA:12,5
DA:16,5
DA:20,0
DA:21,0
LF:5
LH:3
BRDA:12,1,0,5
BRDA:12,1,1,0
BRF:2
BRH:1
end_of_record
TN:
SF:C:/Users/sebastianka/Git/thesis/application/smart-contracts/contracts/Ownable.sol
FN:17,constructor
FN:25,onlyOwner
FN:35,transferOwnership
FNF:3
FNH:3
FNDA:71,constructor
FNDA:133,onlyOwner
FNDA:1,transferOwnership
DA:18,71
DA:26,133
DA:27,129
DA:36,1
DA:37,1
DA:38,1
LF:6
LH:6
BRDA:26,1,0,129
BRDA:26,1,1,4
BRDA:36,2,0,1
BRDA:36,2,1,0
BRF:4
BRH:3
end_of_record
TN:
SF:C:/Users/sebastianka/Git/thesis/application/smart-contracts/contracts/PaymentProvider.sol
FN:32,registerRentalProvider
FN:36,addPaymentAgreement
FN:47,charge
FN:52,getSender
FN:57,getReceiver
FN:62,getDevice
FN:67,getBalance
FN:72,getPaymentHistory
FN:88,empty
FN:97,redeem
FN:135,getAddress
FN:139,isValidSignature
FN:146,splitSignature
FN:170,recoverSigner
FN:181,prefixed
FNF:15
FNH:13
FNDA:8,registerRentalProvider
FNDA:13,addPaymentAgreement
FNDA:6,charge
FNDA:0,getSender
FNDA:0,getReceiver
FNDA:1,getDevice
FNDA:1,getBalance
FNDA:1,getPaymentHistory
FNDA:2,empty
FNDA:2,redeem
FNDA:8,getAddress
FNDA:2,isValidSignature
FNDA:2,splitSignature
FNDA:2,recoverSigner
FNDA:2,prefixed
DA:33,8
DA:37,13
DA:38,13
DA:39,13
DA:40,13
DA:41,13
DA:42,13
DA:43,13
DA:48,6
DA:49,6
DA:53,0
DA:54,0
DA:58,0
DA:59,0
DA:63,1
DA:64,1
DA:68,1
DA:69,1
DA:73,1
DA:74,1
DA:75,1
DA:76,1
DA:77,1
DA:78,1
DA:79,1
DA:80,1
DA:81,1
DA:82,1
DA:84,1
DA:89,2
DA:90,2
DA:91,2
DA:98,2
DA:99,2
DA:100,2
DA:101,2
DA:102,2
DA:103,2
DA:104,2
DA:105,2
DA:106,2
DA:107,2
DA:109,2
DA:111,2
DA:112,2
DA:113,2
DA:136,8
DA:140,2
DA:143,2
DA:147,2
DA:149,2
DA:150,2
DA:151,2
DA:153,2
DA:161,2
DA:162,2
DA:165,2
DA:167,2
DA:171,2
DA:172,2
DA:173,2
DA:175,2
DA:177,2
DA:182,2
LF:64
LH:60
BRDA:48,1,0,6
BRDA:48,1,1,0
BRDA:53,2,0,0
BRDA:53,2,1,0
BRDA:58,3,0,0
BRDA:58,3,1,0
BRDA:63,4,0,1
BRDA:63,4,1,0
BRDA:68,5,0,1
BRDA:68,5,1,0
BRDA:89,6,0,2
BRDA:89,6,1,0
BRDA:99,7,0,2
BRDA:99,7,1,0
BRDA:100,8,0,2
BRDA:100,8,1,0
BRDA:101,9,0,2
BRDA:101,9,1,0
BRDA:102,10,0,2
BRDA:102,10,1,0
BRDA:103,11,0,2
BRDA:103,11,1,0
BRDA:104,12,0,2
BRDA:104,12,1,0
BRDA:147,13,0,2
BRDA:147,13,1,0
BRDA:161,14,0,2
BRDA:161,14,1,0
BRDA:165,15,0,2
BRDA:165,15,1,0
BRF:30
BRH:13
end_of_record
TN:
SF:C:/Users/sebastianka/Git/thesis/application/smart-contracts/contracts/RentalProvider.sol
FN:43,constructor
FN:47,init
FN:52,destroy
FN:57,getRentableDevices
FN:61,deviceIsRentable
FN:71,createRequest
FN:84,removeRequest
FN:102,getRequestsAsLessor
FN:127,getRequestsAsTenant
FN:152,requestExists
FN:161,removeDeviceFromRentableList
FN:172,getRentableDeviceListIndex
FN:185,isKnownParticipant
FN:197,registerIdentityProvider
FN:204,registerPaymentProvider
FN:208,verify
FN:221,createRenting
FN:245,agreementExists
FN:254,agreementExists
FN:265,getIDs
FN:283,getByID
FN:290,accept
FN:303,splitSignature
FN:321,recoverSigner
FN:346,getRentalAgreementHash
FN:373,terminate
FNF:26
FNH:25
FNDA:15,constructor
FNDA:8,init
FNDA:1,destroy
FNDA:0,getRentableDevices
FNDA:9,deviceIsRentable
FNDA:11,createRequest
FNDA:8,removeRequest
FNDA:1,getRequestsAsLessor
FNDA:1,getRequestsAsTenant
FNDA:17,requestExists
FNDA:9,removeDeviceFromRentableList
FNDA:9,getRentableDeviceListIndex
FNDA:88,isKnownParticipant
FNDA:8,registerIdentityProvider
FNDA:8,registerPaymentProvider
FNDA:8,verify
FNDA:8,createRenting
FNDA:8,agreementExists
FNDA:9,agreementExists
FNDA:1,getIDs
FNDA:4,getByID
FNDA:2,accept
FNDA:10,splitSignature
FNDA:2,recoverSigner
FNDA:2,getRentalAgreementHash
FNDA:1,terminate
DA:44,15
DA:48,8
DA:49,8
DA:53,1
DA:54,1
DA:58,0
DA:62,9
DA:63,9
DA:64,30
DA:65,9
DA:68,9
DA:72,11
DA:73,9
DA:74,9
DA:75,9
DA:76,9
DA:77,9
DA:78,9
DA:79,9
DA:80,9
DA:81,9
DA:85,8
DA:86,8
DA:87,8
DA:88,8
DA:89,8
DA:90,14
DA:91,8
DA:94,8
DA:95,6
DA:97,8
DA:103,1
DA:104,1
DA:105,1
DA:106,1
DA:107,1
DA:110,1
DA:111,1
DA:112,1
DA:113,1
DA:114,1
DA:115,1
DA:116,1
DA:117,1
DA:118,1
DA:119,1
DA:120,1
DA:121,1
DA:124,1
DA:128,1
DA:129,1
DA:130,1
DA:131,1
DA:132,1
DA:135,1
DA:136,1
DA:137,1
DA:138,1
DA:139,1
DA:140,1
DA:141,1
DA:142,1
DA:143,1
DA:144,1
DA:145,1
DA:146,1
DA:149,1
DA:153,17
DA:154,14
DA:155,8
DA:158,9
DA:162,9
DA:163,9
DA:164,9
DA:165,21
DA:167,9
DA:173,9
DA:174,9
DA:175,9
DA:178,0
DA:186,88
DA:187,88
DA:188,86
DA:190,2
DA:198,8
DA:205,8
DA:209,8
DA:210,8
DA:211,8
DA:212,8
DA:222,8
DA:224,8
DA:225,8
DA:226,8
DA:228,8
DA:230,8
DA:236,8
DA:238,8
DA:239,8
DA:240,8
DA:242,8
DA:246,8
DA:247,6
DA:248,0
DA:251,8
DA:255,9
DA:256,9
DA:257,9
DA:258,0
DA:259,0
DA:262,9
DA:266,1
DA:267,1
DA:268,4
DA:269,3
DA:272,1
DA:273,1
DA:274,1
DA:275,4
DA:276,3
DA:277,3
DA:280,1
DA:284,4
DA:285,4
DA:286,4
DA:287,3
DA:291,2
DA:292,2
DA:293,2
DA:294,2
DA:295,2
DA:296,2
DA:297,2
DA:298,2
DA:299,2
DA:300,2
DA:304,10
DA:305,10
DA:313,10
DA:314,10
DA:317,10
DA:318,10
DA:322,2
DA:323,2
DA:347,2
DA:348,2
DA:349,2
DA:350,2
DA:374,1
DA:375,1
DA:376,1
DA:377,1
DA:378,1
DA:380,1
DA:381,1
DA:383,1
LF:156
LH:151
BRDA:53,1,0,1
BRDA:53,1,1,0
BRDA:64,2,0,9
BRDA:64,2,1,21
BRDA:72,3,0,9
BRDA:72,3,1,2
BRDA:73,4,0,9
BRDA:73,4,1,0
BRDA:74,5,0,9
BRDA:74,5,1,0
BRDA:75,6,0,9
BRDA:75,6,1,0
BRDA:77,7,0,9
BRDA:77,7,1,0
BRDA:78,8,0,9
BRDA:78,8,1,0
BRDA:79,9,0,9
BRDA:79,9,1,0
BRDA:85,10,0,8
BRDA:85,10,1,0
BRDA:86,11,0,8
BRDA:86,11,1,0
BRDA:87,12,0,8
BRDA:87,12,1,0
BRDA:90,13,0,8
BRDA:90,13,1,6
BRDA:103,14,0,1
BRDA:103,14,1,0
BRDA:106,15,0,1
BRDA:106,15,1,0
BRDA:116,16,0,1
BRDA:116,16,1,0
BRDA:128,17,0,1
BRDA:128,17,1,0
BRDA:131,18,0,1
BRDA:131,18,1,0
BRDA:141,19,0,1
BRDA:141,19,1,0
BRDA:154,20,0,8
BRDA:154,20,1,6
BRDA:162,21,0,9
BRDA:162,21,1,0
BRDA:163,22,0,9
BRDA:163,22,1,0
BRDA:174,23,0,9
BRDA:174,23,1,0
BRDA:187,24,0,86
BRDA:187,24,1,2
BRDA:222,25,0,8
BRDA:222,25,1,0
BRDA:224,26,0,8
BRDA:224,26,1,0
BRDA:225,27,0,8
BRDA:225,27,1,0
BRDA:226,28,0,8
BRDA:226,28,1,0
BRDA:228,29,0,8
BRDA:228,29,1,0
BRDA:230,30,0,8
BRDA:230,30,1,0
BRDA:247,31,0,0
BRDA:247,31,1,6
BRDA:255,32,0,9
BRDA:255,32,1,0
BRDA:256,33,0,9
BRDA:256,33,1,0
BRDA:258,34,0,0
BRDA:258,34,1,0
BRDA:268,35,0,3
BRDA:268,35,1,1
BRDA:275,36,0,3
BRDA:275,36,1,1
BRDA:284,37,0,4
BRDA:284,37,1,0
BRDA:286,38,0,3
BRDA:286,38,1,1
BRDA:291,39,0,2
BRDA:291,39,1,0
BRDA:292,40,0,2
BRDA:292,40,1,0
BRDA:293,41,0,2
BRDA:293,41,1,0
BRDA:294,42,0,2
BRDA:294,42,1,0
BRDA:295,43,0,2
BRDA:295,43,1,0
BRDA:296,44,0,2
BRDA:296,44,1,0
BRDA:304,45,0,10
BRDA:304,45,1,0
BRDA:313,46,0,10
BRDA:313,46,1,0
BRDA:317,47,0,10
BRDA:317,47,1,0
BRDA:347,48,0,2
BRDA:347,48,1,0
BRDA:374,49,0,1
BRDA:374,49,1,0
BRDA:376,50,0,1
BRDA:376,50,1,0
BRDA:377,51,0,1
BRDA:377,51,1,0
BRF:102
BRH:58
end_of_record
