TN:
SF:C:/Users/sebastianka/Git/thesis/application/smart-contracts/contracts/BytesToTypes.sol
FN:12,bytesToAddress
FN:19,bytesToBool
FN:28,getStringSize
FN:43,bytesToString
FN:64,bytesToBytes32
FN:72,bytesToInt8
FN:79,bytesToInt16
FN:86,bytesToInt24
FN:93,bytesToInt32
FN:100,bytesToInt40
FN:107,bytesToInt48
FN:114,bytesToInt56
FN:121,bytesToInt64
FN:128,bytesToInt72
FN:135,bytesToInt80
FN:142,bytesToInt88
FN:149,bytesToInt96
FN:156,bytesToInt104
FN:163,bytesToInt112
FN:170,bytesToInt120
FN:177,bytesToInt128
FN:184,bytesToInt136
FN:191,bytesToInt144
FN:198,bytesToInt152
FN:205,bytesToInt160
FN:212,bytesToInt168
FN:219,bytesToInt176
FN:226,bytesToInt184
FN:233,bytesToInt192
FN:240,bytesToInt200
FN:247,bytesToInt208
FN:254,bytesToInt216
FN:261,bytesToInt224
FN:268,bytesToInt232
FN:275,bytesToInt240
FN:282,bytesToInt248
FN:289,bytesToInt256
FN:296,bytesToUint8
FN:303,bytesToUint16
FN:310,bytesToUint24
FN:317,bytesToUint32
FN:324,bytesToUint40
FN:331,bytesToUint48
FN:338,bytesToUint56
FN:345,bytesToUint64
FN:352,bytesToUint72
FN:359,bytesToUint80
FN:366,bytesToUint88
FN:373,bytesToUint96
FN:380,bytesToUint104
FN:387,bytesToUint112
FN:394,bytesToUint120
FN:401,bytesToUint128
FN:408,bytesToUint136
FN:415,bytesToUint144
FN:422,bytesToUint152
FN:429,bytesToUint160
FN:436,bytesToUint168
FN:443,bytesToUint176
FN:450,bytesToUint184
FN:457,bytesToUint192
FN:464,bytesToUint200
FN:471,bytesToUint208
FN:478,bytesToUint216
FN:485,bytesToUint224
FN:492,bytesToUint232
FN:499,bytesToUint240
FN:506,bytesToUint248
FN:513,bytesToUint256
FNF:69
FNH:0
FNDA:0,bytesToAddress
FNDA:0,bytesToBool
FNDA:0,getStringSize
FNDA:0,bytesToString
FNDA:0,bytesToBytes32
FNDA:0,bytesToInt8
FNDA:0,bytesToInt16
FNDA:0,bytesToInt24
FNDA:0,bytesToInt32
FNDA:0,bytesToInt40
FNDA:0,bytesToInt48
FNDA:0,bytesToInt56
FNDA:0,bytesToInt64
FNDA:0,bytesToInt72
FNDA:0,bytesToInt80
FNDA:0,bytesToInt88
FNDA:0,bytesToInt96
FNDA:0,bytesToInt104
FNDA:0,bytesToInt112
FNDA:0,bytesToInt120
FNDA:0,bytesToInt128
FNDA:0,bytesToInt136
FNDA:0,bytesToInt144
FNDA:0,bytesToInt152
FNDA:0,bytesToInt160
FNDA:0,bytesToInt168
FNDA:0,bytesToInt176
FNDA:0,bytesToInt184
FNDA:0,bytesToInt192
FNDA:0,bytesToInt200
FNDA:0,bytesToInt208
FNDA:0,bytesToInt216
FNDA:0,bytesToInt224
FNDA:0,bytesToInt232
FNDA:0,bytesToInt240
FNDA:0,bytesToInt248
FNDA:0,bytesToInt256
FNDA:0,bytesToUint8
FNDA:0,bytesToUint16
FNDA:0,bytesToUint24
FNDA:0,bytesToUint32
FNDA:0,bytesToUint40
FNDA:0,bytesToUint48
FNDA:0,bytesToUint56
FNDA:0,bytesToUint64
FNDA:0,bytesToUint72
FNDA:0,bytesToUint80
FNDA:0,bytesToUint88
FNDA:0,bytesToUint96
FNDA:0,bytesToUint104
FNDA:0,bytesToUint112
FNDA:0,bytesToUint120
FNDA:0,bytesToUint128
FNDA:0,bytesToUint136
FNDA:0,bytesToUint144
FNDA:0,bytesToUint152
FNDA:0,bytesToUint160
FNDA:0,bytesToUint168
FNDA:0,bytesToUint176
FNDA:0,bytesToUint184
FNDA:0,bytesToUint192
FNDA:0,bytesToUint200
FNDA:0,bytesToUint208
FNDA:0,bytesToUint216
FNDA:0,bytesToUint224
FNDA:0,bytesToUint232
FNDA:0,bytesToUint240
FNDA:0,bytesToUint248
FNDA:0,bytesToUint256
DA:14,0
DA:21,0
DA:22,0
DA:25,0
DA:30,0
DA:45,0
DA:46,0
DA:66,0
DA:74,0
DA:81,0
DA:88,0
DA:95,0
DA:102,0
DA:109,0
DA:116,0
DA:123,0
DA:130,0
DA:137,0
DA:144,0
DA:151,0
DA:158,0
DA:165,0
DA:172,0
DA:179,0
DA:186,0
DA:193,0
DA:200,0
DA:207,0
DA:214,0
DA:221,0
DA:228,0
DA:235,0
DA:242,0
DA:249,0
DA:256,0
DA:263,0
DA:270,0
DA:277,0
DA:284,0
DA:291,0
DA:298,0
DA:305,0
DA:312,0
DA:319,0
DA:326,0
DA:333,0
DA:340,0
DA:347,0
DA:354,0
DA:361,0
DA:368,0
DA:375,0
DA:382,0
DA:389,0
DA:396,0
DA:403,0
DA:410,0
DA:417,0
DA:424,0
DA:431,0
DA:438,0
DA:445,0
DA:452,0
DA:459,0
DA:466,0
DA:473,0
DA:480,0
DA:487,0
DA:494,0
DA:501,0
DA:508,0
DA:515,0
LF:72
LH:0
BRF:0
BRH:0
end_of_record
TN:
SF:C:/Users/sebastianka/Git/thesis/application/smart-contracts/contracts/DateLib.sol
FN:25,_getYear
FN:49,_getMonth
FN:53,_getDay
FN:57,_getHour
FN:61,_getMinute
FN:65,_getSecond
FN:70,getWeekday
FN:74,isLeapYear
FN:87,leapYearsBefore
FN:92,getDaysInMonth
FN:107,fromTimestamp
FN:111,fromUnixTimestamp
FN:156,toTimestamp
FN:161,toUnixTimestamp
FNF:14
FNH:0
FNDA:0,_getYear
FNDA:0,_getMonth
FNDA:0,_getDay
FNDA:0,_getHour
FNDA:0,_getMinute
FNDA:0,_getSecond
FNDA:0,getWeekday
FNDA:0,isLeapYear
FNDA:0,leapYearsBefore
FNDA:0,getDaysInMonth
FNDA:0,fromTimestamp
FNDA:0,fromUnixTimestamp
FNDA:0,toTimestamp
FNDA:0,toUnixTimestamp
DA:26,0
DA:27,0
DA:28,0
DA:31,0
DA:32,0
DA:34,0
DA:35,0
DA:37,0
DA:38,0
DA:39,0
DA:42,0
DA:44,0
DA:46,0
DA:50,0
DA:54,0
DA:58,0
DA:62,0
DA:66,0
DA:71,0
DA:75,0
DA:76,0
DA:78,0
DA:79,0
DA:81,0
DA:82,0
DA:84,0
DA:88,0
DA:89,0
DA:93,0
DA:94,0
DA:97,0
DA:100,0
DA:103,0
DA:108,0
DA:112,0
DA:113,0
DA:114,0
DA:117,0
DA:118,0
DA:120,0
DA:121,0
DA:124,0
DA:125,0
DA:126,0
DA:127,0
DA:128,0
DA:129,0
DA:131,0
DA:135,0
DA:136,0
DA:137,0
DA:138,0
DA:140,0
DA:144,0
DA:147,0
DA:150,0
DA:153,0
DA:157,0
DA:158,0
DA:162,0
DA:165,0
DA:166,0
DA:167,0
DA:170,0
DA:175,0
DA:176,0
DA:177,0
DA:178,0
DA:181,0
DA:183,0
DA:184,0
DA:185,0
DA:186,0
DA:187,0
DA:188,0
DA:189,0
DA:190,0
DA:191,0
DA:192,0
DA:194,0
DA:195,0
DA:199,0
DA:202,0
DA:205,0
DA:208,0
DA:210,0
LF:86
LH:0
BRDA:38,1,0,0
BRDA:38,1,1,0
BRDA:75,2,0,0
BRDA:75,2,1,0
BRDA:78,3,0,0
BRDA:78,3,1,0
BRDA:81,4,0,0
BRDA:81,4,1,0
BRDA:93,5,0,0
BRDA:93,5,1,0
BRDA:96,6,0,0
BRDA:96,6,1,0
BRDA:99,7,0,0
BRDA:99,7,1,0
BRDA:127,8,0,0
BRDA:127,8,1,0
BRDA:136,9,0,0
BRDA:136,9,1,0
BRDA:166,10,0,0
BRDA:166,10,1,0
BRDA:177,11,0,0
BRDA:177,11,1,0
BRF:22
BRH:0
end_of_record
TN:
SF:C:/Users/sebastianka/Git/thesis/application/smart-contracts/contracts/IdentityOracle.sol
FN:37,identityExists
FN:48,getIdentityRoleName
FN:68,getIdentityOwner
FN:75,getIdentityRole
FN:82,getIdentityCreationTime
FN:89,getIdentityName
FN:100,addIdentityOwnedBy
FN:110,addIdentity
FN:119,deleteIdentity
FN:136,testConnection
FN:141,getAddress
FN:147,addTestData
FNF:12
FNH:11
FNDA:109,identityExists
FNDA:0,getIdentityRoleName
FNDA:2,getIdentityOwner
FNDA:49,getIdentityRole
FNDA:1,getIdentityCreationTime
FNDA:1,getIdentityName
FNDA:1,addIdentityOwnedBy
FNDA:45,addIdentity
FNDA:1,deleteIdentity
FNDA:1,testConnection
FNDA:9,getAddress
FNDA:1,addTestData
DA:38,109
DA:39,58
DA:41,51
DA:49,0
DA:50,0
DA:51,0
DA:53,0
DA:55,0
DA:57,0
DA:59,0
DA:61,0
DA:69,2
DA:76,49
DA:83,1
DA:90,1
DA:101,1
DA:102,1
DA:111,45
DA:112,43
DA:120,1
DA:121,1
DA:122,1
DA:123,0
DA:125,1
DA:129,0
DA:137,1
DA:142,9
DA:148,1
DA:149,1
DA:150,1
DA:151,1
LF:31
LH:21
BRDA:38,1,0,58
BRDA:38,1,1,51
BRDA:50,2,0,0
BRDA:50,2,1,0
BRDA:52,3,0,0
BRDA:52,3,1,0
BRDA:54,4,0,0
BRDA:54,4,1,0
BRDA:56,5,0,0
BRDA:56,5,1,0
BRDA:58,6,0,0
BRDA:58,6,1,0
BRDA:101,7,0,1
BRDA:101,7,1,0
BRDA:111,8,0,43
BRDA:111,8,1,2
BRDA:120,9,0,1
BRDA:120,9,1,0
BRDA:122,10,0,0
BRDA:122,10,1,1
BRF:20
BRH:7
end_of_record
TN:
SF:C:/Users/sebastianka/Git/thesis/application/smart-contracts/contracts/Migrations.sol
FN:7,constructor
FN:11,restricted
FN:15,setCompleted
FN:19,upgrade
FNF:4
FNH:3
FNDA:4,constructor
FNDA:3,restricted
FNDA:3,setCompleted
FNDA:0,upgrade
DA:8,4
DA:12,3
DA:16,3
DA:20,0
DA:21,0
LF:5
LH:3
BRDA:12,1,0,3
BRDA:12,1,1,0
BRF:2
BRH:1
end_of_record
TN:
SF:C:/Users/sebastianka/Git/thesis/application/smart-contracts/contracts/Ownable.sol
FN:17,constructor
FN:25,onlyOwner
FN:35,transferOwnership
FNF:3
FNH:2
FNDA:39,constructor
FNDA:61,onlyOwner
FNDA:0,transferOwnership
DA:18,39
DA:26,61
DA:27,57
DA:36,0
DA:37,0
DA:38,0
LF:6
LH:3
BRDA:26,1,0,57
BRDA:26,1,1,4
BRDA:36,2,0,0
BRDA:36,2,1,0
BRF:4
BRH:2
end_of_record
TN:
SF:C:/Users/sebastianka/Git/thesis/application/smart-contracts/contracts/PaymentChannel.sol
FN:10,SimplePaymentChannel
FN:16,isValidSignature
FN:26,close
FN:35,extend
FN:44,claimTimeout
FN:49,splitSignature
FN:73,recoverSigner
FN:84,prefixed
FNF:8
FNH:0
FNDA:0,SimplePaymentChannel
FNDA:0,isValidSignature
FNDA:0,close
FNDA:0,extend
FNDA:0,claimTimeout
FNDA:0,splitSignature
FNDA:0,recoverSigner
FNDA:0,prefixed
DA:11,0
DA:12,0
DA:13,0
DA:17,0
DA:20,0
DA:27,0
DA:28,0
DA:30,0
DA:31,0
DA:36,0
DA:37,0
DA:39,0
DA:45,0
DA:46,0
DA:50,0
DA:52,0
DA:53,0
DA:54,0
DA:56,0
DA:64,0
DA:65,0
DA:68,0
DA:70,0
DA:74,0
DA:75,0
DA:76,0
DA:78,0
DA:80,0
DA:85,0
LF:29
LH:0
BRDA:27,1,0,0
BRDA:27,1,1,0
BRDA:28,2,0,0
BRDA:28,2,1,0
BRDA:36,3,0,0
BRDA:36,3,1,0
BRDA:37,4,0,0
BRDA:37,4,1,0
BRDA:45,5,0,0
BRDA:45,5,1,0
BRDA:50,6,0,0
BRDA:50,6,1,0
BRDA:64,7,0,0
BRDA:64,7,1,0
BRDA:68,8,0,0
BRDA:68,8,1,0
BRF:16
BRH:0
end_of_record
TN:
SF:C:/Users/sebastianka/Git/thesis/application/smart-contracts/contracts/Renting.sol
FN:41,constructor
FN:45,destroy
FN:54,isKnownParticipant
FN:66,registerIdentityOracle
FN:76,create
FN:92,exists
FN:101,getIDs
FN:119,getByID
FN:127,accept
FN:136,splitSignature
FN:154,recoverSigner
FN:159,payForUsage
FN:173,getRentalAgreementHash
FN:180,getPaymentHash
FN:187,checkUsagePayment
FN:194,terminate
FNF:16
FNH:16
FNDA:14,constructor
FNDA:1,destroy
FNDA:51,isKnownParticipant
FNDA:9,registerIdentityOracle
FNDA:13,create
FNDA:11,exists
FNDA:1,getIDs
FNDA:5,getByID
FNDA:5,accept
FNDA:24,splitSignature
FNDA:24,recoverSigner
FNDA:10,payForUsage
FNDA:13,getRentalAgreementHash
FNDA:7,getPaymentHash
FNDA:3,checkUsagePayment
FNDA:1,terminate
DA:42,14
DA:46,1
DA:47,1
DA:55,51
DA:56,51
DA:57,48
DA:59,3
DA:67,9
DA:78,13
DA:79,13
DA:80,11
DA:82,11
DA:83,11
DA:84,11
DA:86,11
DA:88,11
DA:89,11
DA:93,11
DA:94,7
DA:95,0
DA:98,11
DA:102,1
DA:103,1
DA:104,4
DA:105,3
DA:108,1
DA:109,1
DA:110,1
DA:111,4
DA:112,3
DA:113,3
DA:116,1
DA:120,5
DA:121,5
DA:122,5
DA:123,4
DA:128,5
DA:129,5
DA:130,5
DA:131,5
DA:132,5
DA:133,5
DA:137,24
DA:138,24
DA:146,24
DA:147,24
DA:150,24
DA:151,24
DA:155,24
DA:156,24
DA:161,10
DA:162,8
DA:164,8
DA:165,6
DA:166,6
DA:167,4
DA:168,4
DA:169,4
DA:170,4
DA:174,13
DA:175,13
DA:176,13
DA:177,13
DA:181,7
DA:184,7
DA:188,3
DA:189,3
DA:190,3
DA:191,3
DA:195,1
DA:196,1
DA:197,1
DA:198,1
DA:199,1
LF:74
LH:73
BRDA:46,1,0,1
BRDA:46,1,1,0
BRDA:56,2,0,48
BRDA:56,2,1,3
BRDA:78,3,0,13
BRDA:78,3,1,0
BRDA:79,4,0,11
BRDA:79,4,1,2
BRDA:80,5,0,11
BRDA:80,5,1,0
BRDA:84,6,0,11
BRDA:84,6,1,0
BRDA:86,7,0,11
BRDA:86,7,1,0
BRDA:88,8,0,11
BRDA:88,8,1,0
BRDA:94,9,0,0
BRDA:94,9,1,7
BRDA:104,10,0,3
BRDA:104,10,1,1
BRDA:111,11,0,3
BRDA:111,11,1,1
BRDA:120,12,0,5
BRDA:120,12,1,0
BRDA:122,13,0,4
BRDA:122,13,1,1
BRDA:128,14,0,5
BRDA:128,14,1,0
BRDA:129,15,0,5
BRDA:129,15,1,0
BRDA:130,16,0,5
BRDA:130,16,1,0
BRDA:131,17,0,5
BRDA:131,17,1,0
BRDA:137,18,0,24
BRDA:137,18,1,0
BRDA:146,19,0,24
BRDA:146,19,1,0
BRDA:150,20,0,24
BRDA:150,20,1,0
BRDA:161,21,0,8
BRDA:161,21,1,2
BRDA:164,22,0,6
BRDA:164,22,1,2
BRDA:165,23,0,6
BRDA:165,23,1,0
BRDA:166,24,0,4
BRDA:166,24,1,2
BRDA:167,25,0,4
BRDA:167,25,1,0
BRDA:174,26,0,13
BRDA:174,26,1,0
BRDA:188,27,0,3
BRDA:188,27,1,0
BRDA:190,28,0,3
BRDA:190,28,1,0
BRDA:195,29,0,1
BRDA:195,29,1,0
BRDA:197,30,0,1
BRDA:197,30,1,0
BRDA:198,31,0,1
BRDA:198,31,1,0
BRF:62
BRH:39
end_of_record
TN:
SF:C:/Users/sebastianka/Git/thesis/application/smart-contracts/contracts/Seriality.sol
FN:15,constructor
FNF:1
FNH:0
FNDA:0,constructor
LF:0
LH:0
BRF:0
BRH:0
end_of_record
TN:
SF:C:/Users/sebastianka/Git/thesis/application/smart-contracts/contracts/SizeOf.sol
FN:11,sizeOfString
FN:20,sizeOfInt
FN:61,sizeOfUint
FN:65,sizeOfAddress
FN:69,sizeOfBool
FN:73,sizeOfSignature
FNF:6
FNH:0
FNDA:0,sizeOfString
FNDA:0,sizeOfInt
FNDA:0,sizeOfUint
FNDA:0,sizeOfAddress
FNDA:0,sizeOfBool
FNDA:0,sizeOfSignature
DA:12,0
DA:13,0
DA:14,0
DA:16,0
DA:17,0
DA:22,0
DA:62,0
DA:66,0
DA:70,0
DA:74,0
LF:10
LH:0
BRDA:13,1,0,0
BRDA:13,1,1,0
BRF:2
BRH:0
end_of_record
TN:
SF:C:/Users/sebastianka/Git/thesis/application/smart-contracts/contracts/TypesToBytes.sol
FN:12,constructor
FN:15,addressToBytes
FN:22,bytes32ToBytes
FN:30,boolToBytes
FN:37,stringToBytes
FN:50,intToBytes
FN:57,uintToBytes
FNF:7
FNH:0
FNDA:0,constructor
FNDA:0,addressToBytes
FNDA:0,bytes32ToBytes
FNDA:0,boolToBytes
FNDA:0,stringToBytes
FNDA:0,intToBytes
FNDA:0,uintToBytes
DA:17,0
DA:24,0
DA:31,0
DA:32,0
DA:38,0
DA:39,0
DA:41,0
DA:52,0
DA:59,0
LF:9
LH:0
BRDA:39,1,0,0
BRDA:39,1,1,0
BRF:2
BRH:0
end_of_record
