{
"contracts\\IdentityProvider.sol":{"l":{"40":0,"48":0,"49":0,"51":0,"59":0,"60":0,"61":0,"63":0,"65":0,"67":0,"69":0,"71":0,"79":0,"86":0,"93":0,"100":0,"111":0,"112":0,"113":0,"114":0,"115":0,"116":0,"125":0,"126":0,"127":0,"128":0,"129":0,"130":0,"132":0,"134":0,"136":0,"145":0,"146":0,"147":0,"148":0,"150":0,"154":0,"162":0,"167":0,"173":0,"174":0,"175":0,"176":0,"177":0,"178":0,"179":0,"183":0,"187":0,"191":0,"195":0},"path":"C:/Users/sebastianka/Git/thesis/application/smart-contracts/contracts/IdentityProvider.sol","s":{"1":0,"2":0,"3":0,"4":0,"5":0,"6":0,"7":0,"8":0,"9":0,"10":0,"11":0,"12":0,"13":0,"14":0,"15":0,"16":0,"17":0,"18":0,"19":0,"20":0,"21":0,"22":0,"23":0,"24":0,"25":0,"26":0,"27":0,"28":0,"29":0,"30":0,"31":0,"32":0,"33":0,"34":0,"35":0,"36":0,"37":0,"38":0,"39":0,"40":0,"41":0,"42":0,"43":0,"44":0,"45":0,"46":0,"47":0,"48":0,"49":0,"50":0,"51":0,"52":0,"53":0,"54":0,"55":0,"56":0,"57":0},"b":{"1":[0,0],"2":[0,0],"3":[0,0],"4":[0,0],"5":[0,0],"6":[0,0],"7":[0,0],"8":[0,0],"9":[0,0],"10":[0,0],"11":[0,0],"12":[0,0],"13":[0,0],"14":[0,0],"15":[0,0],"16":[0,0],"17":[0,0]},"f":{"1":0,"2":0,"3":0,"4":0,"5":0,"6":0,"7":0,"8":0,"9":0,"10":0,"11":0,"12":0,"13":0,"14":0,"15":0,"16":0,"17":0},"fnMap":{"1":{"name":"constructor","line":39,"loc":{"start":{"line":39,"column":4},"end":{"line":39,"column":23}}},"2":{"name":"identityExists","line":47,"loc":{"start":{"line":47,"column":2},"end":{"line":47,"column":71}}},"3":{"name":"getIdentityRoleName","line":58,"loc":{"start":{"line":58,"column":2},"end":{"line":58,"column":85}}},"4":{"name":"getIdentityOwner","line":78,"loc":{"start":{"line":78,"column":2},"end":{"line":78,"column":76}}},"5":{"name":"getIdentityRole","line":85,"loc":{"start":{"line":85,"column":2},"end":{"line":85,"column":72}}},"6":{"name":"getIdentityCreationTime","line":92,"loc":{"start":{"line":92,"column":2},"end":{"line":92,"column":83}}},"7":{"name":"getIdentityName","line":99,"loc":{"start":{"line":99,"column":2},"end":{"line":99,"column":81}}},"8":{"name":"addIdentityOwnedBy","line":110,"loc":{"start":{"line":110,"column":2},"end":{"line":110,"column":116}}},"9":{"name":"addIdentity","line":124,"loc":{"start":{"line":124,"column":2},"end":{"line":124,"column":93}}},"10":{"name":"deleteIdentity","line":144,"loc":{"start":{"line":144,"column":2},"end":{"line":144,"column":76}}},"11":{"name":"testConnection","line":161,"loc":{"start":{"line":161,"column":2},"end":{"line":161,"column":54}}},"12":{"name":"getAddress","line":166,"loc":{"start":{"line":166,"column":2},"end":{"line":166,"column":53}}},"13":{"name":"addTestData","line":172,"loc":{"start":{"line":172,"column":2},"end":{"line":172,"column":41}}},"14":{"name":"getKnownManufacturers","line":182,"loc":{"start":{"line":182,"column":2},"end":{"line":182,"column":71}}},"15":{"name":"getKnownServiceProviders","line":186,"loc":{"start":{"line":186,"column":2},"end":{"line":186,"column":74}}},"16":{"name":"getKnownSuppliers","line":190,"loc":{"start":{"line":190,"column":2},"end":{"line":190,"column":67}}},"17":{"name":"getKnownDevices","line":194,"loc":{"start":{"line":194,"column":2},"end":{"line":194,"column":65}}}},"statementMap":{"1":{"start":{"line":40,"column":6},"end":{"line":40,"column":23}},"2":{"start":{"line":48,"column":4},"end":{"line":48,"column":1330}},"3":{"start":{"line":49,"column":6},"end":{"line":49,"column":17}},"4":{"start":{"line":51,"column":6},"end":{"line":51,"column":18}},"5":{"start":{"line":59,"column":4},"end":{"line":59,"column":42}},"6":{"start":{"line":60,"column":4},"end":{"line":60,"column":1788}},"7":{"start":{"line":61,"column":6},"end":{"line":61,"column":27}},"8":{"start":{"line":62,"column":11},"end":{"line":62,"column":1862}},"9":{"start":{"line":63,"column":6},"end":{"line":63,"column":23}},"10":{"start":{"line":64,"column":11},"end":{"line":64,"column":1928}},"11":{"start":{"line":65,"column":6},"end":{"line":65,"column":30}},"12":{"start":{"line":66,"column":11},"end":{"line":66,"column":2008}},"13":{"start":{"line":67,"column":6},"end":{"line":67,"column":23}},"14":{"start":{"line":68,"column":11},"end":{"line":68,"column":2074}},"15":{"start":{"line":69,"column":6},"end":{"line":69,"column":21}},"16":{"start":{"line":71,"column":6},"end":{"line":71,"column":19}},"17":{"start":{"line":79,"column":4},"end":{"line":79,"column":40}},"18":{"start":{"line":86,"column":4},"end":{"line":86,"column":43}},"19":{"start":{"line":93,"column":4},"end":{"line":93,"column":37}},"20":{"start":{"line":100,"column":4},"end":{"line":100,"column":37}},"21":{"start":{"line":111,"column":4},"end":{"line":111,"column":38}},"22":{"start":{"line":112,"column":4},"end":{"line":112,"column":34}},"23":{"start":{"line":113,"column":4},"end":{"line":113,"column":24}},"24":{"start":{"line":114,"column":4},"end":{"line":114,"column":83}},"25":{"start":{"line":115,"column":4},"end":{"line":115,"column":38}},"26":{"start":{"line":116,"column":4},"end":{"line":116,"column":31}},"27":{"start":{"line":125,"column":4},"end":{"line":125,"column":38}},"28":{"start":{"line":126,"column":4},"end":{"line":126,"column":39}},"29":{"start":{"line":127,"column":4},"end":{"line":127,"column":86}},"30":{"start":{"line":128,"column":4},"end":{"line":128,"column":38}},"31":{"start":{"line":129,"column":4},"end":{"line":129,"column":4782}},"32":{"start":{"line":130,"column":6},"end":{"line":130,"column":39}},"33":{"start":{"line":131,"column":11},"end":{"line":131,"column":4878}},"34":{"start":{"line":132,"column":6},"end":{"line":132,"column":42}},"35":{"start":{"line":133,"column":11},"end":{"line":133,"column":4980}},"36":{"start":{"line":134,"column":6},"end":{"line":134,"column":35}},"37":{"start":{"line":135,"column":11},"end":{"line":135,"column":5068}},"38":{"start":{"line":136,"column":6},"end":{"line":136,"column":38}},"39":{"start":{"line":145,"column":4},"end":{"line":145,"column":5454}},"40":{"start":{"line":146,"column":6},"end":{"line":146,"column":76}},"41":{"start":{"line":147,"column":6},"end":{"line":147,"column":5575}},"42":{"start":{"line":148,"column":8},"end":{"line":148,"column":20}},"43":{"start":{"line":150,"column":6},"end":{"line":150,"column":17}},"44":{"start":{"line":154,"column":6},"end":{"line":154,"column":18}},"45":{"start":{"line":162,"column":4},"end":{"line":162,"column":15}},"46":{"start":{"line":167,"column":4},"end":{"line":167,"column":24}},"47":{"start":{"line":173,"column":4},"end":{"line":173,"column":108}},"48":{"start":{"line":174,"column":4},"end":{"line":174,"column":101}},"49":{"start":{"line":175,"column":4},"end":{"line":175,"column":101}},"50":{"start":{"line":176,"column":4},"end":{"line":176,"column":157}},"51":{"start":{"line":177,"column":4},"end":{"line":177,"column":157}},"52":{"start":{"line":178,"column":4},"end":{"line":178,"column":157}},"53":{"start":{"line":179,"column":4},"end":{"line":179,"column":157}},"54":{"start":{"line":183,"column":4},"end":{"line":183,"column":29}},"55":{"start":{"line":187,"column":4},"end":{"line":187,"column":32}},"56":{"start":{"line":191,"column":4},"end":{"line":191,"column":25}},"57":{"start":{"line":195,"column":4},"end":{"line":195,"column":23}}},"branchMap":{"1":{"line":48,"type":"if","locations":[{"start":{"line":48,"column":4},"end":{"line":48,"column":4}},{"start":{"line":48,"column":4},"end":{"line":48,"column":4}}]},"2":{"line":60,"type":"if","locations":[{"start":{"line":60,"column":4},"end":{"line":60,"column":4}},{"start":{"line":60,"column":4},"end":{"line":60,"column":4}}]},"3":{"line":62,"type":"if","locations":[{"start":{"line":62,"column":11},"end":{"line":62,"column":11}},{"start":{"line":62,"column":11},"end":{"line":62,"column":11}}]},"4":{"line":64,"type":"if","locations":[{"start":{"line":64,"column":11},"end":{"line":64,"column":11}},{"start":{"line":64,"column":11},"end":{"line":64,"column":11}}]},"5":{"line":66,"type":"if","locations":[{"start":{"line":66,"column":11},"end":{"line":66,"column":11}},{"start":{"line":66,"column":11},"end":{"line":66,"column":11}}]},"6":{"line":68,"type":"if","locations":[{"start":{"line":68,"column":11},"end":{"line":68,"column":11}},{"start":{"line":68,"column":11},"end":{"line":68,"column":11}}]},"7":{"line":111,"type":"if","locations":[{"start":{"line":111,"column":4},"end":{"line":111,"column":4}},{"start":{"line":111,"column":4},"end":{"line":111,"column":4}}]},"8":{"line":112,"type":"if","locations":[{"start":{"line":112,"column":4},"end":{"line":112,"column":4}},{"start":{"line":112,"column":4},"end":{"line":112,"column":4}}]},"9":{"line":113,"type":"if","locations":[{"start":{"line":113,"column":4},"end":{"line":113,"column":4}},{"start":{"line":113,"column":4},"end":{"line":113,"column":4}}]},"10":{"line":125,"type":"if","locations":[{"start":{"line":125,"column":4},"end":{"line":125,"column":4}},{"start":{"line":125,"column":4},"end":{"line":125,"column":4}}]},"11":{"line":126,"type":"if","locations":[{"start":{"line":126,"column":4},"end":{"line":126,"column":4}},{"start":{"line":126,"column":4},"end":{"line":126,"column":4}}]},"12":{"line":129,"type":"if","locations":[{"start":{"line":129,"column":4},"end":{"line":129,"column":4}},{"start":{"line":129,"column":4},"end":{"line":129,"column":4}}]},"13":{"line":131,"type":"if","locations":[{"start":{"line":131,"column":11},"end":{"line":131,"column":11}},{"start":{"line":131,"column":11},"end":{"line":131,"column":11}}]},"14":{"line":133,"type":"if","locations":[{"start":{"line":133,"column":11},"end":{"line":133,"column":11}},{"start":{"line":133,"column":11},"end":{"line":133,"column":11}}]},"15":{"line":135,"type":"if","locations":[{"start":{"line":135,"column":11},"end":{"line":135,"column":11}},{"start":{"line":135,"column":11},"end":{"line":135,"column":11}}]},"16":{"line":145,"type":"if","locations":[{"start":{"line":145,"column":4},"end":{"line":145,"column":4}},{"start":{"line":145,"column":4},"end":{"line":145,"column":4}}]},"17":{"line":147,"type":"if","locations":[{"start":{"line":147,"column":6},"end":{"line":147,"column":6}},{"start":{"line":147,"column":6},"end":{"line":147,"column":6}}]}}},
"contracts\\Migrations.sol":{"l":{"8":2,"12":1,"16":1,"20":0,"21":0},"path":"C:/Users/sebastianka/Git/thesis/application/smart-contracts/contracts/Migrations.sol","s":{"1":2,"2":1,"3":1,"4":0,"5":0},"b":{"1":[1,0]},"f":{"1":2,"2":1,"3":1,"4":0},"fnMap":{"1":{"name":"constructor","line":7,"loc":{"start":{"line":7,"column":2},"end":{"line":7,"column":22}}},"2":{"name":"restricted","line":11,"loc":{"start":{"line":11,"column":2},"end":{"line":11,"column":23}}},"3":{"name":"setCompleted","line":15,"loc":{"start":{"line":15,"column":2},"end":{"line":15,"column":57}}},"4":{"name":"upgrade","line":19,"loc":{"start":{"line":19,"column":2},"end":{"line":19,"column":57}}}},"statementMap":{"1":{"start":{"line":8,"column":4},"end":{"line":8,"column":21}},"2":{"start":{"line":12,"column":4},"end":{"line":12,"column":30}},"3":{"start":{"line":16,"column":4},"end":{"line":16,"column":39}},"4":{"start":{"line":20,"column":4},"end":{"line":20,"column":49}},"5":{"start":{"line":21,"column":4},"end":{"line":21,"column":50}}},"branchMap":{"1":{"line":12,"type":"if","locations":[{"start":{"line":12,"column":4},"end":{"line":12,"column":4}},{"start":{"line":12,"column":4},"end":{"line":12,"column":4}}]}}},
"contracts\\Ownable.sol":{"l":{"18":0,"26":0,"27":0,"36":0,"37":0,"38":0},"path":"C:/Users/sebastianka/Git/thesis/application/smart-contracts/contracts/Ownable.sol","s":{"1":0,"2":0,"3":0,"4":0,"5":0},"b":{"1":[0,0],"2":[0,0]},"f":{"1":0,"2":0,"3":0},"fnMap":{"1":{"name":"constructor","line":17,"loc":{"start":{"line":17,"column":4},"end":{"line":17,"column":22}}},"2":{"name":"onlyOwner","line":25,"loc":{"start":{"line":25,"column":4},"end":{"line":25,"column":22}}},"3":{"name":"transferOwnership","line":35,"loc":{"start":{"line":35,"column":4},"end":{"line":35,"column":71}}}},"statementMap":{"1":{"start":{"line":18,"column":8},"end":{"line":18,"column":25}},"2":{"start":{"line":26,"column":8},"end":{"line":26,"column":35}},"3":{"start":{"line":36,"column":8},"end":{"line":36,"column":38}},"4":{"start":{"line":37,"column":8},"end":{"line":37,"column":50}},"5":{"start":{"line":38,"column":8},"end":{"line":38,"column":23}}},"branchMap":{"1":{"line":26,"type":"if","locations":[{"start":{"line":26,"column":8},"end":{"line":26,"column":8}},{"start":{"line":26,"column":8},"end":{"line":26,"column":8}}]},"2":{"line":36,"type":"if","locations":[{"start":{"line":36,"column":8},"end":{"line":36,"column":8}},{"start":{"line":36,"column":8},"end":{"line":36,"column":8}}]}}},
"contracts\\PaymentProvider.sol":{"l":{"33":0,"37":0,"38":0,"39":0,"40":0,"41":0,"42":0,"43":0,"48":0,"49":0,"53":0,"54":0,"58":0,"59":0,"63":0,"64":0,"68":0,"69":0,"73":0,"74":0,"75":0,"76":0,"77":0,"78":0,"79":0,"80":0,"81":0,"82":0,"84":0,"89":0,"90":0,"91":0,"98":0,"99":0,"100":0,"101":0,"102":0,"103":0,"104":0,"105":0,"106":0,"107":0,"109":0,"110":0,"111":0,"134":0,"138":0,"141":0,"145":0,"147":0,"148":0,"149":0,"151":0,"159":0,"160":0,"163":0,"165":0,"169":0,"170":0,"171":0,"173":0,"175":0,"180":0},"path":"C:/Users/sebastianka/Git/thesis/application/smart-contracts/contracts/PaymentProvider.sol","s":{"1":0,"2":0,"3":0,"4":0,"5":0,"6":0,"7":0,"8":0,"9":0,"10":0,"11":0,"12":0,"13":0,"14":0,"15":0,"16":0,"17":0,"18":0,"19":0,"20":0,"21":0,"22":0,"23":0,"24":0,"25":0,"26":0,"27":0,"28":0,"29":0,"30":0,"31":0,"32":0,"33":0,"34":0,"35":0,"36":0,"37":0,"38":0,"39":0,"40":0,"41":0,"42":0,"43":0,"44":0,"45":0,"46":0,"47":0,"48":0,"49":0,"50":0,"51":0,"52":0,"53":0,"54":0,"55":0,"56":0,"57":0,"58":0,"59":0,"60":0,"61":0},"b":{"1":[0,0],"2":[0,0],"3":[0,0],"4":[0,0],"5":[0,0],"6":[0,0],"7":[0,0],"8":[0,0],"9":[0,0],"10":[0,0],"11":[0,0],"12":[0,0],"13":[0,0],"14":[0,0],"15":[0,0]},"f":{"1":0,"2":0,"3":0,"4":0,"5":0,"6":0,"7":0,"8":0,"9":0,"10":0,"11":0,"12":0,"13":0,"14":0,"15":0},"fnMap":{"1":{"name":"registerRentalProvider","line":32,"loc":{"start":{"line":32,"column":2},"end":{"line":32,"column":65}}},"2":{"name":"addPaymentAgreement","line":36,"loc":{"start":{"line":36,"column":2},"end":{"line":36,"column":121}}},"3":{"name":"charge","line":47,"loc":{"start":{"line":47,"column":2},"end":{"line":47,"column":47}}},"4":{"name":"getSender","line":52,"loc":{"start":{"line":52,"column":2},"end":{"line":52,"column":60}}},"5":{"name":"getReceiver","line":57,"loc":{"start":{"line":57,"column":2},"end":{"line":57,"column":62}}},"6":{"name":"getDevice","line":62,"loc":{"start":{"line":62,"column":2},"end":{"line":62,"column":60}}},"7":{"name":"getBalance","line":67,"loc":{"start":{"line":67,"column":2},"end":{"line":67,"column":61}}},"8":{"name":"getPaymentHistory","line":72,"loc":{"start":{"line":72,"column":2},"end":{"line":72,"column":135}}},"9":{"name":"empty","line":88,"loc":{"start":{"line":88,"column":2},"end":{"line":88,"column":38}}},"10":{"name":"redeem","line":97,"loc":{"start":{"line":97,"column":2},"end":{"line":97,"column":160}}},"11":{"name":"getAddress","line":133,"loc":{"start":{"line":133,"column":2},"end":{"line":133,"column":53}}},"12":{"name":"isValidSignature","line":137,"loc":{"start":{"line":137,"column":2},"end":{"line":137,"column":192}}},"13":{"name":"splitSignature","line":144,"loc":{"start":{"line":144,"column":2},"end":{"line":144,"column":89}}},"14":{"name":"recoverSigner","line":168,"loc":{"start":{"line":168,"column":2},"end":{"line":168,"column":89}}},"15":{"name":"prefixed","line":179,"loc":{"start":{"line":179,"column":2},"end":{"line":179,"column":63}}}},"statementMap":{"1":{"start":{"line":33,"column":4},"end":{"line":33,"column":25}},"2":{"start":{"line":37,"column":4},"end":{"line":37,"column":31}},"3":{"start":{"line":38,"column":4},"end":{"line":38,"column":23}},"4":{"start":{"line":39,"column":4},"end":{"line":39,"column":27}},"5":{"start":{"line":40,"column":4},"end":{"line":40,"column":23}},"6":{"start":{"line":41,"column":4},"end":{"line":41,"column":18}},"7":{"start":{"line":42,"column":4},"end":{"line":42,"column":22}},"8":{"start":{"line":43,"column":4},"end":{"line":43,"column":33}},"9":{"start":{"line":48,"column":4},"end":{"line":48,"column":89}},"10":{"start":{"line":49,"column":4},"end":{"line":49,"column":82}},"11":{"start":{"line":53,"column":4},"end":{"line":53,"column":108}},"12":{"start":{"line":54,"column":4},"end":{"line":54,"column":42}},"13":{"start":{"line":58,"column":4},"end":{"line":58,"column":108}},"14":{"start":{"line":59,"column":4},"end":{"line":59,"column":44}},"15":{"start":{"line":63,"column":4},"end":{"line":63,"column":108}},"16":{"start":{"line":64,"column":4},"end":{"line":64,"column":42}},"17":{"start":{"line":68,"column":4},"end":{"line":68,"column":108}},"18":{"start":{"line":69,"column":4},"end":{"line":69,"column":43}},"19":{"start":{"line":73,"column":4},"end":{"line":73,"column":53}},"20":{"start":{"line":74,"column":4},"end":{"line":74,"column":59}},"21":{"start":{"line":75,"column":4},"end":{"line":75,"column":56}},"22":{"start":{"line":76,"column":4},"end":{"line":76,"column":49}},"23":{"start":{"line":77,"column":4},"end":{"line":77,"column":49}},"24":{"start":{"line":78,"column":4},"end":{"line":78,"column":2879}},"25":{"start":{"line":79,"column":8},"end":{"line":79,"column":78}},"26":{"start":{"line":80,"column":8},"end":{"line":80,"column":73}},"27":{"start":{"line":81,"column":8},"end":{"line":81,"column":59}},"28":{"start":{"line":82,"column":8},"end":{"line":82,"column":58}},"29":{"start":{"line":84,"column":4},"end":{"line":84,"column":56}},"30":{"start":{"line":89,"column":4},"end":{"line":89,"column":91}},"31":{"start":{"line":90,"column":4},"end":{"line":90,"column":77}},"32":{"start":{"line":91,"column":4},"end":{"line":91,"column":39}},"33":{"start":{"line":98,"column":4},"end":{"line":98,"column":128}},"34":{"start":{"line":99,"column":4},"end":{"line":99,"column":73}},"35":{"start":{"line":100,"column":4},"end":{"line":100,"column":43}},"36":{"start":{"line":101,"column":4},"end":{"line":101,"column":54}},"37":{"start":{"line":102,"column":4},"end":{"line":102,"column":53}},"38":{"start":{"line":103,"column":4},"end":{"line":103,"column":59}},"39":{"start":{"line":104,"column":4},"end":{"line":104,"column":129}},"40":{"start":{"line":105,"column":4},"end":{"line":105,"column":54}},"41":{"start":{"line":106,"column":4},"end":{"line":106,"column":95}},"42":{"start":{"line":109,"column":4},"end":{"line":109,"column":52}},"43":{"start":{"line":110,"column":4},"end":{"line":110,"column":62}},"44":{"start":{"line":111,"column":4},"end":{"line":111,"column":78}},"45":{"start":{"line":134,"column":4},"end":{"line":134,"column":24}},"46":{"start":{"line":138,"column":4},"end":{"line":138,"column":121}},"47":{"start":{"line":141,"column":4},"end":{"line":141,"column":56}},"48":{"start":{"line":145,"column":4},"end":{"line":145,"column":28}},"49":{"start":{"line":147,"column":4},"end":{"line":147,"column":13}},"50":{"start":{"line":148,"column":4},"end":{"line":148,"column":13}},"51":{"start":{"line":149,"column":4},"end":{"line":149,"column":11}},"52":{"start":{"line":159,"column":4},"end":{"line":159,"column":6508}},"53":{"start":{"line":160,"column":6},"end":{"line":160,"column":12}},"54":{"start":{"line":163,"column":4},"end":{"line":163,"column":31}},"55":{"start":{"line":165,"column":4},"end":{"line":165,"column":20}},"56":{"start":{"line":169,"column":4},"end":{"line":169,"column":11}},"57":{"start":{"line":170,"column":4},"end":{"line":170,"column":13}},"58":{"start":{"line":171,"column":4},"end":{"line":171,"column":13}},"59":{"start":{"line":173,"column":4},"end":{"line":173,"column":34}},"60":{"start":{"line":175,"column":4},"end":{"line":175,"column":38}},"61":{"start":{"line":180,"column":4},"end":{"line":180,"column":80}}},"branchMap":{"1":{"line":48,"type":"if","locations":[{"start":{"line":48,"column":4},"end":{"line":48,"column":4}},{"start":{"line":48,"column":4},"end":{"line":48,"column":4}}]},"2":{"line":53,"type":"if","locations":[{"start":{"line":53,"column":4},"end":{"line":53,"column":4}},{"start":{"line":53,"column":4},"end":{"line":53,"column":4}}]},"3":{"line":58,"type":"if","locations":[{"start":{"line":58,"column":4},"end":{"line":58,"column":4}},{"start":{"line":58,"column":4},"end":{"line":58,"column":4}}]},"4":{"line":63,"type":"if","locations":[{"start":{"line":63,"column":4},"end":{"line":63,"column":4}},{"start":{"line":63,"column":4},"end":{"line":63,"column":4}}]},"5":{"line":68,"type":"if","locations":[{"start":{"line":68,"column":4},"end":{"line":68,"column":4}},{"start":{"line":68,"column":4},"end":{"line":68,"column":4}}]},"6":{"line":89,"type":"if","locations":[{"start":{"line":89,"column":4},"end":{"line":89,"column":4}},{"start":{"line":89,"column":4},"end":{"line":89,"column":4}}]},"7":{"line":99,"type":"if","locations":[{"start":{"line":99,"column":4},"end":{"line":99,"column":4}},{"start":{"line":99,"column":4},"end":{"line":99,"column":4}}]},"8":{"line":100,"type":"if","locations":[{"start":{"line":100,"column":4},"end":{"line":100,"column":4}},{"start":{"line":100,"column":4},"end":{"line":100,"column":4}}]},"9":{"line":101,"type":"if","locations":[{"start":{"line":101,"column":4},"end":{"line":101,"column":4}},{"start":{"line":101,"column":4},"end":{"line":101,"column":4}}]},"10":{"line":102,"type":"if","locations":[{"start":{"line":102,"column":4},"end":{"line":102,"column":4}},{"start":{"line":102,"column":4},"end":{"line":102,"column":4}}]},"11":{"line":103,"type":"if","locations":[{"start":{"line":103,"column":4},"end":{"line":103,"column":4}},{"start":{"line":103,"column":4},"end":{"line":103,"column":4}}]},"12":{"line":104,"type":"if","locations":[{"start":{"line":104,"column":4},"end":{"line":104,"column":4}},{"start":{"line":104,"column":4},"end":{"line":104,"column":4}}]},"13":{"line":145,"type":"if","locations":[{"start":{"line":145,"column":4},"end":{"line":145,"column":4}},{"start":{"line":145,"column":4},"end":{"line":145,"column":4}}]},"14":{"line":159,"type":"if","locations":[{"start":{"line":159,"column":4},"end":{"line":159,"column":4}},{"start":{"line":159,"column":4},"end":{"line":159,"column":4}}]},"15":{"line":163,"type":"if","locations":[{"start":{"line":163,"column":4},"end":{"line":163,"column":4}},{"start":{"line":163,"column":4},"end":{"line":163,"column":4}}]}}},
"contracts\\RentalProvider.sol":{"l":{"44":0,"48":0,"49":0,"53":0,"54":0,"58":0,"62":0,"63":0,"64":0,"65":0,"68":0,"72":0,"73":0,"74":0,"75":0,"76":0,"77":0,"78":0,"79":0,"80":0,"81":0,"85":0,"86":0,"87":0,"88":0,"89":0,"90":0,"91":0,"94":0,"95":0,"97":0,"103":0,"104":0,"105":0,"106":0,"107":0,"110":0,"111":0,"112":0,"113":0,"114":0,"115":0,"116":0,"117":0,"118":0,"119":0,"120":0,"121":0,"124":0,"128":0,"129":0,"130":0,"131":0,"132":0,"135":0,"136":0,"137":0,"138":0,"139":0,"140":0,"141":0,"142":0,"143":0,"144":0,"145":0,"146":0,"149":0,"153":0,"154":0,"155":0,"158":0,"162":0,"163":0,"164":0,"165":0,"167":0,"173":0,"174":0,"175":0,"178":0,"186":0,"187":0,"188":0,"190":0,"198":0,"205":0,"209":0,"210":0,"211":0,"212":0,"222":0,"224":0,"225":0,"226":0,"228":0,"230":0,"235":0,"237":0,"238":0,"239":0,"241":0,"245":0,"246":0,"247":0,"250":0,"254":0,"255":0,"256":0,"257":0,"258":0,"261":0,"265":0,"266":0,"267":0,"268":0,"271":0,"272":0,"273":0,"274":0,"275":0,"276":0,"279":0,"283":0,"284":0,"285":0,"286":0,"290":0,"291":0,"292":0,"293":0,"294":0,"295":0,"296":0,"297":0,"298":0,"299":0,"303":0,"304":0,"312":0,"313":0,"316":0,"317":0,"321":0,"322":0,"346":0,"347":0,"348":0,"349":0,"373":0,"374":0,"375":0,"376":0,"377":0,"379":0,"380":0,"382":0},"path":"C:/Users/sebastianka/Git/thesis/application/smart-contracts/contracts/RentalProvider.sol","s":{"1":0,"2":0,"3":0,"4":0,"5":0,"6":0,"7":0,"8":0,"9":0,"10":0,"11":0,"12":0,"13":0,"14":0,"15":0,"16":0,"17":0,"18":0,"19":0,"20":0,"21":0,"22":0,"23":0,"24":0,"25":0,"26":0,"27":0,"28":0,"29":0,"30":0,"31":0,"32":0,"33":0,"34":0,"35":0,"36":0,"37":0,"38":0,"39":0,"40":0,"41":0,"42":0,"43":0,"44":0,"45":0,"46":0,"47":0,"48":0,"49":0,"50":0,"51":0,"52":0,"53":0,"54":0,"55":0,"56":0,"57":0,"58":0,"59":0,"60":0,"61":0,"62":0,"63":0,"64":0,"65":0,"66":0,"67":0,"68":0,"69":0,"70":0,"71":0,"72":0,"73":0,"74":0,"75":0,"76":0,"77":0,"78":0,"79":0,"80":0,"81":0,"82":0,"83":0,"84":0,"85":0,"86":0,"87":0,"88":0,"89":0,"90":0,"91":0,"92":0,"93":0,"94":0,"95":0,"96":0,"97":0,"98":0,"99":0,"100":0,"101":0,"102":0,"103":0,"104":0,"105":0,"106":0,"107":0,"108":0,"109":0,"110":0,"111":0,"112":0,"113":0,"114":0,"115":0,"116":0,"117":0,"118":0,"119":0,"120":0,"121":0,"122":0,"123":0,"124":0,"125":0,"126":0,"127":0,"128":0,"129":0,"130":0,"131":0,"132":0,"133":0,"134":0,"135":0,"136":0,"137":0,"138":0,"139":0,"140":0,"141":0,"142":0,"143":0,"144":0,"145":0,"146":0,"147":0,"148":0,"149":0},"b":{"1":[0,0],"2":[0,0],"3":[0,0],"4":[0,0],"5":[0,0],"6":[0,0],"7":[0,0],"8":[0,0],"9":[0,0],"10":[0,0],"11":[0,0],"12":[0,0],"13":[0,0],"14":[0,0],"15":[0,0],"16":[0,0],"17":[0,0],"18":[0,0],"19":[0,0],"20":[0,0],"21":[0,0],"22":[0,0],"23":[0,0],"24":[0,0],"25":[0,0],"26":[0,0],"27":[0,0],"28":[0,0],"29":[0,0],"30":[0,0],"31":[0,0],"32":[0,0],"33":[0,0],"34":[0,0],"35":[0,0],"36":[0,0],"37":[0,0],"38":[0,0],"39":[0,0],"40":[0,0],"41":[0,0],"42":[0,0],"43":[0,0],"44":[0,0],"45":[0,0],"46":[0,0],"47":[0,0],"48":[0,0],"49":[0,0],"50":[0,0],"51":[0,0]},"f":{"1":0,"2":0,"3":0,"4":0,"5":0,"6":0,"7":0,"8":0,"9":0,"10":0,"11":0,"12":0,"13":0,"14":0,"15":0,"16":0,"17":0,"18":0,"19":0,"20":0,"21":0,"22":0,"23":0,"24":0,"25":0,"26":0},"fnMap":{"1":{"name":"constructor","line":43,"loc":{"start":{"line":43,"column":2},"end":{"line":43,"column":23}}},"2":{"name":"init","line":47,"loc":{"start":{"line":47,"column":2},"end":{"line":47,"column":34}}},"3":{"name":"destroy","line":52,"loc":{"start":{"line":52,"column":2},"end":{"line":52,"column":27}}},"4":{"name":"getRentableDevices","line":57,"loc":{"start":{"line":57,"column":2},"end":{"line":57,"column":69}}},"5":{"name":"deviceIsRentable","line":61,"loc":{"start":{"line":61,"column":2},"end":{"line":61,"column":71}}},"6":{"name":"createRequest","line":71,"loc":{"start":{"line":71,"column":2},"end":{"line":71,"column":80}}},"7":{"name":"removeRequest","line":84,"loc":{"start":{"line":84,"column":2},"end":{"line":84,"column":97}}},"8":{"name":"getRequestsAsLessor","line":102,"loc":{"start":{"line":102,"column":2},"end":{"line":102,"column":124}}},"9":{"name":"getRequestsAsTenant","line":127,"loc":{"start":{"line":127,"column":2},"end":{"line":127,"column":124}}},"10":{"name":"requestExists","line":152,"loc":{"start":{"line":152,"column":2},"end":{"line":152,"column":116}}},"11":{"name":"removeDeviceFromRentableList","line":161,"loc":{"start":{"line":161,"column":2},"end":{"line":161,"column":58}}},"12":{"name":"getRentableDeviceListIndex","line":172,"loc":{"start":{"line":172,"column":2},"end":{"line":172,"column":81}}},"13":{"name":"isKnownParticipant","line":185,"loc":{"start":{"line":185,"column":2},"end":{"line":185,"column":84}}},"14":{"name":"registerIdentityProvider","line":197,"loc":{"start":{"line":197,"column":2},"end":{"line":197,"column":67}}},"15":{"name":"registerPaymentProvider","line":204,"loc":{"start":{"line":204,"column":2},"end":{"line":204,"column":66}}},"16":{"name":"verify","line":208,"loc":{"start":{"line":208,"column":2},"end":{"line":208,"column":160}}},"17":{"name":"createRenting","line":221,"loc":{"start":{"line":221,"column":2},"end":{"line":221,"column":132}}},"18":{"name":"agreementExists","line":244,"loc":{"start":{"line":244,"column":2},"end":{"line":244,"column":84}}},"19":{"name":"agreementExists","line":253,"loc":{"start":{"line":253,"column":2},"end":{"line":253,"column":87}}},"20":{"name":"getIDs","line":264,"loc":{"start":{"line":264,"column":2},"end":{"line":264,"column":68}}},"21":{"name":"getByID","line":282,"loc":{"start":{"line":282,"column":2},"end":{"line":282,"column":137}}},"22":{"name":"accept","line":289,"loc":{"start":{"line":289,"column":2},"end":{"line":289,"column":67}}},"23":{"name":"splitSignature","line":302,"loc":{"start":{"line":302,"column":2},"end":{"line":302,"column":98}}},"24":{"name":"recoverSigner","line":320,"loc":{"start":{"line":320,"column":2},"end":{"line":320,"column":93}}},"25":{"name":"getRentalAgreementHash","line":345,"loc":{"start":{"line":345,"column":2},"end":{"line":345,"column":73}}},"26":{"name":"terminate","line":372,"loc":{"start":{"line":372,"column":2},"end":{"line":372,"column":46}}}},"statementMap":{"1":{"start":{"line":44,"column":4},"end":{"line":44,"column":21}},"2":{"start":{"line":48,"column":4},"end":{"line":48,"column":59}},"3":{"start":{"line":49,"column":4},"end":{"line":49,"column":45}},"4":{"start":{"line":53,"column":4},"end":{"line":53,"column":69}},"5":{"start":{"line":54,"column":4},"end":{"line":54,"column":22}},"6":{"start":{"line":58,"column":4},"end":{"line":58,"column":26}},"7":{"start":{"line":62,"column":4},"end":{"line":62,"column":22}},"8":{"start":{"line":63,"column":4},"end":{"line":63,"column":1514}},"9":{"start":{"line":64,"column":6},"end":{"line":64,"column":1574}},"10":{"start":{"line":65,"column":8},"end":{"line":65,"column":19}},"11":{"start":{"line":68,"column":4},"end":{"line":68,"column":16}},"12":{"start":{"line":72,"column":4},"end":{"line":72,"column":45}},"13":{"start":{"line":73,"column":4},"end":{"line":73,"column":42}},"14":{"start":{"line":74,"column":4},"end":{"line":74,"column":42}},"15":{"start":{"line":75,"column":4},"end":{"line":75,"column":37}},"16":{"start":{"line":76,"column":4},"end":{"line":76,"column":59}},"17":{"start":{"line":77,"column":4},"end":{"line":77,"column":55}},"18":{"start":{"line":78,"column":4},"end":{"line":78,"column":49}},"19":{"start":{"line":79,"column":4},"end":{"line":79,"column":63}},"20":{"start":{"line":80,"column":4},"end":{"line":80,"column":68}},"21":{"start":{"line":81,"column":4},"end":{"line":81,"column":68}},"22":{"start":{"line":85,"column":4},"end":{"line":85,"column":45}},"23":{"start":{"line":86,"column":4},"end":{"line":86,"column":33}},"24":{"start":{"line":87,"column":4},"end":{"line":87,"column":59}},"25":{"start":{"line":88,"column":4},"end":{"line":88,"column":18}},"26":{"start":{"line":89,"column":4},"end":{"line":89,"column":2607}},"27":{"start":{"line":90,"column":6},"end":{"line":90,"column":2660}},"28":{"start":{"line":91,"column":8},"end":{"line":91,"column":16}},"29":{"start":{"line":94,"column":4},"end":{"line":94,"column":2838}},"30":{"start":{"line":95,"column":8},"end":{"line":95,"column":34}},"31":{"start":{"line":97,"column":4},"end":{"line":97,"column":17}},"32":{"start":{"line":103,"column":4},"end":{"line":103,"column":45}},"33":{"start":{"line":104,"column":4},"end":{"line":104,"column":18}},"34":{"start":{"line":105,"column":4},"end":{"line":105,"column":3231}},"35":{"start":{"line":106,"column":6},"end":{"line":106,"column":3284}},"36":{"start":{"line":110,"column":4},"end":{"line":110,"column":51}},"37":{"start":{"line":111,"column":4},"end":{"line":111,"column":51}},"38":{"start":{"line":112,"column":4},"end":{"line":112,"column":51}},"39":{"start":{"line":113,"column":4},"end":{"line":113,"column":49}},"40":{"start":{"line":114,"column":4},"end":{"line":114,"column":18}},"41":{"start":{"line":115,"column":4},"end":{"line":115,"column":3595}},"42":{"start":{"line":116,"column":6},"end":{"line":116,"column":3648}},"43":{"start":{"line":117,"column":8},"end":{"line":117,"column":42}},"44":{"start":{"line":118,"column":8},"end":{"line":118,"column":42}},"45":{"start":{"line":119,"column":8},"end":{"line":119,"column":42}},"46":{"start":{"line":120,"column":8},"end":{"line":120,"column":46}},"47":{"start":{"line":124,"column":4},"end":{"line":124,"column":45}},"48":{"start":{"line":128,"column":4},"end":{"line":128,"column":45}},"49":{"start":{"line":129,"column":4},"end":{"line":129,"column":18}},"50":{"start":{"line":130,"column":4},"end":{"line":130,"column":4165}},"51":{"start":{"line":131,"column":6},"end":{"line":131,"column":4218}},"52":{"start":{"line":135,"column":4},"end":{"line":135,"column":51}},"53":{"start":{"line":136,"column":4},"end":{"line":136,"column":51}},"54":{"start":{"line":137,"column":4},"end":{"line":137,"column":51}},"55":{"start":{"line":138,"column":4},"end":{"line":138,"column":49}},"56":{"start":{"line":139,"column":4},"end":{"line":139,"column":18}},"57":{"start":{"line":140,"column":4},"end":{"line":140,"column":4529}},"58":{"start":{"line":141,"column":6},"end":{"line":141,"column":4582}},"59":{"start":{"line":142,"column":8},"end":{"line":142,"column":42}},"60":{"start":{"line":143,"column":8},"end":{"line":143,"column":42}},"61":{"start":{"line":144,"column":8},"end":{"line":144,"column":42}},"62":{"start":{"line":145,"column":8},"end":{"line":145,"column":46}},"63":{"start":{"line":149,"column":4},"end":{"line":149,"column":45}},"64":{"start":{"line":153,"column":4},"end":{"line":153,"column":5021}},"65":{"start":{"line":154,"column":6},"end":{"line":154,"column":5074}},"66":{"start":{"line":155,"column":8},"end":{"line":155,"column":19}},"67":{"start":{"line":158,"column":4},"end":{"line":158,"column":16}},"68":{"start":{"line":162,"column":4},"end":{"line":162,"column":42}},"69":{"start":{"line":163,"column":4},"end":{"line":163,"column":22}},"70":{"start":{"line":164,"column":4},"end":{"line":164,"column":5415}},"71":{"start":{"line":165,"column":8},"end":{"line":165,"column":48}},"72":{"start":{"line":167,"column":4},"end":{"line":167,"column":24}},"73":{"start":{"line":173,"column":4},"end":{"line":173,"column":5744}},"74":{"start":{"line":174,"column":6},"end":{"line":174,"column":5804}},"75":{"start":{"line":175,"column":8},"end":{"line":175,"column":16}},"76":{"start":{"line":178,"column":4},"end":{"line":178,"column":11}},"77":{"start":{"line":186,"column":6},"end":{"line":186,"column":61}},"78":{"start":{"line":187,"column":6},"end":{"line":187,"column":6296}},"79":{"start":{"line":188,"column":8},"end":{"line":188,"column":19}},"80":{"start":{"line":190,"column":8},"end":{"line":190,"column":20}},"81":{"start":{"line":198,"column":4},"end":{"line":198,"column":22}},"82":{"start":{"line":205,"column":4},"end":{"line":205,"column":31}},"83":{"start":{"line":209,"column":4},"end":{"line":209,"column":58}},"84":{"start":{"line":210,"column":4},"end":{"line":210,"column":86}},"85":{"start":{"line":211,"column":4},"end":{"line":211,"column":60}},"86":{"start":{"line":212,"column":4},"end":{"line":212,"column":87}},"87":{"start":{"line":222,"column":4},"end":{"line":222,"column":104}},"88":{"start":{"line":224,"column":4},"end":{"line":224,"column":45}},"89":{"start":{"line":225,"column":4},"end":{"line":225,"column":42}},"90":{"start":{"line":226,"column":4},"end":{"line":226,"column":42}},"91":{"start":{"line":228,"column":4},"end":{"line":228,"column":31}},"92":{"start":{"line":230,"column":4},"end":{"line":230,"column":46}},"93":{"start":{"line":235,"column":4},"end":{"line":235,"column":61}},"94":{"start":{"line":237,"column":4},"end":{"line":237,"column":88}},"95":{"start":{"line":238,"column":4},"end":{"line":238,"column":75}},"96":{"start":{"line":239,"column":4},"end":{"line":239,"column":108}},"97":{"start":{"line":241,"column":4},"end":{"line":241,"column":193}},"98":{"start":{"line":245,"column":4},"end":{"line":245,"column":9125}},"99":{"start":{"line":246,"column":6},"end":{"line":246,"column":9180}},"100":{"start":{"line":247,"column":8},"end":{"line":247,"column":19}},"101":{"start":{"line":250,"column":4},"end":{"line":250,"column":16}},"102":{"start":{"line":254,"column":4},"end":{"line":254,"column":42}},"103":{"start":{"line":255,"column":4},"end":{"line":255,"column":42}},"104":{"start":{"line":256,"column":4},"end":{"line":256,"column":9508}},"105":{"start":{"line":257,"column":6},"end":{"line":257,"column":9563}},"106":{"start":{"line":258,"column":8},"end":{"line":258,"column":19}},"107":{"start":{"line":261,"column":4},"end":{"line":261,"column":16}},"108":{"start":{"line":265,"column":4},"end":{"line":265,"column":18}},"109":{"start":{"line":266,"column":4},"end":{"line":266,"column":9860}},"110":{"start":{"line":267,"column":6},"end":{"line":267,"column":9915}},"111":{"start":{"line":271,"column":4},"end":{"line":271,"column":56}},"112":{"start":{"line":272,"column":4},"end":{"line":272,"column":18}},"113":{"start":{"line":273,"column":4},"end":{"line":273,"column":10165}},"114":{"start":{"line":274,"column":6},"end":{"line":274,"column":10220}},"115":{"start":{"line":275,"column":8},"end":{"line":275,"column":36}},"116":{"start":{"line":279,"column":4},"end":{"line":279,"column":29}},"117":{"start":{"line":283,"column":4},"end":{"line":283,"column":35}},"118":{"start":{"line":284,"column":4},"end":{"line":284,"column":54}},"119":{"start":{"line":285,"column":4},"end":{"line":285,"column":76}},"120":{"start":{"line":286,"column":4},"end":{"line":286,"column":241}},"121":{"start":{"line":290,"column":4},"end":{"line":290,"column":35}},"122":{"start":{"line":291,"column":4},"end":{"line":291,"column":46}},"123":{"start":{"line":292,"column":4},"end":{"line":292,"column":59}},"124":{"start":{"line":293,"column":4},"end":{"line":293,"column":48}},"125":{"start":{"line":294,"column":4},"end":{"line":294,"column":80}},"126":{"start":{"line":295,"column":4},"end":{"line":295,"column":25}},"127":{"start":{"line":296,"column":4},"end":{"line":296,"column":47}},"128":{"start":{"line":297,"column":4},"end":{"line":297,"column":44}},"129":{"start":{"line":298,"column":4},"end":{"line":298,"column":75}},"130":{"start":{"line":299,"column":4},"end":{"line":299,"column":42}},"131":{"start":{"line":303,"column":4},"end":{"line":303,"column":29}},"132":{"start":{"line":312,"column":4},"end":{"line":312,"column":12105}},"133":{"start":{"line":313,"column":6},"end":{"line":313,"column":12}},"134":{"start":{"line":316,"column":4},"end":{"line":316,"column":31}},"135":{"start":{"line":317,"column":4},"end":{"line":317,"column":20}},"136":{"start":{"line":321,"column":4},"end":{"line":321,"column":58}},"137":{"start":{"line":322,"column":4},"end":{"line":322,"column":39}},"138":{"start":{"line":346,"column":4},"end":{"line":346,"column":35}},"139":{"start":{"line":347,"column":4},"end":{"line":347,"column":177}},"140":{"start":{"line":348,"column":4},"end":{"line":348,"column":60}},"141":{"start":{"line":349,"column":4},"end":{"line":349,"column":55}},"142":{"start":{"line":373,"column":4},"end":{"line":373,"column":44}},"143":{"start":{"line":374,"column":4},"end":{"line":374,"column":69}},"144":{"start":{"line":375,"column":4},"end":{"line":375,"column":58}},"145":{"start":{"line":376,"column":4},"end":{"line":376,"column":88}},"146":{"start":{"line":377,"column":4},"end":{"line":377,"column":61}},"147":{"start":{"line":379,"column":4},"end":{"line":379,"column":75}},"148":{"start":{"line":380,"column":4},"end":{"line":380,"column":71}},"149":{"start":{"line":382,"column":4},"end":{"line":382,"column":47}}},"branchMap":{"1":{"line":53,"type":"if","locations":[{"start":{"line":53,"column":4},"end":{"line":53,"column":4}},{"start":{"line":53,"column":4},"end":{"line":53,"column":4}}]},"2":{"line":64,"type":"if","locations":[{"start":{"line":64,"column":6},"end":{"line":64,"column":6}},{"start":{"line":64,"column":6},"end":{"line":64,"column":6}}]},"3":{"line":72,"type":"if","locations":[{"start":{"line":72,"column":4},"end":{"line":72,"column":4}},{"start":{"line":72,"column":4},"end":{"line":72,"column":4}}]},"4":{"line":73,"type":"if","locations":[{"start":{"line":73,"column":4},"end":{"line":73,"column":4}},{"start":{"line":73,"column":4},"end":{"line":73,"column":4}}]},"5":{"line":74,"type":"if","locations":[{"start":{"line":74,"column":4},"end":{"line":74,"column":4}},{"start":{"line":74,"column":4},"end":{"line":74,"column":4}}]},"6":{"line":75,"type":"if","locations":[{"start":{"line":75,"column":4},"end":{"line":75,"column":4}},{"start":{"line":75,"column":4},"end":{"line":75,"column":4}}]},"7":{"line":77,"type":"if","locations":[{"start":{"line":77,"column":4},"end":{"line":77,"column":4}},{"start":{"line":77,"column":4},"end":{"line":77,"column":4}}]},"8":{"line":78,"type":"if","locations":[{"start":{"line":78,"column":4},"end":{"line":78,"column":4}},{"start":{"line":78,"column":4},"end":{"line":78,"column":4}}]},"9":{"line":79,"type":"if","locations":[{"start":{"line":79,"column":4},"end":{"line":79,"column":4}},{"start":{"line":79,"column":4},"end":{"line":79,"column":4}}]},"10":{"line":85,"type":"if","locations":[{"start":{"line":85,"column":4},"end":{"line":85,"column":4}},{"start":{"line":85,"column":4},"end":{"line":85,"column":4}}]},"11":{"line":86,"type":"if","locations":[{"start":{"line":86,"column":4},"end":{"line":86,"column":4}},{"start":{"line":86,"column":4},"end":{"line":86,"column":4}}]},"12":{"line":87,"type":"if","locations":[{"start":{"line":87,"column":4},"end":{"line":87,"column":4}},{"start":{"line":87,"column":4},"end":{"line":87,"column":4}}]},"13":{"line":90,"type":"if","locations":[{"start":{"line":90,"column":6},"end":{"line":90,"column":6}},{"start":{"line":90,"column":6},"end":{"line":90,"column":6}}]},"14":{"line":103,"type":"if","locations":[{"start":{"line":103,"column":4},"end":{"line":103,"column":4}},{"start":{"line":103,"column":4},"end":{"line":103,"column":4}}]},"15":{"line":106,"type":"if","locations":[{"start":{"line":106,"column":6},"end":{"line":106,"column":6}},{"start":{"line":106,"column":6},"end":{"line":106,"column":6}}]},"16":{"line":116,"type":"if","locations":[{"start":{"line":116,"column":6},"end":{"line":116,"column":6}},{"start":{"line":116,"column":6},"end":{"line":116,"column":6}}]},"17":{"line":128,"type":"if","locations":[{"start":{"line":128,"column":4},"end":{"line":128,"column":4}},{"start":{"line":128,"column":4},"end":{"line":128,"column":4}}]},"18":{"line":131,"type":"if","locations":[{"start":{"line":131,"column":6},"end":{"line":131,"column":6}},{"start":{"line":131,"column":6},"end":{"line":131,"column":6}}]},"19":{"line":141,"type":"if","locations":[{"start":{"line":141,"column":6},"end":{"line":141,"column":6}},{"start":{"line":141,"column":6},"end":{"line":141,"column":6}}]},"20":{"line":154,"type":"if","locations":[{"start":{"line":154,"column":6},"end":{"line":154,"column":6}},{"start":{"line":154,"column":6},"end":{"line":154,"column":6}}]},"21":{"line":162,"type":"if","locations":[{"start":{"line":162,"column":4},"end":{"line":162,"column":4}},{"start":{"line":162,"column":4},"end":{"line":162,"column":4}}]},"22":{"line":163,"type":"if","locations":[{"start":{"line":163,"column":4},"end":{"line":163,"column":4}},{"start":{"line":163,"column":4},"end":{"line":163,"column":4}}]},"23":{"line":174,"type":"if","locations":[{"start":{"line":174,"column":6},"end":{"line":174,"column":6}},{"start":{"line":174,"column":6},"end":{"line":174,"column":6}}]},"24":{"line":187,"type":"if","locations":[{"start":{"line":187,"column":6},"end":{"line":187,"column":6}},{"start":{"line":187,"column":6},"end":{"line":187,"column":6}}]},"25":{"line":222,"type":"if","locations":[{"start":{"line":222,"column":4},"end":{"line":222,"column":4}},{"start":{"line":222,"column":4},"end":{"line":222,"column":4}}]},"26":{"line":224,"type":"if","locations":[{"start":{"line":224,"column":4},"end":{"line":224,"column":4}},{"start":{"line":224,"column":4},"end":{"line":224,"column":4}}]},"27":{"line":225,"type":"if","locations":[{"start":{"line":225,"column":4},"end":{"line":225,"column":4}},{"start":{"line":225,"column":4},"end":{"line":225,"column":4}}]},"28":{"line":226,"type":"if","locations":[{"start":{"line":226,"column":4},"end":{"line":226,"column":4}},{"start":{"line":226,"column":4},"end":{"line":226,"column":4}}]},"29":{"line":228,"type":"if","locations":[{"start":{"line":228,"column":4},"end":{"line":228,"column":4}},{"start":{"line":228,"column":4},"end":{"line":228,"column":4}}]},"30":{"line":230,"type":"if","locations":[{"start":{"line":230,"column":4},"end":{"line":230,"column":4}},{"start":{"line":230,"column":4},"end":{"line":230,"column":4}}]},"31":{"line":246,"type":"if","locations":[{"start":{"line":246,"column":6},"end":{"line":246,"column":6}},{"start":{"line":246,"column":6},"end":{"line":246,"column":6}}]},"32":{"line":254,"type":"if","locations":[{"start":{"line":254,"column":4},"end":{"line":254,"column":4}},{"start":{"line":254,"column":4},"end":{"line":254,"column":4}}]},"33":{"line":255,"type":"if","locations":[{"start":{"line":255,"column":4},"end":{"line":255,"column":4}},{"start":{"line":255,"column":4},"end":{"line":255,"column":4}}]},"34":{"line":257,"type":"if","locations":[{"start":{"line":257,"column":6},"end":{"line":257,"column":6}},{"start":{"line":257,"column":6},"end":{"line":257,"column":6}}]},"35":{"line":267,"type":"if","locations":[{"start":{"line":267,"column":6},"end":{"line":267,"column":6}},{"start":{"line":267,"column":6},"end":{"line":267,"column":6}}]},"36":{"line":274,"type":"if","locations":[{"start":{"line":274,"column":6},"end":{"line":274,"column":6}},{"start":{"line":274,"column":6},"end":{"line":274,"column":6}}]},"37":{"line":283,"type":"if","locations":[{"start":{"line":283,"column":4},"end":{"line":283,"column":4}},{"start":{"line":283,"column":4},"end":{"line":283,"column":4}}]},"38":{"line":285,"type":"if","locations":[{"start":{"line":285,"column":4},"end":{"line":285,"column":4}},{"start":{"line":285,"column":4},"end":{"line":285,"column":4}}]},"39":{"line":290,"type":"if","locations":[{"start":{"line":290,"column":4},"end":{"line":290,"column":4}},{"start":{"line":290,"column":4},"end":{"line":290,"column":4}}]},"40":{"line":291,"type":"if","locations":[{"start":{"line":291,"column":4},"end":{"line":291,"column":4}},{"start":{"line":291,"column":4},"end":{"line":291,"column":4}}]},"41":{"line":292,"type":"if","locations":[{"start":{"line":292,"column":4},"end":{"line":292,"column":4}},{"start":{"line":292,"column":4},"end":{"line":292,"column":4}}]},"42":{"line":293,"type":"if","locations":[{"start":{"line":293,"column":4},"end":{"line":293,"column":4}},{"start":{"line":293,"column":4},"end":{"line":293,"column":4}}]},"43":{"line":294,"type":"if","locations":[{"start":{"line":294,"column":4},"end":{"line":294,"column":4}},{"start":{"line":294,"column":4},"end":{"line":294,"column":4}}]},"44":{"line":295,"type":"if","locations":[{"start":{"line":295,"column":4},"end":{"line":295,"column":4}},{"start":{"line":295,"column":4},"end":{"line":295,"column":4}}]},"45":{"line":303,"type":"if","locations":[{"start":{"line":303,"column":4},"end":{"line":303,"column":4}},{"start":{"line":303,"column":4},"end":{"line":303,"column":4}}]},"46":{"line":312,"type":"if","locations":[{"start":{"line":312,"column":4},"end":{"line":312,"column":4}},{"start":{"line":312,"column":4},"end":{"line":312,"column":4}}]},"47":{"line":316,"type":"if","locations":[{"start":{"line":316,"column":4},"end":{"line":316,"column":4}},{"start":{"line":316,"column":4},"end":{"line":316,"column":4}}]},"48":{"line":346,"type":"if","locations":[{"start":{"line":346,"column":4},"end":{"line":346,"column":4}},{"start":{"line":346,"column":4},"end":{"line":346,"column":4}}]},"49":{"line":373,"type":"if","locations":[{"start":{"line":373,"column":4},"end":{"line":373,"column":4}},{"start":{"line":373,"column":4},"end":{"line":373,"column":4}}]},"50":{"line":375,"type":"if","locations":[{"start":{"line":375,"column":4},"end":{"line":375,"column":4}},{"start":{"line":375,"column":4},"end":{"line":375,"column":4}}]},"51":{"line":376,"type":"if","locations":[{"start":{"line":376,"column":4},"end":{"line":376,"column":4}},{"start":{"line":376,"column":4},"end":{"line":376,"column":4}}]}}}}
