TN:
SF:C:/Users/sebastianka/Git/thesis/application/smart-contracts/contracts/IdentityProvider.sol
FN:39,constructor
FN:47,identityExists
FN:58,getIdentityRoleName
FN:78,getIdentityOwner
FN:85,getIdentityRole
FN:92,getIdentityCreationTime
FN:99,getIdentityName
FN:110,addIdentityOwnedBy
FN:124,addIdentity
FN:144,deleteIdentity
FN:161,testConnection
FN:166,getAddress
FN:172,addTestData
FN:182,getKnownManufacturers
FN:186,getKnownServiceProviders
FN:190,getKnownSuppliers
FN:194,getKnownDevices
FNF:17
FNH:0
FNDA:0,constructor
FNDA:0,identityExists
FNDA:0,getIdentityRoleName
FNDA:0,getIdentityOwner
FNDA:0,getIdentityRole
FNDA:0,getIdentityCreationTime
FNDA:0,getIdentityName
FNDA:0,addIdentityOwnedBy
FNDA:0,addIdentity
FNDA:0,deleteIdentity
FNDA:0,testConnection
FNDA:0,getAddress
FNDA:0,addTestData
FNDA:0,getKnownManufacturers
FNDA:0,getKnownServiceProviders
FNDA:0,getKnownSuppliers
FNDA:0,getKnownDevices
DA:40,0
DA:48,0
DA:49,0
DA:51,0
DA:59,0
DA:60,0
DA:61,0
DA:63,0
DA:65,0
DA:67,0
DA:69,0
DA:71,0
DA:79,0
DA:86,0
DA:93,0
DA:100,0
DA:111,0
DA:112,0
DA:113,0
DA:114,0
DA:115,0
DA:116,0
DA:125,0
DA:126,0
DA:127,0
DA:128,0
DA:129,0
DA:130,0
DA:132,0
DA:134,0
DA:136,0
DA:145,0
DA:146,0
DA:147,0
DA:148,0
DA:150,0
DA:154,0
DA:162,0
DA:167,0
DA:173,0
DA:174,0
DA:175,0
DA:176,0
DA:177,0
DA:178,0
DA:179,0
DA:183,0
DA:187,0
DA:191,0
DA:195,0
LF:50
LH:0
BRDA:48,1,0,0
BRDA:48,1,1,0
BRDA:60,2,0,0
BRDA:60,2,1,0
BRDA:62,3,0,0
BRDA:62,3,1,0
BRDA:64,4,0,0
BRDA:64,4,1,0
BRDA:66,5,0,0
BRDA:66,5,1,0
BRDA:68,6,0,0
BRDA:68,6,1,0
BRDA:111,7,0,0
BRDA:111,7,1,0
BRDA:112,8,0,0
BRDA:112,8,1,0
BRDA:113,9,0,0
BRDA:113,9,1,0
BRDA:125,10,0,0
BRDA:125,10,1,0
BRDA:126,11,0,0
BRDA:126,11,1,0
BRDA:129,12,0,0
BRDA:129,12,1,0
BRDA:131,13,0,0
BRDA:131,13,1,0
BRDA:133,14,0,0
BRDA:133,14,1,0
BRDA:135,15,0,0
BRDA:135,15,1,0
BRDA:145,16,0,0
BRDA:145,16,1,0
BRDA:147,17,0,0
BRDA:147,17,1,0
BRF:34
BRH:0
end_of_record
TN:
SF:C:/Users/sebastianka/Git/thesis/application/smart-contracts/contracts/Migrations.sol
FN:7,constructor
FN:11,restricted
FN:15,setCompleted
FN:19,upgrade
FNF:4
FNH:3
FNDA:2,constructor
FNDA:1,restricted
FNDA:1,setCompleted
FNDA:0,upgrade
DA:8,2
DA:12,1
DA:16,1
DA:20,0
DA:21,0
LF:5
LH:3
BRDA:12,1,0,1
BRDA:12,1,1,0
BRF:2
BRH:1
end_of_record
TN:
SF:C:/Users/sebastianka/Git/thesis/application/smart-contracts/contracts/Ownable.sol
FN:17,constructor
FN:25,onlyOwner
FN:35,transferOwnership
FNF:3
FNH:0
FNDA:0,constructor
FNDA:0,onlyOwner
FNDA:0,transferOwnership
DA:18,0
DA:26,0
DA:27,0
DA:36,0
DA:37,0
DA:38,0
LF:6
LH:0
BRDA:26,1,0,0
BRDA:26,1,1,0
BRDA:36,2,0,0
BRDA:36,2,1,0
BRF:4
BRH:0
end_of_record
TN:
SF:C:/Users/sebastianka/Git/thesis/application/smart-contracts/contracts/PaymentProvider.sol
FN:32,registerRentalProvider
FN:36,addPaymentAgreement
FN:47,charge
FN:52,getSender
FN:57,getReceiver
FN:62,getDevice
FN:67,getBalance
FN:72,getPaymentHistory
FN:88,empty
FN:97,redeem
FN:133,getAddress
FN:137,isValidSignature
FN:144,splitSignature
FN:168,recoverSigner
FN:179,prefixed
FNF:15
FNH:0
FNDA:0,registerRentalProvider
FNDA:0,addPaymentAgreement
FNDA:0,charge
FNDA:0,getSender
FNDA:0,getReceiver
FNDA:0,getDevice
FNDA:0,getBalance
FNDA:0,getPaymentHistory
FNDA:0,empty
FNDA:0,redeem
FNDA:0,getAddress
FNDA:0,isValidSignature
FNDA:0,splitSignature
FNDA:0,recoverSigner
FNDA:0,prefixed
DA:33,0
DA:37,0
DA:38,0
DA:39,0
DA:40,0
DA:41,0
DA:42,0
DA:43,0
DA:48,0
DA:49,0
DA:53,0
DA:54,0
DA:58,0
DA:59,0
DA:63,0
DA:64,0
DA:68,0
DA:69,0
DA:73,0
DA:74,0
DA:75,0
DA:76,0
DA:77,0
DA:78,0
DA:79,0
DA:80,0
DA:81,0
DA:82,0
DA:84,0
DA:89,0
DA:90,0
DA:91,0
DA:98,0
DA:99,0
DA:100,0
DA:101,0
DA:102,0
DA:103,0
DA:104,0
DA:105,0
DA:106,0
DA:107,0
DA:109,0
DA:110,0
DA:111,0
DA:134,0
DA:138,0
DA:141,0
DA:145,0
DA:147,0
DA:148,0
DA:149,0
DA:151,0
DA:159,0
DA:160,0
DA:163,0
DA:165,0
DA:169,0
DA:170,0
DA:171,0
DA:173,0
DA:175,0
DA:180,0
LF:63
LH:0
BRDA:48,1,0,0
BRDA:48,1,1,0
BRDA:53,2,0,0
BRDA:53,2,1,0
BRDA:58,3,0,0
BRDA:58,3,1,0
BRDA:63,4,0,0
BRDA:63,4,1,0
BRDA:68,5,0,0
BRDA:68,5,1,0
BRDA:89,6,0,0
BRDA:89,6,1,0
BRDA:99,7,0,0
BRDA:99,7,1,0
BRDA:100,8,0,0
BRDA:100,8,1,0
BRDA:101,9,0,0
BRDA:101,9,1,0
BRDA:102,10,0,0
BRDA:102,10,1,0
BRDA:103,11,0,0
BRDA:103,11,1,0
BRDA:104,12,0,0
BRDA:104,12,1,0
BRDA:145,13,0,0
BRDA:145,13,1,0
BRDA:159,14,0,0
BRDA:159,14,1,0
BRDA:163,15,0,0
BRDA:163,15,1,0
BRF:30
BRH:0
end_of_record
TN:
SF:C:/Users/sebastianka/Git/thesis/application/smart-contracts/contracts/RentalProvider.sol
FN:43,constructor
FN:47,init
FN:52,destroy
FN:57,getRentableDevices
FN:61,deviceIsRentable
FN:71,createRequest
FN:84,removeRequest
FN:102,getRequestsAsLessor
FN:127,getRequestsAsTenant
FN:152,requestExists
FN:161,removeDeviceFromRentableList
FN:172,getRentableDeviceListIndex
FN:185,isKnownParticipant
FN:197,registerIdentityProvider
FN:204,registerPaymentProvider
FN:208,verify
FN:221,createRenting
FN:244,agreementExists
FN:253,agreementExists
FN:264,getIDs
FN:282,getByID
FN:289,accept
FN:302,splitSignature
FN:320,recoverSigner
FN:345,getRentalAgreementHash
FN:372,terminate
FNF:26
FNH:0
FNDA:0,constructor
FNDA:0,init
FNDA:0,destroy
FNDA:0,getRentableDevices
FNDA:0,deviceIsRentable
FNDA:0,createRequest
FNDA:0,removeRequest
FNDA:0,getRequestsAsLessor
FNDA:0,getRequestsAsTenant
FNDA:0,requestExists
FNDA:0,removeDeviceFromRentableList
FNDA:0,getRentableDeviceListIndex
FNDA:0,isKnownParticipant
FNDA:0,registerIdentityProvider
FNDA:0,registerPaymentProvider
FNDA:0,verify
FNDA:0,createRenting
FNDA:0,agreementExists
FNDA:0,agreementExists
FNDA:0,getIDs
FNDA:0,getByID
FNDA:0,accept
FNDA:0,splitSignature
FNDA:0,recoverSigner
FNDA:0,getRentalAgreementHash
FNDA:0,terminate
DA:44,0
DA:48,0
DA:49,0
DA:53,0
DA:54,0
DA:58,0
DA:62,0
DA:63,0
DA:64,0
DA:65,0
DA:68,0
DA:72,0
DA:73,0
DA:74,0
DA:75,0
DA:76,0
DA:77,0
DA:78,0
DA:79,0
DA:80,0
DA:81,0
DA:85,0
DA:86,0
DA:87,0
DA:88,0
DA:89,0
DA:90,0
DA:91,0
DA:94,0
DA:95,0
DA:97,0
DA:103,0
DA:104,0
DA:105,0
DA:106,0
DA:107,0
DA:110,0
DA:111,0
DA:112,0
DA:113,0
DA:114,0
DA:115,0
DA:116,0
DA:117,0
DA:118,0
DA:119,0
DA:120,0
DA:121,0
DA:124,0
DA:128,0
DA:129,0
DA:130,0
DA:131,0
DA:132,0
DA:135,0
DA:136,0
DA:137,0
DA:138,0
DA:139,0
DA:140,0
DA:141,0
DA:142,0
DA:143,0
DA:144,0
DA:145,0
DA:146,0
DA:149,0
DA:153,0
DA:154,0
DA:155,0
DA:158,0
DA:162,0
DA:163,0
DA:164,0
DA:165,0
DA:167,0
DA:173,0
DA:174,0
DA:175,0
DA:178,0
DA:186,0
DA:187,0
DA:188,0
DA:190,0
DA:198,0
DA:205,0
DA:209,0
DA:210,0
DA:211,0
DA:212,0
DA:222,0
DA:224,0
DA:225,0
DA:226,0
DA:228,0
DA:230,0
DA:235,0
DA:237,0
DA:238,0
DA:239,0
DA:241,0
DA:245,0
DA:246,0
DA:247,0
DA:250,0
DA:254,0
DA:255,0
DA:256,0
DA:257,0
DA:258,0
DA:261,0
DA:265,0
DA:266,0
DA:267,0
DA:268,0
DA:271,0
DA:272,0
DA:273,0
DA:274,0
DA:275,0
DA:276,0
DA:279,0
DA:283,0
DA:284,0
DA:285,0
DA:286,0
DA:290,0
DA:291,0
DA:292,0
DA:293,0
DA:294,0
DA:295,0
DA:296,0
DA:297,0
DA:298,0
DA:299,0
DA:303,0
DA:304,0
DA:312,0
DA:313,0
DA:316,0
DA:317,0
DA:321,0
DA:322,0
DA:346,0
DA:347,0
DA:348,0
DA:349,0
DA:373,0
DA:374,0
DA:375,0
DA:376,0
DA:377,0
DA:379,0
DA:380,0
DA:382,0
LF:156
LH:0
BRDA:53,1,0,0
BRDA:53,1,1,0
BRDA:64,2,0,0
BRDA:64,2,1,0
BRDA:72,3,0,0
BRDA:72,3,1,0
BRDA:73,4,0,0
BRDA:73,4,1,0
BRDA:74,5,0,0
BRDA:74,5,1,0
BRDA:75,6,0,0
BRDA:75,6,1,0
BRDA:77,7,0,0
BRDA:77,7,1,0
BRDA:78,8,0,0
BRDA:78,8,1,0
BRDA:79,9,0,0
BRDA:79,9,1,0
BRDA:85,10,0,0
BRDA:85,10,1,0
BRDA:86,11,0,0
BRDA:86,11,1,0
BRDA:87,12,0,0
BRDA:87,12,1,0
BRDA:90,13,0,0
BRDA:90,13,1,0
BRDA:103,14,0,0
BRDA:103,14,1,0
BRDA:106,15,0,0
BRDA:106,15,1,0
BRDA:116,16,0,0
BRDA:116,16,1,0
BRDA:128,17,0,0
BRDA:128,17,1,0
BRDA:131,18,0,0
BRDA:131,18,1,0
BRDA:141,19,0,0
BRDA:141,19,1,0
BRDA:154,20,0,0
BRDA:154,20,1,0
BRDA:162,21,0,0
BRDA:162,21,1,0
BRDA:163,22,0,0
BRDA:163,22,1,0
BRDA:174,23,0,0
BRDA:174,23,1,0
BRDA:187,24,0,0
BRDA:187,24,1,0
BRDA:222,25,0,0
BRDA:222,25,1,0
BRDA:224,26,0,0
BRDA:224,26,1,0
BRDA:225,27,0,0
BRDA:225,27,1,0
BRDA:226,28,0,0
BRDA:226,28,1,0
BRDA:228,29,0,0
BRDA:228,29,1,0
BRDA:230,30,0,0
BRDA:230,30,1,0
BRDA:246,31,0,0
BRDA:246,31,1,0
BRDA:254,32,0,0
BRDA:254,32,1,0
BRDA:255,33,0,0
BRDA:255,33,1,0
BRDA:257,34,0,0
BRDA:257,34,1,0
BRDA:267,35,0,0
BRDA:267,35,1,0
BRDA:274,36,0,0
BRDA:274,36,1,0
BRDA:283,37,0,0
BRDA:283,37,1,0
BRDA:285,38,0,0
BRDA:285,38,1,0
BRDA:290,39,0,0
BRDA:290,39,1,0
BRDA:291,40,0,0
BRDA:291,40,1,0
BRDA:292,41,0,0
BRDA:292,41,1,0
BRDA:293,42,0,0
BRDA:293,42,1,0
BRDA:294,43,0,0
BRDA:294,43,1,0
BRDA:295,44,0,0
BRDA:295,44,1,0
BRDA:303,45,0,0
BRDA:303,45,1,0
BRDA:312,46,0,0
BRDA:312,46,1,0
BRDA:316,47,0,0
BRDA:316,47,1,0
BRDA:346,48,0,0
BRDA:346,48,1,0
BRDA:373,49,0,0
BRDA:373,49,1,0
BRDA:375,50,0,0
BRDA:375,50,1,0
BRDA:376,51,0,0
BRDA:376,51,1,0
BRF:102
BRH:0
end_of_record
